CRITICAL - 2021-04-04 16:53:39 --> count(): Parameter must be an array or an object that implements Countable
#0 C:\xampp\htdocs\ADS_Page_Project\app\Views\teste.php(132): CodeIgniter\Debug\Exceptions->errorHandler(2, 'count(): Parame...', 'C:\\xampp\\htdocs...', 132, Array)
#1 C:\xampp\htdocs\ADS_Page_Project\system\View\View.php(220): include('C:\\xampp\\htdocs...')
#2 C:\xampp\htdocs\ADS_Page_Project\system\View\View.php(222): CodeIgniter\View\View->CodeIgniter\View\{closure}()
#3 C:\xampp\htdocs\ADS_Page_Project\system\Common.php(1217): CodeIgniter\View\View->render('teste', Array, true)
#4 C:\xampp\htdocs\ADS_Page_Project\app\Controllers\Home.php(7): view('teste')
#5 C:\xampp\htdocs\ADS_Page_Project\system\CodeIgniter.php(936): App\Controllers\Home->index()
#6 C:\xampp\htdocs\ADS_Page_Project\system\CodeIgniter.php(432): CodeIgniter\CodeIgniter->runController(Object(App\Controllers\Home))
#7 C:\xampp\htdocs\ADS_Page_Project\system\CodeIgniter.php(333): CodeIgniter\CodeIgniter->handleRequest(NULL, Object(Config\Cache), false)
#8 C:\xampp\htdocs\ADS_Page_Project\public\index.php(44): CodeIgniter\CodeIgniter->run()
#9 C:\xampp\htdocs\ADS_Page_Project\system\Commands\Server\rewrite.php(45): require_once('C:\\xampp\\htdocs...')
#10 {main}
CRITICAL - 2021-04-04 16:59:04 --> count(): Parameter must be an array or an object that implements Countable
#0 C:\xampp\htdocs\ADS_Page_Project\app\Views\teste.php(132): CodeIgniter\Debug\Exceptions->errorHandler(2, 'count(): Parame...', 'C:\\xampp\\htdocs...', 132, Array)
#1 C:\xampp\htdocs\ADS_Page_Project\system\View\View.php(220): include('C:\\xampp\\htdocs...')
#2 C:\xampp\htdocs\ADS_Page_Project\system\View\View.php(222): CodeIgniter\View\View->CodeIgniter\View\{closure}()
#3 C:\xampp\htdocs\ADS_Page_Project\system\Common.php(1217): CodeIgniter\View\View->render('teste', Array, true)
#4 C:\xampp\htdocs\ADS_Page_Project\app\Controllers\Home.php(7): view('teste')
#5 C:\xampp\htdocs\ADS_Page_Project\system\CodeIgniter.php(936): App\Controllers\Home->index()
#6 C:\xampp\htdocs\ADS_Page_Project\system\CodeIgniter.php(432): CodeIgniter\CodeIgniter->runController(Object(App\Controllers\Home))
#7 C:\xampp\htdocs\ADS_Page_Project\system\CodeIgniter.php(333): CodeIgniter\CodeIgniter->handleRequest(NULL, Object(Config\Cache), false)
#8 C:\xampp\htdocs\ADS_Page_Project\public\index.php(44): CodeIgniter\CodeIgniter->run()
#9 C:\xampp\htdocs\ADS_Page_Project\system\Commands\Server\rewrite.php(45): require_once('C:\\xampp\\htdocs...')
#10 {main}
CRITICAL - 2021-04-04 17:03:06 --> count(): Parameter must be an array or an object that implements Countable
#0 C:\xampp\htdocs\ADS_Page_Project\app\Views\teste.php(132): CodeIgniter\Debug\Exceptions->errorHandler(2, 'count(): Parame...', 'C:\\xampp\\htdocs...', 132, Array)
#1 C:\xampp\htdocs\ADS_Page_Project\system\View\View.php(220): include('C:\\xampp\\htdocs...')
#2 C:\xampp\htdocs\ADS_Page_Project\system\View\View.php(222): CodeIgniter\View\View->CodeIgniter\View\{closure}()
#3 C:\xampp\htdocs\ADS_Page_Project\system\Common.php(1217): CodeIgniter\View\View->render('teste', Array, true)
#4 C:\xampp\htdocs\ADS_Page_Project\app\Controllers\Home.php(7): view('teste')
#5 C:\xampp\htdocs\ADS_Page_Project\system\CodeIgniter.php(936): App\Controllers\Home->index()
#6 C:\xampp\htdocs\ADS_Page_Project\system\CodeIgniter.php(432): CodeIgniter\CodeIgniter->runController(Object(App\Controllers\Home))
#7 C:\xampp\htdocs\ADS_Page_Project\system\CodeIgniter.php(333): CodeIgniter\CodeIgniter->handleRequest(NULL, Object(Config\Cache), false)
#8 C:\xampp\htdocs\ADS_Page_Project\public\index.php(44): CodeIgniter\CodeIgniter->run()
#9 C:\xampp\htdocs\ADS_Page_Project\system\Commands\Server\rewrite.php(45): require_once('C:\\xampp\\htdocs...')
#10 {main}
CRITICAL - 2021-04-04 17:03:19 --> count(): Parameter must be an array or an object that implements Countable
#0 C:\xampp\htdocs\ADS_Page_Project\app\Views\teste.php(132): CodeIgniter\Debug\Exceptions->errorHandler(2, 'count(): Parame...', 'C:\\xampp\\htdocs...', 132, Array)
#1 C:\xampp\htdocs\ADS_Page_Project\system\View\View.php(220): include('C:\\xampp\\htdocs...')
#2 C:\xampp\htdocs\ADS_Page_Project\system\View\View.php(222): CodeIgniter\View\View->CodeIgniter\View\{closure}()
#3 C:\xampp\htdocs\ADS_Page_Project\system\Common.php(1217): CodeIgniter\View\View->render('teste', Array, true)
#4 C:\xampp\htdocs\ADS_Page_Project\app\Controllers\Home.php(7): view('teste')
#5 C:\xampp\htdocs\ADS_Page_Project\system\CodeIgniter.php(936): App\Controllers\Home->index()
#6 C:\xampp\htdocs\ADS_Page_Project\system\CodeIgniter.php(432): CodeIgniter\CodeIgniter->runController(Object(App\Controllers\Home))
#7 C:\xampp\htdocs\ADS_Page_Project\system\CodeIgniter.php(333): CodeIgniter\CodeIgniter->handleRequest(NULL, Object(Config\Cache), false)
#8 C:\xampp\htdocs\ADS_Page_Project\public\index.php(44): CodeIgniter\CodeIgniter->run()
#9 C:\xampp\htdocs\ADS_Page_Project\system\Commands\Server\rewrite.php(45): require_once('C:\\xampp\\htdocs...')
#10 {main}
CRITICAL - 2021-04-04 17:04:35 --> count(): Parameter must be an array or an object that implements Countable
#0 C:\xampp\htdocs\ADS_Page_Project\app\Views\teste.php(132): CodeIgniter\Debug\Exceptions->errorHandler(2, 'count(): Parame...', 'C:\\xampp\\htdocs...', 132, Array)
#1 C:\xampp\htdocs\ADS_Page_Project\system\View\View.php(220): include('C:\\xampp\\htdocs...')
#2 C:\xampp\htdocs\ADS_Page_Project\system\View\View.php(222): CodeIgniter\View\View->CodeIgniter\View\{closure}()
#3 C:\xampp\htdocs\ADS_Page_Project\system\Common.php(1217): CodeIgniter\View\View->render('teste', Array, true)
#4 C:\xampp\htdocs\ADS_Page_Project\app\Controllers\Home.php(7): view('teste')
#5 C:\xampp\htdocs\ADS_Page_Project\system\CodeIgniter.php(936): App\Controllers\Home->index()
#6 C:\xampp\htdocs\ADS_Page_Project\system\CodeIgniter.php(432): CodeIgniter\CodeIgniter->runController(Object(App\Controllers\Home))
#7 C:\xampp\htdocs\ADS_Page_Project\system\CodeIgniter.php(333): CodeIgniter\CodeIgniter->handleRequest(NULL, Object(Config\Cache), false)
#8 C:\xampp\htdocs\ADS_Page_Project\public\index.php(44): CodeIgniter\CodeIgniter->run()
#9 C:\xampp\htdocs\ADS_Page_Project\system\Commands\Server\rewrite.php(45): require_once('C:\\xampp\\htdocs...')
#10 {main}
CRITICAL - 2021-04-04 17:04:37 --> count(): Parameter must be an array or an object that implements Countable
#0 C:\xampp\htdocs\ADS_Page_Project\app\Views\teste.php(132): CodeIgniter\Debug\Exceptions->errorHandler(2, 'count(): Parame...', 'C:\\xampp\\htdocs...', 132, Array)
#1 C:\xampp\htdocs\ADS_Page_Project\system\View\View.php(220): include('C:\\xampp\\htdocs...')
#2 C:\xampp\htdocs\ADS_Page_Project\system\View\View.php(222): CodeIgniter\View\View->CodeIgniter\View\{closure}()
#3 C:\xampp\htdocs\ADS_Page_Project\system\Common.php(1217): CodeIgniter\View\View->render('teste', Array, true)
#4 C:\xampp\htdocs\ADS_Page_Project\app\Controllers\Home.php(7): view('teste')
#5 C:\xampp\htdocs\ADS_Page_Project\system\CodeIgniter.php(936): App\Controllers\Home->index()
#6 C:\xampp\htdocs\ADS_Page_Project\system\CodeIgniter.php(432): CodeIgniter\CodeIgniter->runController(Object(App\Controllers\Home))
#7 C:\xampp\htdocs\ADS_Page_Project\system\CodeIgniter.php(333): CodeIgniter\CodeIgniter->handleRequest(NULL, Object(Config\Cache), false)
#8 C:\xampp\htdocs\ADS_Page_Project\public\index.php(44): CodeIgniter\CodeIgniter->run()
#9 C:\xampp\htdocs\ADS_Page_Project\system\Commands\Server\rewrite.php(45): require_once('C:\\xampp\\htdocs...')
#10 {main}
CRITICAL - 2021-04-04 17:04:47 --> count(): Parameter must be an array or an object that implements Countable
#0 C:\xampp\htdocs\ADS_Page_Project\app\Views\teste.php(132): CodeIgniter\Debug\Exceptions->errorHandler(2, 'count(): Parame...', 'C:\\xampp\\htdocs...', 132, Array)
#1 C:\xampp\htdocs\ADS_Page_Project\system\View\View.php(220): include('C:\\xampp\\htdocs...')
#2 C:\xampp\htdocs\ADS_Page_Project\system\View\View.php(222): CodeIgniter\View\View->CodeIgniter\View\{closure}()
#3 C:\xampp\htdocs\ADS_Page_Project\system\Common.php(1217): CodeIgniter\View\View->render('teste', Array, true)
#4 C:\xampp\htdocs\ADS_Page_Project\app\Controllers\Home.php(7): view('teste')
#5 C:\xampp\htdocs\ADS_Page_Project\system\CodeIgniter.php(936): App\Controllers\Home->index()
#6 C:\xampp\htdocs\ADS_Page_Project\system\CodeIgniter.php(432): CodeIgniter\CodeIgniter->runController(Object(App\Controllers\Home))
#7 C:\xampp\htdocs\ADS_Page_Project\system\CodeIgniter.php(333): CodeIgniter\CodeIgniter->handleRequest(NULL, Object(Config\Cache), false)
#8 C:\xampp\htdocs\ADS_Page_Project\public\index.php(44): CodeIgniter\CodeIgniter->run()
#9 C:\xampp\htdocs\ADS_Page_Project\system\Commands\Server\rewrite.php(45): require_once('C:\\xampp\\htdocs...')
#10 {main}
CRITICAL - 2021-04-04 17:04:54 --> count(): Parameter must be an array or an object that implements Countable
#0 C:\xampp\htdocs\ADS_Page_Project\app\Views\teste.php(132): CodeIgniter\Debug\Exceptions->errorHandler(2, 'count(): Parame...', 'C:\\xampp\\htdocs...', 132, Array)
#1 C:\xampp\htdocs\ADS_Page_Project\system\View\View.php(220): include('C:\\xampp\\htdocs...')
#2 C:\xampp\htdocs\ADS_Page_Project\system\View\View.php(222): CodeIgniter\View\View->CodeIgniter\View\{closure}()
#3 C:\xampp\htdocs\ADS_Page_Project\system\Common.php(1217): CodeIgniter\View\View->render('teste', Array, true)
#4 C:\xampp\htdocs\ADS_Page_Project\app\Controllers\Home.php(7): view('teste')
#5 C:\xampp\htdocs\ADS_Page_Project\system\CodeIgniter.php(936): App\Controllers\Home->index()
#6 C:\xampp\htdocs\ADS_Page_Project\system\CodeIgniter.php(432): CodeIgniter\CodeIgniter->runController(Object(App\Controllers\Home))
#7 C:\xampp\htdocs\ADS_Page_Project\system\CodeIgniter.php(333): CodeIgniter\CodeIgniter->handleRequest(NULL, Object(Config\Cache), false)
#8 C:\xampp\htdocs\ADS_Page_Project\public\index.php(44): CodeIgniter\CodeIgniter->run()
#9 C:\xampp\htdocs\ADS_Page_Project\system\Commands\Server\rewrite.php(45): require_once('C:\\xampp\\htdocs...')
#10 {main}
CRITICAL - 2021-04-04 17:04:54 --> count(): Parameter must be an array or an object that implements Countable
#0 C:\xampp\htdocs\ADS_Page_Project\app\Views\teste.php(132): CodeIgniter\Debug\Exceptions->errorHandler(2, 'count(): Parame...', 'C:\\xampp\\htdocs...', 132, Array)
#1 C:\xampp\htdocs\ADS_Page_Project\system\View\View.php(220): include('C:\\xampp\\htdocs...')
#2 C:\xampp\htdocs\ADS_Page_Project\system\View\View.php(222): CodeIgniter\View\View->CodeIgniter\View\{closure}()
#3 C:\xampp\htdocs\ADS_Page_Project\system\Common.php(1217): CodeIgniter\View\View->render('teste', Array, true)
#4 C:\xampp\htdocs\ADS_Page_Project\app\Controllers\Home.php(7): view('teste')
#5 C:\xampp\htdocs\ADS_Page_Project\system\CodeIgniter.php(936): App\Controllers\Home->index()
#6 C:\xampp\htdocs\ADS_Page_Project\system\CodeIgniter.php(432): CodeIgniter\CodeIgniter->runController(Object(App\Controllers\Home))
#7 C:\xampp\htdocs\ADS_Page_Project\system\CodeIgniter.php(333): CodeIgniter\CodeIgniter->handleRequest(NULL, Object(Config\Cache), false)
#8 C:\xampp\htdocs\ADS_Page_Project\public\index.php(44): CodeIgniter\CodeIgniter->run()
#9 C:\xampp\htdocs\ADS_Page_Project\system\Commands\Server\rewrite.php(45): require_once('C:\\xampp\\htdocs...')
#10 {main}
CRITICAL - 2021-04-04 17:05:23 --> count(): Parameter must be an array or an object that implements Countable
#0 C:\xampp\htdocs\ADS_Page_Project\app\Views\teste.php(132): CodeIgniter\Debug\Exceptions->errorHandler(2, 'count(): Parame...', 'C:\\xampp\\htdocs...', 132, Array)
#1 C:\xampp\htdocs\ADS_Page_Project\system\View\View.php(220): include('C:\\xampp\\htdocs...')
#2 C:\xampp\htdocs\ADS_Page_Project\system\View\View.php(222): CodeIgniter\View\View->CodeIgniter\View\{closure}()
#3 C:\xampp\htdocs\ADS_Page_Project\system\Common.php(1217): CodeIgniter\View\View->render('teste', Array, true)
#4 C:\xampp\htdocs\ADS_Page_Project\app\Controllers\Home.php(7): view('teste')
#5 C:\xampp\htdocs\ADS_Page_Project\system\CodeIgniter.php(936): App\Controllers\Home->index()
#6 C:\xampp\htdocs\ADS_Page_Project\system\CodeIgniter.php(432): CodeIgniter\CodeIgniter->runController(Object(App\Controllers\Home))
#7 C:\xampp\htdocs\ADS_Page_Project\system\CodeIgniter.php(333): CodeIgniter\CodeIgniter->handleRequest(NULL, Object(Config\Cache), false)
#8 C:\xampp\htdocs\ADS_Page_Project\public\index.php(44): CodeIgniter\CodeIgniter->run()
#9 C:\xampp\htdocs\ADS_Page_Project\system\Commands\Server\rewrite.php(45): require_once('C:\\xampp\\htdocs...')
#10 {main}
CRITICAL - 2021-04-04 17:05:24 --> count(): Parameter must be an array or an object that implements Countable
#0 C:\xampp\htdocs\ADS_Page_Project\app\Views\teste.php(132): CodeIgniter\Debug\Exceptions->errorHandler(2, 'count(): Parame...', 'C:\\xampp\\htdocs...', 132, Array)
#1 C:\xampp\htdocs\ADS_Page_Project\system\View\View.php(220): include('C:\\xampp\\htdocs...')
#2 C:\xampp\htdocs\ADS_Page_Project\system\View\View.php(222): CodeIgniter\View\View->CodeIgniter\View\{closure}()
#3 C:\xampp\htdocs\ADS_Page_Project\system\Common.php(1217): CodeIgniter\View\View->render('teste', Array, true)
#4 C:\xampp\htdocs\ADS_Page_Project\app\Controllers\Home.php(7): view('teste')
#5 C:\xampp\htdocs\ADS_Page_Project\system\CodeIgniter.php(936): App\Controllers\Home->index()
#6 C:\xampp\htdocs\ADS_Page_Project\system\CodeIgniter.php(432): CodeIgniter\CodeIgniter->runController(Object(App\Controllers\Home))
#7 C:\xampp\htdocs\ADS_Page_Project\system\CodeIgniter.php(333): CodeIgniter\CodeIgniter->handleRequest(NULL, Object(Config\Cache), false)
#8 C:\xampp\htdocs\ADS_Page_Project\public\index.php(44): CodeIgniter\CodeIgniter->run()
#9 C:\xampp\htdocs\ADS_Page_Project\system\Commands\Server\rewrite.php(45): require_once('C:\\xampp\\htdocs...')
#10 {main}
CRITICAL - 2021-04-04 17:05:24 --> count(): Parameter must be an array or an object that implements Countable
#0 C:\xampp\htdocs\ADS_Page_Project\app\Views\teste.php(132): CodeIgniter\Debug\Exceptions->errorHandler(2, 'count(): Parame...', 'C:\\xampp\\htdocs...', 132, Array)
#1 C:\xampp\htdocs\ADS_Page_Project\system\View\View.php(220): include('C:\\xampp\\htdocs...')
#2 C:\xampp\htdocs\ADS_Page_Project\system\View\View.php(222): CodeIgniter\View\View->CodeIgniter\View\{closure}()
#3 C:\xampp\htdocs\ADS_Page_Project\system\Common.php(1217): CodeIgniter\View\View->render('teste', Array, true)
#4 C:\xampp\htdocs\ADS_Page_Project\app\Controllers\Home.php(7): view('teste')
#5 C:\xampp\htdocs\ADS_Page_Project\system\CodeIgniter.php(936): App\Controllers\Home->index()
#6 C:\xampp\htdocs\ADS_Page_Project\system\CodeIgniter.php(432): CodeIgniter\CodeIgniter->runController(Object(App\Controllers\Home))
#7 C:\xampp\htdocs\ADS_Page_Project\system\CodeIgniter.php(333): CodeIgniter\CodeIgniter->handleRequest(NULL, Object(Config\Cache), false)
#8 C:\xampp\htdocs\ADS_Page_Project\public\index.php(44): CodeIgniter\CodeIgniter->run()
#9 C:\xampp\htdocs\ADS_Page_Project\system\Commands\Server\rewrite.php(45): require_once('C:\\xampp\\htdocs...')
#10 {main}
CRITICAL - 2021-04-04 17:05:24 --> count(): Parameter must be an array or an object that implements Countable
#0 C:\xampp\htdocs\ADS_Page_Project\app\Views\teste.php(132): CodeIgniter\Debug\Exceptions->errorHandler(2, 'count(): Parame...', 'C:\\xampp\\htdocs...', 132, Array)
#1 C:\xampp\htdocs\ADS_Page_Project\system\View\View.php(220): include('C:\\xampp\\htdocs...')
#2 C:\xampp\htdocs\ADS_Page_Project\system\View\View.php(222): CodeIgniter\View\View->CodeIgniter\View\{closure}()
#3 C:\xampp\htdocs\ADS_Page_Project\system\Common.php(1217): CodeIgniter\View\View->render('teste', Array, true)
#4 C:\xampp\htdocs\ADS_Page_Project\app\Controllers\Home.php(7): view('teste')
#5 C:\xampp\htdocs\ADS_Page_Project\system\CodeIgniter.php(936): App\Controllers\Home->index()
#6 C:\xampp\htdocs\ADS_Page_Project\system\CodeIgniter.php(432): CodeIgniter\CodeIgniter->runController(Object(App\Controllers\Home))
#7 C:\xampp\htdocs\ADS_Page_Project\system\CodeIgniter.php(333): CodeIgniter\CodeIgniter->handleRequest(NULL, Object(Config\Cache), false)
#8 C:\xampp\htdocs\ADS_Page_Project\public\index.php(44): CodeIgniter\CodeIgniter->run()
#9 C:\xampp\htdocs\ADS_Page_Project\system\Commands\Server\rewrite.php(45): require_once('C:\\xampp\\htdocs...')
#10 {main}
CRITICAL - 2021-04-04 17:05:25 --> count(): Parameter must be an array or an object that implements Countable
#0 C:\xampp\htdocs\ADS_Page_Project\app\Views\teste.php(132): CodeIgniter\Debug\Exceptions->errorHandler(2, 'count(): Parame...', 'C:\\xampp\\htdocs...', 132, Array)
#1 C:\xampp\htdocs\ADS_Page_Project\system\View\View.php(220): include('C:\\xampp\\htdocs...')
#2 C:\xampp\htdocs\ADS_Page_Project\system\View\View.php(222): CodeIgniter\View\View->CodeIgniter\View\{closure}()
#3 C:\xampp\htdocs\ADS_Page_Project\system\Common.php(1217): CodeIgniter\View\View->render('teste', Array, true)
#4 C:\xampp\htdocs\ADS_Page_Project\app\Controllers\Home.php(7): view('teste')
#5 C:\xampp\htdocs\ADS_Page_Project\system\CodeIgniter.php(936): App\Controllers\Home->index()
#6 C:\xampp\htdocs\ADS_Page_Project\system\CodeIgniter.php(432): CodeIgniter\CodeIgniter->runController(Object(App\Controllers\Home))
#7 C:\xampp\htdocs\ADS_Page_Project\system\CodeIgniter.php(333): CodeIgniter\CodeIgniter->handleRequest(NULL, Object(Config\Cache), false)
#8 C:\xampp\htdocs\ADS_Page_Project\public\index.php(44): CodeIgniter\CodeIgniter->run()
#9 C:\xampp\htdocs\ADS_Page_Project\system\Commands\Server\rewrite.php(45): require_once('C:\\xampp\\htdocs...')
#10 {main}
CRITICAL - 2021-04-04 17:05:42 --> count(): Parameter must be an array or an object that implements Countable
#0 C:\xampp\htdocs\ADS_Page_Project\app\Views\teste.php(132): CodeIgniter\Debug\Exceptions->errorHandler(2, 'count(): Parame...', 'C:\\xampp\\htdocs...', 132, Array)
#1 C:\xampp\htdocs\ADS_Page_Project\system\View\View.php(220): include('C:\\xampp\\htdocs...')
#2 C:\xampp\htdocs\ADS_Page_Project\system\View\View.php(222): CodeIgniter\View\View->CodeIgniter\View\{closure}()
#3 C:\xampp\htdocs\ADS_Page_Project\system\Common.php(1217): CodeIgniter\View\View->render('teste', Array, true)
#4 C:\xampp\htdocs\ADS_Page_Project\app\Controllers\Home.php(7): view('teste')
#5 C:\xampp\htdocs\ADS_Page_Project\system\CodeIgniter.php(936): App\Controllers\Home->index()
#6 C:\xampp\htdocs\ADS_Page_Project\system\CodeIgniter.php(432): CodeIgniter\CodeIgniter->runController(Object(App\Controllers\Home))
#7 C:\xampp\htdocs\ADS_Page_Project\system\CodeIgniter.php(333): CodeIgniter\CodeIgniter->handleRequest(NULL, Object(Config\Cache), false)
#8 C:\xampp\htdocs\ADS_Page_Project\public\index.php(44): CodeIgniter\CodeIgniter->run()
#9 C:\xampp\htdocs\ADS_Page_Project\system\Commands\Server\rewrite.php(45): require_once('C:\\xampp\\htdocs...')
#10 {main}
