CRITICAL - 2021-10-06 18:09:21 --> Undefined variable $acao
#0 C:\xampp\htdocs\TccGit\app\Views\AdminEmpresa\Ponto\definirHorarios.php(123): CodeIgniter\Debug\Exceptions->errorHandler(2, 'Undefined varia...', 'C:\\xampp\\htdocs...', 123)
#1 C:\xampp\htdocs\TccGit\system\View\View.php(220): include('C:\\xampp\\htdocs...')
#2 C:\xampp\htdocs\TccGit\system\View\View.php(222): CodeIgniter\View\View->CodeIgniter\View\{closure}()
#3 C:\xampp\htdocs\TccGit\system\Common.php(1217): CodeIgniter\View\View->render('AdminEmpresa/Po...', Array, true)
#4 C:\xampp\htdocs\TccGit\app\Controllers\AdminEmpresa.php(406): view('AdminEmpresa/Po...', Array)
#5 C:\xampp\htdocs\TccGit\system\CodeIgniter.php(936): App\Controllers\AdminEmpresa->relacionarPonto('1')
#6 C:\xampp\htdocs\TccGit\system\CodeIgniter.php(432): CodeIgniter\CodeIgniter->runController(Object(App\Controllers\AdminEmpresa))
#7 C:\xampp\htdocs\TccGit\system\CodeIgniter.php(333): CodeIgniter\CodeIgniter->handleRequest(NULL, Object(Config\Cache), false)
#8 C:\xampp\htdocs\TccGit\public\index.php(44): CodeIgniter\CodeIgniter->run()
#9 {main}
CRITICAL - 2021-10-06 18:11:47 --> Attempt to read property "manha" on string
#0 C:\xampp\htdocs\TccGit\app\Views\AdminEmpresa\Ponto\definirHorarios.php(137): CodeIgniter\Debug\Exceptions->errorHandler(2, 'Attempt to read...', 'C:\\xampp\\htdocs...', 137)
#1 C:\xampp\htdocs\TccGit\system\View\View.php(220): include('C:\\xampp\\htdocs...')
#2 C:\xampp\htdocs\TccGit\system\View\View.php(222): CodeIgniter\View\View->CodeIgniter\View\{closure}()
#3 C:\xampp\htdocs\TccGit\system\Common.php(1217): CodeIgniter\View\View->render('AdminEmpresa/Po...', Array, true)
#4 C:\xampp\htdocs\TccGit\app\Controllers\AdminEmpresa.php(406): view('AdminEmpresa/Po...', Array)
#5 C:\xampp\htdocs\TccGit\system\CodeIgniter.php(936): App\Controllers\AdminEmpresa->relacionarPonto('1')
#6 C:\xampp\htdocs\TccGit\system\CodeIgniter.php(432): CodeIgniter\CodeIgniter->runController(Object(App\Controllers\AdminEmpresa))
#7 C:\xampp\htdocs\TccGit\system\CodeIgniter.php(333): CodeIgniter\CodeIgniter->handleRequest(NULL, Object(Config\Cache), false)
#8 C:\xampp\htdocs\TccGit\public\index.php(44): CodeIgniter\CodeIgniter->run()
#9 {main}
CRITICAL - 2021-10-06 18:13:07 --> Attempt to read property "manha" on string
#0 C:\xampp\htdocs\TccGit\app\Views\AdminEmpresa\Ponto\definirHorarios.php(137): CodeIgniter\Debug\Exceptions->errorHandler(2, 'Attempt to read...', 'C:\\xampp\\htdocs...', 137)
#1 C:\xampp\htdocs\TccGit\system\View\View.php(220): include('C:\\xampp\\htdocs...')
#2 C:\xampp\htdocs\TccGit\system\View\View.php(222): CodeIgniter\View\View->CodeIgniter\View\{closure}()
#3 C:\xampp\htdocs\TccGit\system\Common.php(1217): CodeIgniter\View\View->render('AdminEmpresa/Po...', Array, true)
#4 C:\xampp\htdocs\TccGit\app\Controllers\AdminEmpresa.php(406): view('AdminEmpresa/Po...', Array)
#5 C:\xampp\htdocs\TccGit\system\CodeIgniter.php(936): App\Controllers\AdminEmpresa->relacionarPonto('1')
#6 C:\xampp\htdocs\TccGit\system\CodeIgniter.php(432): CodeIgniter\CodeIgniter->runController(Object(App\Controllers\AdminEmpresa))
#7 C:\xampp\htdocs\TccGit\system\CodeIgniter.php(333): CodeIgniter\CodeIgniter->handleRequest(NULL, Object(Config\Cache), false)
#8 C:\xampp\htdocs\TccGit\public\index.php(44): CodeIgniter\CodeIgniter->run()
#9 {main}
CRITICAL - 2021-10-06 18:13:20 --> Attempt to read property "manha" on string
#0 C:\xampp\htdocs\TccGit\app\Views\AdminEmpresa\Ponto\definirHorarios.php(137): CodeIgniter\Debug\Exceptions->errorHandler(2, 'Attempt to read...', 'C:\\xampp\\htdocs...', 137)
#1 C:\xampp\htdocs\TccGit\system\View\View.php(220): include('C:\\xampp\\htdocs...')
#2 C:\xampp\htdocs\TccGit\system\View\View.php(222): CodeIgniter\View\View->CodeIgniter\View\{closure}()
#3 C:\xampp\htdocs\TccGit\system\Common.php(1217): CodeIgniter\View\View->render('AdminEmpresa/Po...', Array, true)
#4 C:\xampp\htdocs\TccGit\app\Controllers\AdminEmpresa.php(406): view('AdminEmpresa/Po...', Array)
#5 C:\xampp\htdocs\TccGit\system\CodeIgniter.php(936): App\Controllers\AdminEmpresa->relacionarPonto('2')
#6 C:\xampp\htdocs\TccGit\system\CodeIgniter.php(432): CodeIgniter\CodeIgniter->runController(Object(App\Controllers\AdminEmpresa))
#7 C:\xampp\htdocs\TccGit\system\CodeIgniter.php(333): CodeIgniter\CodeIgniter->handleRequest(NULL, Object(Config\Cache), false)
#8 C:\xampp\htdocs\TccGit\public\index.php(44): CodeIgniter\CodeIgniter->run()
#9 {main}
CRITICAL - 2021-10-06 18:14:59 --> Attempt to read property "tarde" on string
#0 C:\xampp\htdocs\TccGit\app\Views\AdminEmpresa\Ponto\definirHorarios.php(144): CodeIgniter\Debug\Exceptions->errorHandler(2, 'Attempt to read...', 'C:\\xampp\\htdocs...', 144)
#1 C:\xampp\htdocs\TccGit\system\View\View.php(220): include('C:\\xampp\\htdocs...')
#2 C:\xampp\htdocs\TccGit\system\View\View.php(222): CodeIgniter\View\View->CodeIgniter\View\{closure}()
#3 C:\xampp\htdocs\TccGit\system\Common.php(1217): CodeIgniter\View\View->render('AdminEmpresa/Po...', Array, true)
#4 C:\xampp\htdocs\TccGit\app\Controllers\AdminEmpresa.php(406): view('AdminEmpresa/Po...', Array)
#5 C:\xampp\htdocs\TccGit\system\CodeIgniter.php(936): App\Controllers\AdminEmpresa->relacionarPonto('2')
#6 C:\xampp\htdocs\TccGit\system\CodeIgniter.php(432): CodeIgniter\CodeIgniter->runController(Object(App\Controllers\AdminEmpresa))
#7 C:\xampp\htdocs\TccGit\system\CodeIgniter.php(333): CodeIgniter\CodeIgniter->handleRequest(NULL, Object(Config\Cache), false)
#8 C:\xampp\htdocs\TccGit\public\index.php(44): CodeIgniter\CodeIgniter->run()
#9 {main}
