CRITICAL - 2021-04-11 16:03:09 --> Call to undefined function form_open_multipart()
#0 C:\xampp\htdocs\ADS_Page_Project\system\View\View.php(220): include()
#1 C:\xampp\htdocs\ADS_Page_Project\system\View\View.php(222): CodeIgniter\View\View->CodeIgniter\View\{closure}()
#2 C:\xampp\htdocs\ADS_Page_Project\system\Common.php(1217): CodeIgniter\View\View->render('cropper', Array, true)
#3 C:\xampp\htdocs\ADS_Page_Project\app\Controllers\Home.php(29): view('cropper')
#4 C:\xampp\htdocs\ADS_Page_Project\system\CodeIgniter.php(936): App\Controllers\Home->index()
#5 C:\xampp\htdocs\ADS_Page_Project\system\CodeIgniter.php(432): CodeIgniter\CodeIgniter->runController(Object(App\Controllers\Home))
#6 C:\xampp\htdocs\ADS_Page_Project\system\CodeIgniter.php(333): CodeIgniter\CodeIgniter->handleRequest(NULL, Object(Config\Cache), false)
#7 C:\xampp\htdocs\ADS_Page_Project\public\index.php(44): CodeIgniter\CodeIgniter->run()
#8 {main}
CRITICAL - 2021-04-11 16:31:29 --> Call to undefined function form_open_multipart()
#0 C:\xampp\htdocs\ADS_Page_Project\system\View\View.php(220): include()
#1 C:\xampp\htdocs\ADS_Page_Project\system\View\View.php(222): CodeIgniter\View\View->CodeIgniter\View\{closure}()
#2 C:\xampp\htdocs\ADS_Page_Project\system\Common.php(1217): CodeIgniter\View\View->render('cropper', Array, true)
#3 C:\xampp\htdocs\ADS_Page_Project\app\Controllers\Home.php(29): view('cropper')
#4 C:\xampp\htdocs\ADS_Page_Project\system\CodeIgniter.php(936): App\Controllers\Home->index()
#5 C:\xampp\htdocs\ADS_Page_Project\system\CodeIgniter.php(432): CodeIgniter\CodeIgniter->runController(Object(App\Controllers\Home))
#6 C:\xampp\htdocs\ADS_Page_Project\system\CodeIgniter.php(333): CodeIgniter\CodeIgniter->handleRequest(NULL, Object(Config\Cache), false)
#7 C:\xampp\htdocs\ADS_Page_Project\public\index.php(44): CodeIgniter\CodeIgniter->run()
#8 {main}
CRITICAL - 2021-04-11 16:39:01 --> Call to undefined function form_open_multipart()
#0 C:\xampp\htdocs\ADS_Page_Project\system\View\View.php(220): include()
#1 C:\xampp\htdocs\ADS_Page_Project\system\View\View.php(222): CodeIgniter\View\View->CodeIgniter\View\{closure}()
#2 C:\xampp\htdocs\ADS_Page_Project\system\Common.php(1217): CodeIgniter\View\View->render('cropper', Array, true)
#3 C:\xampp\htdocs\ADS_Page_Project\app\Controllers\Home.php(29): view('cropper')
#4 C:\xampp\htdocs\ADS_Page_Project\system\CodeIgniter.php(936): App\Controllers\Home->index()
#5 C:\xampp\htdocs\ADS_Page_Project\system\CodeIgniter.php(432): CodeIgniter\CodeIgniter->runController(Object(App\Controllers\Home))
#6 C:\xampp\htdocs\ADS_Page_Project\system\CodeIgniter.php(333): CodeIgniter\CodeIgniter->handleRequest(NULL, Object(Config\Cache), false)
#7 C:\xampp\htdocs\ADS_Page_Project\public\index.php(44): CodeIgniter\CodeIgniter->run()
#8 {main}
CRITICAL - 2021-04-11 16:40:39 --> Call to undefined function form_open_multipart()
#0 C:\xampp\htdocs\ADS_Page_Project\system\View\View.php(220): include()
#1 C:\xampp\htdocs\ADS_Page_Project\system\View\View.php(222): CodeIgniter\View\View->CodeIgniter\View\{closure}()
#2 C:\xampp\htdocs\ADS_Page_Project\system\Common.php(1217): CodeIgniter\View\View->render('cropper', Array, true)
#3 C:\xampp\htdocs\ADS_Page_Project\app\Controllers\Home.php(29): view('cropper')
#4 C:\xampp\htdocs\ADS_Page_Project\system\CodeIgniter.php(936): App\Controllers\Home->index()
#5 C:\xampp\htdocs\ADS_Page_Project\system\CodeIgniter.php(432): CodeIgniter\CodeIgniter->runController(Object(App\Controllers\Home))
#6 C:\xampp\htdocs\ADS_Page_Project\system\CodeIgniter.php(333): CodeIgniter\CodeIgniter->handleRequest(NULL, Object(Config\Cache), false)
#7 C:\xampp\htdocs\ADS_Page_Project\public\index.php(44): CodeIgniter\CodeIgniter->run()
#8 {main}
CRITICAL - 2021-04-11 16:40:46 --> Call to undefined function form_open_multipart()
#0 C:\xampp\htdocs\ADS_Page_Project\system\View\View.php(220): include()
#1 C:\xampp\htdocs\ADS_Page_Project\system\View\View.php(222): CodeIgniter\View\View->CodeIgniter\View\{closure}()
#2 C:\xampp\htdocs\ADS_Page_Project\system\Common.php(1217): CodeIgniter\View\View->render('cropper', Array, true)
#3 C:\xampp\htdocs\ADS_Page_Project\app\Controllers\Home.php(29): view('cropper')
#4 C:\xampp\htdocs\ADS_Page_Project\system\CodeIgniter.php(936): App\Controllers\Home->index()
#5 C:\xampp\htdocs\ADS_Page_Project\system\CodeIgniter.php(432): CodeIgniter\CodeIgniter->runController(Object(App\Controllers\Home))
#6 C:\xampp\htdocs\ADS_Page_Project\system\CodeIgniter.php(333): CodeIgniter\CodeIgniter->handleRequest(NULL, Object(Config\Cache), false)
#7 C:\xampp\htdocs\ADS_Page_Project\public\index.php(44): CodeIgniter\CodeIgniter->run()
#8 {main}
CRITICAL - 2021-04-11 16:41:58 --> Call to undefined function form_open_multipart()
#0 C:\xampp\htdocs\ADS_Page_Project\system\View\View.php(220): include()
#1 C:\xampp\htdocs\ADS_Page_Project\system\View\View.php(222): CodeIgniter\View\View->CodeIgniter\View\{closure}()
#2 C:\xampp\htdocs\ADS_Page_Project\system\Common.php(1217): CodeIgniter\View\View->render('cropper', Array, true)
#3 C:\xampp\htdocs\ADS_Page_Project\app\Controllers\Home.php(29): view('cropper')
#4 C:\xampp\htdocs\ADS_Page_Project\system\CodeIgniter.php(936): App\Controllers\Home->index()
#5 C:\xampp\htdocs\ADS_Page_Project\system\CodeIgniter.php(432): CodeIgniter\CodeIgniter->runController(Object(App\Controllers\Home))
#6 C:\xampp\htdocs\ADS_Page_Project\system\CodeIgniter.php(333): CodeIgniter\CodeIgniter->handleRequest(NULL, Object(Config\Cache), false)
#7 C:\xampp\htdocs\ADS_Page_Project\public\index.php(44): CodeIgniter\CodeIgniter->run()
#8 {main}
