ERROR - 2021-10-15 19:47:27 --> mysqli_sql_exception: Cannot add or update a child row: a foreign key constraint fails (`tcc`.`ponto`, CONSTRAINT `rua_cep_fk` FOREIGN KEY (`rua_cep`) REFERENCES `ruasavenidas` (`cep`) ON DELETE CASCADE ON UPDATE CASCADE) in C:\xampp\htdocs\TccGit\system\Database\MySQLi\Connection.php:314
Stack trace:
#0 C:\xampp\htdocs\TccGit\system\Database\MySQLi\Connection.php(314): mysqli->query('INSERT INTO `po...')
#1 C:\xampp\htdocs\TccGit\system\Database\BaseConnection.php(713): CodeIgniter\Database\MySQLi\Connection->execute('INSERT INTO `po...')
#2 C:\xampp\htdocs\TccGit\system\Database\BaseConnection.php(641): CodeIgniter\Database\BaseConnection->simpleQuery('INSERT INTO `po...')
#3 C:\xampp\htdocs\TccGit\system\Database\BaseBuilder.php(2263): CodeIgniter\Database\BaseConnection->query('INSERT INTO `po...', Array, false)
#4 C:\xampp\htdocs\TccGit\system\Model.php(278): CodeIgniter\Database\BaseBuilder->insert()
#5 C:\xampp\htdocs\TccGit\system\BaseModel.php(758): CodeIgniter\Model->doInsert(Array)
#6 C:\xampp\htdocs\TccGit\system\Model.php(705): CodeIgniter\BaseModel->insert(Array, true)
#7 C:\xampp\htdocs\TccGit\app\Controllers\Admin.php(408): CodeIgniter\Model->insert()
#8 C:\xampp\htdocs\TccGit\system\CodeIgniter.php(936): App\Controllers\Admin->inserirPonto()
#9 C:\xampp\htdocs\TccGit\system\CodeIgniter.php(432): CodeIgniter\CodeIgniter->runController(Object(App\Controllers\Admin))
#10 C:\xampp\htdocs\TccGit\system\CodeIgniter.php(333): CodeIgniter\CodeIgniter->handleRequest(NULL, Object(Config\Cache), false)
#11 C:\xampp\htdocs\TccGit\public\index.php(44): CodeIgniter\CodeIgniter->run()
#12 {main}
CRITICAL - 2021-10-15 21:45:27 --> Undefined array key 0
#0 C:\xampp\htdocs\TccGit\app\Controllers\AdminEmpresa.php(274): CodeIgniter\Debug\Exceptions->errorHandler(2, 'Undefined array...', 'C:\\xampp\\htdocs...', 274)
#1 C:\xampp\htdocs\TccGit\system\CodeIgniter.php(936): App\Controllers\AdminEmpresa->tabelaLinha()
#2 C:\xampp\htdocs\TccGit\system\CodeIgniter.php(432): CodeIgniter\CodeIgniter->runController(Object(App\Controllers\AdminEmpresa))
#3 C:\xampp\htdocs\TccGit\system\CodeIgniter.php(333): CodeIgniter\CodeIgniter->handleRequest(NULL, Object(Config\Cache), false)
#4 C:\xampp\htdocs\TccGit\public\index.php(44): CodeIgniter\CodeIgniter->run()
#5 {main}
