CRITICAL - 2021-04-02 13:21:14 --> Call to a member function close() on null
#0 C:\xampp\htdocs\ADS_Page_Project\system\CodeIgniter.php(936): App\Controllers\News->index()
#1 C:\xampp\htdocs\ADS_Page_Project\system\CodeIgniter.php(432): CodeIgniter\CodeIgniter->runController(Object(App\Controllers\News))
#2 C:\xampp\htdocs\ADS_Page_Project\system\CodeIgniter.php(333): CodeIgniter\CodeIgniter->handleRequest(NULL, Object(Config\Cache), false)
#3 C:\xampp\htdocs\ADS_Page_Project\public\index.php(44): CodeIgniter\CodeIgniter->run()
#4 {main}
CRITICAL - 2021-04-02 13:21:16 --> Cannot use object of type stdClass as array
#0 C:\xampp\htdocs\ADS_Page_Project\system\View\View.php(220): include()
#1 C:\xampp\htdocs\ADS_Page_Project\system\View\View.php(222): CodeIgniter\View\View->CodeIgniter\View\{closure}()
#2 C:\xampp\htdocs\ADS_Page_Project\system\Common.php(1217): CodeIgniter\View\View->render('visualizar', Array, true)
#3 C:\xampp\htdocs\ADS_Page_Project\app\Controllers\News.php(132): view('visualizar', Array)
#4 C:\xampp\htdocs\ADS_Page_Project\system\CodeIgniter.php(936): App\Controllers\News->view_new('8')
#5 C:\xampp\htdocs\ADS_Page_Project\system\CodeIgniter.php(432): CodeIgniter\CodeIgniter->runController(Object(App\Controllers\News))
#6 C:\xampp\htdocs\ADS_Page_Project\system\CodeIgniter.php(333): CodeIgniter\CodeIgniter->handleRequest(NULL, Object(Config\Cache), false)
#7 C:\xampp\htdocs\ADS_Page_Project\public\index.php(44): CodeIgniter\CodeIgniter->run()
#8 {main}
CRITICAL - 2021-04-02 13:21:35 --> Call to a member function close() on null
#0 C:\xampp\htdocs\ADS_Page_Project\system\CodeIgniter.php(936): App\Controllers\News->index()
#1 C:\xampp\htdocs\ADS_Page_Project\system\CodeIgniter.php(432): CodeIgniter\CodeIgniter->runController(Object(App\Controllers\News))
#2 C:\xampp\htdocs\ADS_Page_Project\system\CodeIgniter.php(333): CodeIgniter\CodeIgniter->handleRequest(NULL, Object(Config\Cache), false)
#3 C:\xampp\htdocs\ADS_Page_Project\public\index.php(44): CodeIgniter\CodeIgniter->run()
#4 {main}
CRITICAL - 2021-04-02 13:21:37 --> count(): Parameter must be an array or an object that implements Countable
#0 C:\xampp\htdocs\ADS_Page_Project\app\Views\teste.php(132): CodeIgniter\Debug\Exceptions->errorHandler(2, 'count(): Parame...', 'C:\\xampp\\htdocs...', 132, Array)
#1 C:\xampp\htdocs\ADS_Page_Project\system\View\View.php(220): include('C:\\xampp\\htdocs...')
#2 C:\xampp\htdocs\ADS_Page_Project\system\View\View.php(222): CodeIgniter\View\View->CodeIgniter\View\{closure}()
#3 C:\xampp\htdocs\ADS_Page_Project\system\Common.php(1217): CodeIgniter\View\View->render('teste', Array, true)
#4 C:\xampp\htdocs\ADS_Page_Project\app\Controllers\News.php(132): view('teste', Array)
#5 C:\xampp\htdocs\ADS_Page_Project\system\CodeIgniter.php(936): App\Controllers\News->view_new('8')
#6 C:\xampp\htdocs\ADS_Page_Project\system\CodeIgniter.php(432): CodeIgniter\CodeIgniter->runController(Object(App\Controllers\News))
#7 C:\xampp\htdocs\ADS_Page_Project\system\CodeIgniter.php(333): CodeIgniter\CodeIgniter->handleRequest(NULL, Object(Config\Cache), false)
#8 C:\xampp\htdocs\ADS_Page_Project\public\index.php(44): CodeIgniter\CodeIgniter->run()
#9 {main}
CRITICAL - 2021-04-02 13:23:39 --> Call to a member function close() on null
#0 C:\xampp\htdocs\ADS_Page_Project\system\CodeIgniter.php(936): App\Controllers\News->index()
#1 C:\xampp\htdocs\ADS_Page_Project\system\CodeIgniter.php(432): CodeIgniter\CodeIgniter->runController(Object(App\Controllers\News))
#2 C:\xampp\htdocs\ADS_Page_Project\system\CodeIgniter.php(333): CodeIgniter\CodeIgniter->handleRequest(NULL, Object(Config\Cache), false)
#3 C:\xampp\htdocs\ADS_Page_Project\public\index.php(44): CodeIgniter\CodeIgniter->run()
#4 {main}
CRITICAL - 2021-04-02 13:23:50 --> Call to a member function close() on null
#0 C:\xampp\htdocs\ADS_Page_Project\system\CodeIgniter.php(936): App\Controllers\News->index()
#1 C:\xampp\htdocs\ADS_Page_Project\system\CodeIgniter.php(432): CodeIgniter\CodeIgniter->runController(Object(App\Controllers\News))
#2 C:\xampp\htdocs\ADS_Page_Project\system\CodeIgniter.php(333): CodeIgniter\CodeIgniter->handleRequest(NULL, Object(Config\Cache), false)
#3 C:\xampp\htdocs\ADS_Page_Project\public\index.php(44): CodeIgniter\CodeIgniter->run()
#4 {main}
CRITICAL - 2021-04-02 13:24:37 --> Call to a member function close() on null
#0 C:\xampp\htdocs\ADS_Page_Project\system\CodeIgniter.php(936): App\Controllers\News->index()
#1 C:\xampp\htdocs\ADS_Page_Project\system\CodeIgniter.php(432): CodeIgniter\CodeIgniter->runController(Object(App\Controllers\News))
#2 C:\xampp\htdocs\ADS_Page_Project\system\CodeIgniter.php(333): CodeIgniter\CodeIgniter->handleRequest(NULL, Object(Config\Cache), false)
#3 C:\xampp\htdocs\ADS_Page_Project\public\index.php(44): CodeIgniter\CodeIgniter->run()
#4 {main}
CRITICAL - 2021-04-02 13:24:53 --> Call to a member function close() on null
#0 C:\xampp\htdocs\ADS_Page_Project\system\CodeIgniter.php(936): App\Controllers\News->index()
#1 C:\xampp\htdocs\ADS_Page_Project\system\CodeIgniter.php(432): CodeIgniter\CodeIgniter->runController(Object(App\Controllers\News))
#2 C:\xampp\htdocs\ADS_Page_Project\system\CodeIgniter.php(333): CodeIgniter\CodeIgniter->handleRequest(NULL, Object(Config\Cache), false)
#3 C:\xampp\htdocs\ADS_Page_Project\public\index.php(44): CodeIgniter\CodeIgniter->run()
#4 {main}
CRITICAL - 2021-04-02 13:24:54 --> Call to a member function close() on null
#0 C:\xampp\htdocs\ADS_Page_Project\system\CodeIgniter.php(936): App\Controllers\News->index()
#1 C:\xampp\htdocs\ADS_Page_Project\system\CodeIgniter.php(432): CodeIgniter\CodeIgniter->runController(Object(App\Controllers\News))
#2 C:\xampp\htdocs\ADS_Page_Project\system\CodeIgniter.php(333): CodeIgniter\CodeIgniter->handleRequest(NULL, Object(Config\Cache), false)
#3 C:\xampp\htdocs\ADS_Page_Project\public\index.php(44): CodeIgniter\CodeIgniter->run()
#4 {main}
CRITICAL - 2021-04-02 13:24:55 --> Call to a member function close() on null
#0 C:\xampp\htdocs\ADS_Page_Project\system\CodeIgniter.php(936): App\Controllers\News->index()
#1 C:\xampp\htdocs\ADS_Page_Project\system\CodeIgniter.php(432): CodeIgniter\CodeIgniter->runController(Object(App\Controllers\News))
#2 C:\xampp\htdocs\ADS_Page_Project\system\CodeIgniter.php(333): CodeIgniter\CodeIgniter->handleRequest(NULL, Object(Config\Cache), false)
#3 C:\xampp\htdocs\ADS_Page_Project\public\index.php(44): CodeIgniter\CodeIgniter->run()
#4 {main}
CRITICAL - 2021-04-02 13:27:39 --> Call to a member function close() on null
#0 C:\xampp\htdocs\ADS_Page_Project\system\CodeIgniter.php(936): App\Controllers\News->index()
#1 C:\xampp\htdocs\ADS_Page_Project\system\CodeIgniter.php(432): CodeIgniter\CodeIgniter->runController(Object(App\Controllers\News))
#2 C:\xampp\htdocs\ADS_Page_Project\system\CodeIgniter.php(333): CodeIgniter\CodeIgniter->handleRequest(NULL, Object(Config\Cache), false)
#3 C:\xampp\htdocs\ADS_Page_Project\public\index.php(44): CodeIgniter\CodeIgniter->run()
#4 {main}
CRITICAL - 2021-04-02 13:28:07 --> Call to a member function close() on null
#0 C:\xampp\htdocs\ADS_Page_Project\system\CodeIgniter.php(936): App\Controllers\News->index()
#1 C:\xampp\htdocs\ADS_Page_Project\system\CodeIgniter.php(432): CodeIgniter\CodeIgniter->runController(Object(App\Controllers\News))
#2 C:\xampp\htdocs\ADS_Page_Project\system\CodeIgniter.php(333): CodeIgniter\CodeIgniter->handleRequest(NULL, Object(Config\Cache), false)
#3 C:\xampp\htdocs\ADS_Page_Project\public\index.php(44): CodeIgniter\CodeIgniter->run()
#4 {main}
CRITICAL - 2021-04-02 13:28:12 --> Call to a member function close() on null
#0 C:\xampp\htdocs\ADS_Page_Project\system\CodeIgniter.php(936): App\Controllers\News->index()
#1 C:\xampp\htdocs\ADS_Page_Project\system\CodeIgniter.php(432): CodeIgniter\CodeIgniter->runController(Object(App\Controllers\News))
#2 C:\xampp\htdocs\ADS_Page_Project\system\CodeIgniter.php(333): CodeIgniter\CodeIgniter->handleRequest(NULL, Object(Config\Cache), false)
#3 C:\xampp\htdocs\ADS_Page_Project\public\index.php(44): CodeIgniter\CodeIgniter->run()
#4 {main}
CRITICAL - 2021-04-02 13:34:20 --> Call to a member function close() on null
#0 C:\xampp\htdocs\ADS_Page_Project\system\CodeIgniter.php(936): App\Controllers\News->index()
#1 C:\xampp\htdocs\ADS_Page_Project\system\CodeIgniter.php(432): CodeIgniter\CodeIgniter->runController(Object(App\Controllers\News))
#2 C:\xampp\htdocs\ADS_Page_Project\system\CodeIgniter.php(333): CodeIgniter\CodeIgniter->handleRequest(NULL, Object(Config\Cache), false)
#3 C:\xampp\htdocs\ADS_Page_Project\public\index.php(44): CodeIgniter\CodeIgniter->run()
#4 {main}
CRITICAL - 2021-04-02 13:34:23 --> count(): Parameter must be an array or an object that implements Countable
#0 C:\xampp\htdocs\ADS_Page_Project\app\Views\visualizar.php(132): CodeIgniter\Debug\Exceptions->errorHandler(2, 'count(): Parame...', 'C:\\xampp\\htdocs...', 132, Array)
#1 C:\xampp\htdocs\ADS_Page_Project\system\View\View.php(220): include('C:\\xampp\\htdocs...')
#2 C:\xampp\htdocs\ADS_Page_Project\system\View\View.php(222): CodeIgniter\View\View->CodeIgniter\View\{closure}()
#3 C:\xampp\htdocs\ADS_Page_Project\system\Common.php(1217): CodeIgniter\View\View->render('visualizar', Array, true)
#4 C:\xampp\htdocs\ADS_Page_Project\app\Controllers\News.php(148): view('visualizar', Array)
#5 C:\xampp\htdocs\ADS_Page_Project\system\CodeIgniter.php(936): App\Controllers\News->view_new('8')
#6 C:\xampp\htdocs\ADS_Page_Project\system\CodeIgniter.php(432): CodeIgniter\CodeIgniter->runController(Object(App\Controllers\News))
#7 C:\xampp\htdocs\ADS_Page_Project\system\CodeIgniter.php(333): CodeIgniter\CodeIgniter->handleRequest(NULL, Object(Config\Cache), false)
#8 C:\xampp\htdocs\ADS_Page_Project\public\index.php(44): CodeIgniter\CodeIgniter->run()
#9 {main}
CRITICAL - 2021-04-02 13:35:04 --> count(): Parameter must be an array or an object that implements Countable
#0 C:\xampp\htdocs\ADS_Page_Project\app\Views\visualizar.php(132): CodeIgniter\Debug\Exceptions->errorHandler(2, 'count(): Parame...', 'C:\\xampp\\htdocs...', 132, Array)
#1 C:\xampp\htdocs\ADS_Page_Project\system\View\View.php(220): include('C:\\xampp\\htdocs...')
#2 C:\xampp\htdocs\ADS_Page_Project\system\View\View.php(222): CodeIgniter\View\View->CodeIgniter\View\{closure}()
#3 C:\xampp\htdocs\ADS_Page_Project\system\Common.php(1217): CodeIgniter\View\View->render('visualizar', Array, true)
#4 C:\xampp\htdocs\ADS_Page_Project\app\Controllers\News.php(149): view('visualizar', Array)
#5 C:\xampp\htdocs\ADS_Page_Project\system\CodeIgniter.php(936): App\Controllers\News->view_new('8')
#6 C:\xampp\htdocs\ADS_Page_Project\system\CodeIgniter.php(432): CodeIgniter\CodeIgniter->runController(Object(App\Controllers\News))
#7 C:\xampp\htdocs\ADS_Page_Project\system\CodeIgniter.php(333): CodeIgniter\CodeIgniter->handleRequest(NULL, Object(Config\Cache), false)
#8 C:\xampp\htdocs\ADS_Page_Project\public\index.php(44): CodeIgniter\CodeIgniter->run()
#9 {main}
CRITICAL - 2021-04-02 13:35:07 --> Call to a member function close() on null
#0 C:\xampp\htdocs\ADS_Page_Project\system\CodeIgniter.php(936): App\Controllers\News->index()
#1 C:\xampp\htdocs\ADS_Page_Project\system\CodeIgniter.php(432): CodeIgniter\CodeIgniter->runController(Object(App\Controllers\News))
#2 C:\xampp\htdocs\ADS_Page_Project\system\CodeIgniter.php(333): CodeIgniter\CodeIgniter->handleRequest(NULL, Object(Config\Cache), false)
#3 C:\xampp\htdocs\ADS_Page_Project\public\index.php(44): CodeIgniter\CodeIgniter->run()
#4 {main}
CRITICAL - 2021-04-02 13:35:09 --> count(): Parameter must be an array or an object that implements Countable
#0 C:\xampp\htdocs\ADS_Page_Project\app\Views\visualizar.php(132): CodeIgniter\Debug\Exceptions->errorHandler(2, 'count(): Parame...', 'C:\\xampp\\htdocs...', 132, Array)
#1 C:\xampp\htdocs\ADS_Page_Project\system\View\View.php(220): include('C:\\xampp\\htdocs...')
#2 C:\xampp\htdocs\ADS_Page_Project\system\View\View.php(222): CodeIgniter\View\View->CodeIgniter\View\{closure}()
#3 C:\xampp\htdocs\ADS_Page_Project\system\Common.php(1217): CodeIgniter\View\View->render('visualizar', Array, true)
#4 C:\xampp\htdocs\ADS_Page_Project\app\Controllers\News.php(149): view('visualizar', Array)
#5 C:\xampp\htdocs\ADS_Page_Project\system\CodeIgniter.php(936): App\Controllers\News->view_new('8')
#6 C:\xampp\htdocs\ADS_Page_Project\system\CodeIgniter.php(432): CodeIgniter\CodeIgniter->runController(Object(App\Controllers\News))
#7 C:\xampp\htdocs\ADS_Page_Project\system\CodeIgniter.php(333): CodeIgniter\CodeIgniter->handleRequest(NULL, Object(Config\Cache), false)
#8 C:\xampp\htdocs\ADS_Page_Project\public\index.php(44): CodeIgniter\CodeIgniter->run()
#9 {main}
CRITICAL - 2021-04-02 13:37:00 --> Call to a member function close() on null
#0 C:\xampp\htdocs\ADS_Page_Project\system\CodeIgniter.php(936): App\Controllers\News->index()
#1 C:\xampp\htdocs\ADS_Page_Project\system\CodeIgniter.php(432): CodeIgniter\CodeIgniter->runController(Object(App\Controllers\News))
#2 C:\xampp\htdocs\ADS_Page_Project\system\CodeIgniter.php(333): CodeIgniter\CodeIgniter->handleRequest(NULL, Object(Config\Cache), false)
#3 C:\xampp\htdocs\ADS_Page_Project\public\index.php(44): CodeIgniter\CodeIgniter->run()
#4 {main}
CRITICAL - 2021-04-02 13:39:17 --> Cannot use object of type stdClass as array
#0 C:\xampp\htdocs\ADS_Page_Project\system\View\View.php(220): include()
#1 C:\xampp\htdocs\ADS_Page_Project\system\View\View.php(222): CodeIgniter\View\View->CodeIgniter\View\{closure}()
#2 C:\xampp\htdocs\ADS_Page_Project\system\Common.php(1217): CodeIgniter\View\View->render('visualizar', Array, true)
#3 C:\xampp\htdocs\ADS_Page_Project\app\Controllers\News.php(149): view('visualizar', Array)
#4 C:\xampp\htdocs\ADS_Page_Project\system\CodeIgniter.php(936): App\Controllers\News->view_new('8')
#5 C:\xampp\htdocs\ADS_Page_Project\system\CodeIgniter.php(432): CodeIgniter\CodeIgniter->runController(Object(App\Controllers\News))
#6 C:\xampp\htdocs\ADS_Page_Project\system\CodeIgniter.php(333): CodeIgniter\CodeIgniter->handleRequest(NULL, Object(Config\Cache), false)
#7 C:\xampp\htdocs\ADS_Page_Project\public\index.php(44): CodeIgniter\CodeIgniter->run()
#8 {main}
CRITICAL - 2021-04-02 13:39:18 --> Cannot use object of type stdClass as array
#0 C:\xampp\htdocs\ADS_Page_Project\system\View\View.php(220): include()
#1 C:\xampp\htdocs\ADS_Page_Project\system\View\View.php(222): CodeIgniter\View\View->CodeIgniter\View\{closure}()
#2 C:\xampp\htdocs\ADS_Page_Project\system\Common.php(1217): CodeIgniter\View\View->render('visualizar', Array, true)
#3 C:\xampp\htdocs\ADS_Page_Project\app\Controllers\News.php(149): view('visualizar', Array)
#4 C:\xampp\htdocs\ADS_Page_Project\system\CodeIgniter.php(936): App\Controllers\News->view_new('8')
#5 C:\xampp\htdocs\ADS_Page_Project\system\CodeIgniter.php(432): CodeIgniter\CodeIgniter->runController(Object(App\Controllers\News))
#6 C:\xampp\htdocs\ADS_Page_Project\system\CodeIgniter.php(333): CodeIgniter\CodeIgniter->handleRequest(NULL, Object(Config\Cache), false)
#7 C:\xampp\htdocs\ADS_Page_Project\public\index.php(44): CodeIgniter\CodeIgniter->run()
#8 {main}
CRITICAL - 2021-04-02 13:40:09 --> Cannot use object of type stdClass as array
#0 C:\xampp\htdocs\ADS_Page_Project\system\View\View.php(220): include()
#1 C:\xampp\htdocs\ADS_Page_Project\system\View\View.php(222): CodeIgniter\View\View->CodeIgniter\View\{closure}()
#2 C:\xampp\htdocs\ADS_Page_Project\system\Common.php(1217): CodeIgniter\View\View->render('visualizar', Array, true)
#3 C:\xampp\htdocs\ADS_Page_Project\app\Controllers\News.php(149): view('visualizar', Array)
#4 C:\xampp\htdocs\ADS_Page_Project\system\CodeIgniter.php(936): App\Controllers\News->view_new('8')
#5 C:\xampp\htdocs\ADS_Page_Project\system\CodeIgniter.php(432): CodeIgniter\CodeIgniter->runController(Object(App\Controllers\News))
#6 C:\xampp\htdocs\ADS_Page_Project\system\CodeIgniter.php(333): CodeIgniter\CodeIgniter->handleRequest(NULL, Object(Config\Cache), false)
#7 C:\xampp\htdocs\ADS_Page_Project\public\index.php(44): CodeIgniter\CodeIgniter->run()
#8 {main}
CRITICAL - 2021-04-02 13:40:09 --> Cannot use object of type stdClass as array
#0 C:\xampp\htdocs\ADS_Page_Project\system\View\View.php(220): include()
#1 C:\xampp\htdocs\ADS_Page_Project\system\View\View.php(222): CodeIgniter\View\View->CodeIgniter\View\{closure}()
#2 C:\xampp\htdocs\ADS_Page_Project\system\Common.php(1217): CodeIgniter\View\View->render('visualizar', Array, true)
#3 C:\xampp\htdocs\ADS_Page_Project\app\Controllers\News.php(149): view('visualizar', Array)
#4 C:\xampp\htdocs\ADS_Page_Project\system\CodeIgniter.php(936): App\Controllers\News->view_new('8')
#5 C:\xampp\htdocs\ADS_Page_Project\system\CodeIgniter.php(432): CodeIgniter\CodeIgniter->runController(Object(App\Controllers\News))
#6 C:\xampp\htdocs\ADS_Page_Project\system\CodeIgniter.php(333): CodeIgniter\CodeIgniter->handleRequest(NULL, Object(Config\Cache), false)
#7 C:\xampp\htdocs\ADS_Page_Project\public\index.php(44): CodeIgniter\CodeIgniter->run()
#8 {main}
CRITICAL - 2021-04-02 13:40:22 --> Cannot use object of type stdClass as array
#0 C:\xampp\htdocs\ADS_Page_Project\system\View\View.php(220): include()
#1 C:\xampp\htdocs\ADS_Page_Project\system\View\View.php(222): CodeIgniter\View\View->CodeIgniter\View\{closure}()
#2 C:\xampp\htdocs\ADS_Page_Project\system\Common.php(1217): CodeIgniter\View\View->render('visualizar', Array, true)
#3 C:\xampp\htdocs\ADS_Page_Project\app\Controllers\News.php(149): view('visualizar', Array)
#4 C:\xampp\htdocs\ADS_Page_Project\system\CodeIgniter.php(936): App\Controllers\News->view_new('8')
#5 C:\xampp\htdocs\ADS_Page_Project\system\CodeIgniter.php(432): CodeIgniter\CodeIgniter->runController(Object(App\Controllers\News))
#6 C:\xampp\htdocs\ADS_Page_Project\system\CodeIgniter.php(333): CodeIgniter\CodeIgniter->handleRequest(NULL, Object(Config\Cache), false)
#7 C:\xampp\htdocs\ADS_Page_Project\public\index.php(44): CodeIgniter\CodeIgniter->run()
#8 {main}
CRITICAL - 2021-04-02 13:40:23 --> Cannot use object of type stdClass as array
#0 C:\xampp\htdocs\ADS_Page_Project\system\View\View.php(220): include()
#1 C:\xampp\htdocs\ADS_Page_Project\system\View\View.php(222): CodeIgniter\View\View->CodeIgniter\View\{closure}()
#2 C:\xampp\htdocs\ADS_Page_Project\system\Common.php(1217): CodeIgniter\View\View->render('visualizar', Array, true)
#3 C:\xampp\htdocs\ADS_Page_Project\app\Controllers\News.php(149): view('visualizar', Array)
#4 C:\xampp\htdocs\ADS_Page_Project\system\CodeIgniter.php(936): App\Controllers\News->view_new('8')
#5 C:\xampp\htdocs\ADS_Page_Project\system\CodeIgniter.php(432): CodeIgniter\CodeIgniter->runController(Object(App\Controllers\News))
#6 C:\xampp\htdocs\ADS_Page_Project\system\CodeIgniter.php(333): CodeIgniter\CodeIgniter->handleRequest(NULL, Object(Config\Cache), false)
#7 C:\xampp\htdocs\ADS_Page_Project\public\index.php(44): CodeIgniter\CodeIgniter->run()
#8 {main}
CRITICAL - 2021-04-02 13:40:28 --> Cannot use object of type stdClass as array
#0 C:\xampp\htdocs\ADS_Page_Project\system\View\View.php(220): include()
#1 C:\xampp\htdocs\ADS_Page_Project\system\View\View.php(222): CodeIgniter\View\View->CodeIgniter\View\{closure}()
#2 C:\xampp\htdocs\ADS_Page_Project\system\Common.php(1217): CodeIgniter\View\View->render('visualizar', Array, true)
#3 C:\xampp\htdocs\ADS_Page_Project\app\Controllers\News.php(149): view('visualizar', Array)
#4 C:\xampp\htdocs\ADS_Page_Project\system\CodeIgniter.php(936): App\Controllers\News->view_new('8')
#5 C:\xampp\htdocs\ADS_Page_Project\system\CodeIgniter.php(432): CodeIgniter\CodeIgniter->runController(Object(App\Controllers\News))
#6 C:\xampp\htdocs\ADS_Page_Project\system\CodeIgniter.php(333): CodeIgniter\CodeIgniter->handleRequest(NULL, Object(Config\Cache), false)
#7 C:\xampp\htdocs\ADS_Page_Project\public\index.php(44): CodeIgniter\CodeIgniter->run()
#8 {main}
CRITICAL - 2021-04-02 13:40:29 --> Cannot use object of type stdClass as array
#0 C:\xampp\htdocs\ADS_Page_Project\system\View\View.php(220): include()
#1 C:\xampp\htdocs\ADS_Page_Project\system\View\View.php(222): CodeIgniter\View\View->CodeIgniter\View\{closure}()
#2 C:\xampp\htdocs\ADS_Page_Project\system\Common.php(1217): CodeIgniter\View\View->render('visualizar', Array, true)
#3 C:\xampp\htdocs\ADS_Page_Project\app\Controllers\News.php(149): view('visualizar', Array)
#4 C:\xampp\htdocs\ADS_Page_Project\system\CodeIgniter.php(936): App\Controllers\News->view_new('8')
#5 C:\xampp\htdocs\ADS_Page_Project\system\CodeIgniter.php(432): CodeIgniter\CodeIgniter->runController(Object(App\Controllers\News))
#6 C:\xampp\htdocs\ADS_Page_Project\system\CodeIgniter.php(333): CodeIgniter\CodeIgniter->handleRequest(NULL, Object(Config\Cache), false)
#7 C:\xampp\htdocs\ADS_Page_Project\public\index.php(44): CodeIgniter\CodeIgniter->run()
#8 {main}
CRITICAL - 2021-04-02 13:46:43 --> Call to a member function close() on null
#0 C:\xampp\htdocs\ADS_Page_Project\system\CodeIgniter.php(936): App\Controllers\News->index()
#1 C:\xampp\htdocs\ADS_Page_Project\system\CodeIgniter.php(432): CodeIgniter\CodeIgniter->runController(Object(App\Controllers\News))
#2 C:\xampp\htdocs\ADS_Page_Project\system\CodeIgniter.php(333): CodeIgniter\CodeIgniter->handleRequest(NULL, Object(Config\Cache), false)
#3 C:\xampp\htdocs\ADS_Page_Project\public\index.php(44): CodeIgniter\CodeIgniter->run()
#4 {main}
CRITICAL - 2021-04-02 14:19:07 --> Call to a member function close() on null
#0 C:\xampp\htdocs\ADS_Page_Project\system\CodeIgniter.php(936): App\Controllers\News->index()
#1 C:\xampp\htdocs\ADS_Page_Project\system\CodeIgniter.php(432): CodeIgniter\CodeIgniter->runController(Object(App\Controllers\News))
#2 C:\xampp\htdocs\ADS_Page_Project\system\CodeIgniter.php(333): CodeIgniter\CodeIgniter->handleRequest(NULL, Object(Config\Cache), false)
#3 C:\xampp\htdocs\ADS_Page_Project\public\index.php(44): CodeIgniter\CodeIgniter->run()
#4 {main}
CRITICAL - 2021-04-02 14:19:36 --> Call to a member function close() on null
#0 C:\xampp\htdocs\ADS_Page_Project\system\CodeIgniter.php(936): App\Controllers\News->index()
#1 C:\xampp\htdocs\ADS_Page_Project\system\CodeIgniter.php(432): CodeIgniter\CodeIgniter->runController(Object(App\Controllers\News))
#2 C:\xampp\htdocs\ADS_Page_Project\system\CodeIgniter.php(333): CodeIgniter\CodeIgniter->handleRequest(NULL, Object(Config\Cache), false)
#3 C:\xampp\htdocs\ADS_Page_Project\public\index.php(44): CodeIgniter\CodeIgniter->run()
#4 {main}
CRITICAL - 2021-04-02 14:19:39 --> Call to a member function close() on null
#0 C:\xampp\htdocs\ADS_Page_Project\system\CodeIgniter.php(936): App\Controllers\News->index()
#1 C:\xampp\htdocs\ADS_Page_Project\system\CodeIgniter.php(432): CodeIgniter\CodeIgniter->runController(Object(App\Controllers\News))
#2 C:\xampp\htdocs\ADS_Page_Project\system\CodeIgniter.php(333): CodeIgniter\CodeIgniter->handleRequest(NULL, Object(Config\Cache), false)
#3 C:\xampp\htdocs\ADS_Page_Project\public\index.php(44): CodeIgniter\CodeIgniter->run()
#4 {main}
CRITICAL - 2021-04-02 14:19:41 --> Call to a member function close() on null
#0 C:\xampp\htdocs\ADS_Page_Project\system\CodeIgniter.php(936): App\Controllers\News->index()
#1 C:\xampp\htdocs\ADS_Page_Project\system\CodeIgniter.php(432): CodeIgniter\CodeIgniter->runController(Object(App\Controllers\News))
#2 C:\xampp\htdocs\ADS_Page_Project\system\CodeIgniter.php(333): CodeIgniter\CodeIgniter->handleRequest(NULL, Object(Config\Cache), false)
#3 C:\xampp\htdocs\ADS_Page_Project\public\index.php(44): CodeIgniter\CodeIgniter->run()
#4 {main}
CRITICAL - 2021-04-02 14:20:39 --> Argument 2 passed to view() must be of the type array, null given, called in C:\xampp\htdocs\ADS_Page_Project\app\Controllers\News.php on line 132
#0 C:\xampp\htdocs\ADS_Page_Project\app\Controllers\News.php(132): view('visualizar', NULL)
#1 C:\xampp\htdocs\ADS_Page_Project\system\CodeIgniter.php(936): App\Controllers\News->view_new('8')
#2 C:\xampp\htdocs\ADS_Page_Project\system\CodeIgniter.php(432): CodeIgniter\CodeIgniter->runController(Object(App\Controllers\News))
#3 C:\xampp\htdocs\ADS_Page_Project\system\CodeIgniter.php(333): CodeIgniter\CodeIgniter->handleRequest(NULL, Object(Config\Cache), false)
#4 C:\xampp\htdocs\ADS_Page_Project\public\index.php(44): CodeIgniter\CodeIgniter->run()
#5 {main}
CRITICAL - 2021-04-02 14:20:49 --> Call to a member function close() on null
#0 C:\xampp\htdocs\ADS_Page_Project\system\CodeIgniter.php(936): App\Controllers\News->index()
#1 C:\xampp\htdocs\ADS_Page_Project\system\CodeIgniter.php(432): CodeIgniter\CodeIgniter->runController(Object(App\Controllers\News))
#2 C:\xampp\htdocs\ADS_Page_Project\system\CodeIgniter.php(333): CodeIgniter\CodeIgniter->handleRequest(NULL, Object(Config\Cache), false)
#3 C:\xampp\htdocs\ADS_Page_Project\public\index.php(44): CodeIgniter\CodeIgniter->run()
#4 {main}
CRITICAL - 2021-04-02 14:22:11 --> Call to a member function close() on null
#0 C:\xampp\htdocs\ADS_Page_Project\system\CodeIgniter.php(936): App\Controllers\News->index()
#1 C:\xampp\htdocs\ADS_Page_Project\system\CodeIgniter.php(432): CodeIgniter\CodeIgniter->runController(Object(App\Controllers\News))
#2 C:\xampp\htdocs\ADS_Page_Project\system\CodeIgniter.php(333): CodeIgniter\CodeIgniter->handleRequest(NULL, Object(Config\Cache), false)
#3 C:\xampp\htdocs\ADS_Page_Project\public\index.php(44): CodeIgniter\CodeIgniter->run()
#4 {main}
CRITICAL - 2021-04-02 14:22:16 --> Call to a member function close() on null
#0 C:\xampp\htdocs\ADS_Page_Project\system\CodeIgniter.php(936): App\Controllers\News->index()
#1 C:\xampp\htdocs\ADS_Page_Project\system\CodeIgniter.php(432): CodeIgniter\CodeIgniter->runController(Object(App\Controllers\News))
#2 C:\xampp\htdocs\ADS_Page_Project\system\CodeIgniter.php(333): CodeIgniter\CodeIgniter->handleRequest(NULL, Object(Config\Cache), false)
#3 C:\xampp\htdocs\ADS_Page_Project\public\index.php(44): CodeIgniter\CodeIgniter->run()
#4 {main}
CRITICAL - 2021-04-02 14:22:19 --> Call to a member function close() on null
#0 C:\xampp\htdocs\ADS_Page_Project\system\CodeIgniter.php(936): App\Controllers\News->index()
#1 C:\xampp\htdocs\ADS_Page_Project\system\CodeIgniter.php(432): CodeIgniter\CodeIgniter->runController(Object(App\Controllers\News))
#2 C:\xampp\htdocs\ADS_Page_Project\system\CodeIgniter.php(333): CodeIgniter\CodeIgniter->handleRequest(NULL, Object(Config\Cache), false)
#3 C:\xampp\htdocs\ADS_Page_Project\public\index.php(44): CodeIgniter\CodeIgniter->run()
#4 {main}
CRITICAL - 2021-04-02 14:26:23 --> Call to a member function close() on null
#0 C:\xampp\htdocs\ADS_Page_Project\system\CodeIgniter.php(936): App\Controllers\News->index()
#1 C:\xampp\htdocs\ADS_Page_Project\system\CodeIgniter.php(432): CodeIgniter\CodeIgniter->runController(Object(App\Controllers\News))
#2 C:\xampp\htdocs\ADS_Page_Project\system\CodeIgniter.php(333): CodeIgniter\CodeIgniter->handleRequest(NULL, Object(Config\Cache), false)
#3 C:\xampp\htdocs\ADS_Page_Project\public\index.php(44): CodeIgniter\CodeIgniter->run()
#4 {main}
CRITICAL - 2021-04-02 14:26:58 --> syntax error, unexpected ')', expecting ',' or ';'
#0 C:\xampp\htdocs\ADS_Page_Project\system\View\View.php(222): CodeIgniter\View\View->CodeIgniter\View\{closure}()
#1 C:\xampp\htdocs\ADS_Page_Project\system\Common.php(1217): CodeIgniter\View\View->render('visualizar', Array, true)
#2 C:\xampp\htdocs\ADS_Page_Project\app\Controllers\News.php(132): view('visualizar', Array)
#3 C:\xampp\htdocs\ADS_Page_Project\system\CodeIgniter.php(936): App\Controllers\News->view_new('8')
#4 C:\xampp\htdocs\ADS_Page_Project\system\CodeIgniter.php(432): CodeIgniter\CodeIgniter->runController(Object(App\Controllers\News))
#5 C:\xampp\htdocs\ADS_Page_Project\system\CodeIgniter.php(333): CodeIgniter\CodeIgniter->handleRequest(NULL, Object(Config\Cache), false)
#6 C:\xampp\htdocs\ADS_Page_Project\public\index.php(44): CodeIgniter\CodeIgniter->run()
#7 {main}
CRITICAL - 2021-04-02 14:26:59 --> syntax error, unexpected ')', expecting ',' or ';'
#0 C:\xampp\htdocs\ADS_Page_Project\system\View\View.php(222): CodeIgniter\View\View->CodeIgniter\View\{closure}()
#1 C:\xampp\htdocs\ADS_Page_Project\system\Common.php(1217): CodeIgniter\View\View->render('visualizar', Array, true)
#2 C:\xampp\htdocs\ADS_Page_Project\app\Controllers\News.php(132): view('visualizar', Array)
#3 C:\xampp\htdocs\ADS_Page_Project\system\CodeIgniter.php(936): App\Controllers\News->view_new('8')
#4 C:\xampp\htdocs\ADS_Page_Project\system\CodeIgniter.php(432): CodeIgniter\CodeIgniter->runController(Object(App\Controllers\News))
#5 C:\xampp\htdocs\ADS_Page_Project\system\CodeIgniter.php(333): CodeIgniter\CodeIgniter->handleRequest(NULL, Object(Config\Cache), false)
#6 C:\xampp\htdocs\ADS_Page_Project\public\index.php(44): CodeIgniter\CodeIgniter->run()
#7 {main}
CRITICAL - 2021-04-02 14:28:14 --> Call to a member function close() on null
#0 C:\xampp\htdocs\ADS_Page_Project\system\CodeIgniter.php(936): App\Controllers\News->index()
#1 C:\xampp\htdocs\ADS_Page_Project\system\CodeIgniter.php(432): CodeIgniter\CodeIgniter->runController(Object(App\Controllers\News))
#2 C:\xampp\htdocs\ADS_Page_Project\system\CodeIgniter.php(333): CodeIgniter\CodeIgniter->handleRequest(NULL, Object(Config\Cache), false)
#3 C:\xampp\htdocs\ADS_Page_Project\public\index.php(44): CodeIgniter\CodeIgniter->run()
#4 {main}
CRITICAL - 2021-04-02 14:28:19 --> Call to a member function close() on null
#0 C:\xampp\htdocs\ADS_Page_Project\system\CodeIgniter.php(936): App\Controllers\News->index()
#1 C:\xampp\htdocs\ADS_Page_Project\system\CodeIgniter.php(432): CodeIgniter\CodeIgniter->runController(Object(App\Controllers\News))
#2 C:\xampp\htdocs\ADS_Page_Project\system\CodeIgniter.php(333): CodeIgniter\CodeIgniter->handleRequest(NULL, Object(Config\Cache), false)
#3 C:\xampp\htdocs\ADS_Page_Project\public\index.php(44): CodeIgniter\CodeIgniter->run()
#4 {main}
CRITICAL - 2021-04-02 14:28:23 --> Call to a member function close() on null
#0 C:\xampp\htdocs\ADS_Page_Project\system\CodeIgniter.php(936): App\Controllers\News->index()
#1 C:\xampp\htdocs\ADS_Page_Project\system\CodeIgniter.php(432): CodeIgniter\CodeIgniter->runController(Object(App\Controllers\News))
#2 C:\xampp\htdocs\ADS_Page_Project\system\CodeIgniter.php(333): CodeIgniter\CodeIgniter->handleRequest(NULL, Object(Config\Cache), false)
#3 C:\xampp\htdocs\ADS_Page_Project\public\index.php(44): CodeIgniter\CodeIgniter->run()
#4 {main}
CRITICAL - 2021-04-02 14:45:35 --> Call to a member function close() on null
#0 C:\xampp\htdocs\ADS_Page_Project\system\CodeIgniter.php(936): App\Controllers\News->index()
#1 C:\xampp\htdocs\ADS_Page_Project\system\CodeIgniter.php(432): CodeIgniter\CodeIgniter->runController(Object(App\Controllers\News))
#2 C:\xampp\htdocs\ADS_Page_Project\system\CodeIgniter.php(333): CodeIgniter\CodeIgniter->handleRequest(NULL, Object(Config\Cache), false)
#3 C:\xampp\htdocs\ADS_Page_Project\public\index.php(44): CodeIgniter\CodeIgniter->run()
#4 {main}
CRITICAL - 2021-04-02 14:45:47 --> Call to a member function close() on null
#0 C:\xampp\htdocs\ADS_Page_Project\system\CodeIgniter.php(936): App\Controllers\News->index()
#1 C:\xampp\htdocs\ADS_Page_Project\system\CodeIgniter.php(432): CodeIgniter\CodeIgniter->runController(Object(App\Controllers\News))
#2 C:\xampp\htdocs\ADS_Page_Project\system\CodeIgniter.php(333): CodeIgniter\CodeIgniter->handleRequest(NULL, Object(Config\Cache), false)
#3 C:\xampp\htdocs\ADS_Page_Project\public\index.php(44): CodeIgniter\CodeIgniter->run()
#4 {main}
CRITICAL - 2021-04-02 14:49:17 --> Call to a member function close() on null
#0 C:\xampp\htdocs\ADS_Page_Project\system\CodeIgniter.php(936): App\Controllers\News->index()
#1 C:\xampp\htdocs\ADS_Page_Project\system\CodeIgniter.php(432): CodeIgniter\CodeIgniter->runController(Object(App\Controllers\News))
#2 C:\xampp\htdocs\ADS_Page_Project\system\CodeIgniter.php(333): CodeIgniter\CodeIgniter->handleRequest(NULL, Object(Config\Cache), false)
#3 C:\xampp\htdocs\ADS_Page_Project\public\index.php(44): CodeIgniter\CodeIgniter->run()
#4 {main}
CRITICAL - 2021-04-02 14:49:19 --> Call to a member function close() on null
#0 C:\xampp\htdocs\ADS_Page_Project\system\CodeIgniter.php(936): App\Controllers\News->index()
#1 C:\xampp\htdocs\ADS_Page_Project\system\CodeIgniter.php(432): CodeIgniter\CodeIgniter->runController(Object(App\Controllers\News))
#2 C:\xampp\htdocs\ADS_Page_Project\system\CodeIgniter.php(333): CodeIgniter\CodeIgniter->handleRequest(NULL, Object(Config\Cache), false)
#3 C:\xampp\htdocs\ADS_Page_Project\public\index.php(44): CodeIgniter\CodeIgniter->run()
#4 {main}
CRITICAL - 2021-04-02 14:49:21 --> Call to a member function close() on null
#0 C:\xampp\htdocs\ADS_Page_Project\system\CodeIgniter.php(936): App\Controllers\News->index()
#1 C:\xampp\htdocs\ADS_Page_Project\system\CodeIgniter.php(432): CodeIgniter\CodeIgniter->runController(Object(App\Controllers\News))
#2 C:\xampp\htdocs\ADS_Page_Project\system\CodeIgniter.php(333): CodeIgniter\CodeIgniter->handleRequest(NULL, Object(Config\Cache), false)
#3 C:\xampp\htdocs\ADS_Page_Project\public\index.php(44): CodeIgniter\CodeIgniter->run()
#4 {main}
CRITICAL - 2021-04-02 14:49:24 --> Call to a member function close() on null
#0 C:\xampp\htdocs\ADS_Page_Project\system\CodeIgniter.php(936): App\Controllers\News->index()
#1 C:\xampp\htdocs\ADS_Page_Project\system\CodeIgniter.php(432): CodeIgniter\CodeIgniter->runController(Object(App\Controllers\News))
#2 C:\xampp\htdocs\ADS_Page_Project\system\CodeIgniter.php(333): CodeIgniter\CodeIgniter->handleRequest(NULL, Object(Config\Cache), false)
#3 C:\xampp\htdocs\ADS_Page_Project\public\index.php(44): CodeIgniter\CodeIgniter->run()
#4 {main}
CRITICAL - 2021-04-02 15:33:19 --> Call to a member function close() on null
#0 C:\xampp\htdocs\ADS_Page_Project\system\CodeIgniter.php(936): App\Controllers\News->index()
#1 C:\xampp\htdocs\ADS_Page_Project\system\CodeIgniter.php(432): CodeIgniter\CodeIgniter->runController(Object(App\Controllers\News))
#2 C:\xampp\htdocs\ADS_Page_Project\system\CodeIgniter.php(333): CodeIgniter\CodeIgniter->handleRequest(NULL, Object(Config\Cache), false)
#3 C:\xampp\htdocs\ADS_Page_Project\public\index.php(44): CodeIgniter\CodeIgniter->run()
#4 {main}
CRITICAL - 2021-04-02 15:33:22 --> Call to a member function close() on null
#0 C:\xampp\htdocs\ADS_Page_Project\system\CodeIgniter.php(936): App\Controllers\News->index()
#1 C:\xampp\htdocs\ADS_Page_Project\system\CodeIgniter.php(432): CodeIgniter\CodeIgniter->runController(Object(App\Controllers\News))
#2 C:\xampp\htdocs\ADS_Page_Project\system\CodeIgniter.php(333): CodeIgniter\CodeIgniter->handleRequest(NULL, Object(Config\Cache), false)
#3 C:\xampp\htdocs\ADS_Page_Project\public\index.php(44): CodeIgniter\CodeIgniter->run()
#4 {main}
CRITICAL - 2021-04-02 15:33:45 --> Call to a member function close() on null
#0 C:\xampp\htdocs\ADS_Page_Project\system\CodeIgniter.php(936): App\Controllers\News->index()
#1 C:\xampp\htdocs\ADS_Page_Project\system\CodeIgniter.php(432): CodeIgniter\CodeIgniter->runController(Object(App\Controllers\News))
#2 C:\xampp\htdocs\ADS_Page_Project\system\CodeIgniter.php(333): CodeIgniter\CodeIgniter->handleRequest(NULL, Object(Config\Cache), false)
#3 C:\xampp\htdocs\ADS_Page_Project\public\index.php(44): CodeIgniter\CodeIgniter->run()
#4 {main}
CRITICAL - 2021-04-02 15:33:49 --> Call to a member function close() on null
#0 C:\xampp\htdocs\ADS_Page_Project\system\CodeIgniter.php(936): App\Controllers\News->index()
#1 C:\xampp\htdocs\ADS_Page_Project\system\CodeIgniter.php(432): CodeIgniter\CodeIgniter->runController(Object(App\Controllers\News))
#2 C:\xampp\htdocs\ADS_Page_Project\system\CodeIgniter.php(333): CodeIgniter\CodeIgniter->handleRequest(NULL, Object(Config\Cache), false)
#3 C:\xampp\htdocs\ADS_Page_Project\public\index.php(44): CodeIgniter\CodeIgniter->run()
#4 {main}
CRITICAL - 2021-04-02 15:33:52 --> Call to a member function close() on null
#0 C:\xampp\htdocs\ADS_Page_Project\system\CodeIgniter.php(936): App\Controllers\News->index()
#1 C:\xampp\htdocs\ADS_Page_Project\system\CodeIgniter.php(432): CodeIgniter\CodeIgniter->runController(Object(App\Controllers\News))
#2 C:\xampp\htdocs\ADS_Page_Project\system\CodeIgniter.php(333): CodeIgniter\CodeIgniter->handleRequest(NULL, Object(Config\Cache), false)
#3 C:\xampp\htdocs\ADS_Page_Project\public\index.php(44): CodeIgniter\CodeIgniter->run()
#4 {main}
CRITICAL - 2021-04-02 15:33:54 --> Call to a member function close() on null
#0 C:\xampp\htdocs\ADS_Page_Project\system\CodeIgniter.php(936): App\Controllers\News->index()
#1 C:\xampp\htdocs\ADS_Page_Project\system\CodeIgniter.php(432): CodeIgniter\CodeIgniter->runController(Object(App\Controllers\News))
#2 C:\xampp\htdocs\ADS_Page_Project\system\CodeIgniter.php(333): CodeIgniter\CodeIgniter->handleRequest(NULL, Object(Config\Cache), false)
#3 C:\xampp\htdocs\ADS_Page_Project\public\index.php(44): CodeIgniter\CodeIgniter->run()
#4 {main}
CRITICAL - 2021-04-02 15:37:30 --> count(): Parameter must be an array or an object that implements Countable
#0 C:\xampp\htdocs\ADS_Page_Project\app\Views\teste.php(132): CodeIgniter\Debug\Exceptions->errorHandler(2, 'count(): Parame...', 'C:\\xampp\\htdocs...', 132, Array)
#1 C:\xampp\htdocs\ADS_Page_Project\system\View\View.php(220): include('C:\\xampp\\htdocs...')
#2 C:\xampp\htdocs\ADS_Page_Project\system\View\View.php(222): CodeIgniter\View\View->CodeIgniter\View\{closure}()
#3 C:\xampp\htdocs\ADS_Page_Project\system\Common.php(1217): CodeIgniter\View\View->render('teste', Array, true)
#4 C:\xampp\htdocs\ADS_Page_Project\app\Controllers\Home.php(7): view('teste')
#5 C:\xampp\htdocs\ADS_Page_Project\system\CodeIgniter.php(936): App\Controllers\Home->index()
#6 C:\xampp\htdocs\ADS_Page_Project\system\CodeIgniter.php(432): CodeIgniter\CodeIgniter->runController(Object(App\Controllers\Home))
#7 C:\xampp\htdocs\ADS_Page_Project\system\CodeIgniter.php(333): CodeIgniter\CodeIgniter->handleRequest(NULL, Object(Config\Cache), false)
#8 C:\xampp\htdocs\ADS_Page_Project\public\index.php(44): CodeIgniter\CodeIgniter->run()
#9 {main}
CRITICAL - 2021-04-02 15:37:33 --> Call to a member function close() on null
#0 C:\xampp\htdocs\ADS_Page_Project\system\CodeIgniter.php(936): App\Controllers\News->index()
#1 C:\xampp\htdocs\ADS_Page_Project\system\CodeIgniter.php(432): CodeIgniter\CodeIgniter->runController(Object(App\Controllers\News))
#2 C:\xampp\htdocs\ADS_Page_Project\system\CodeIgniter.php(333): CodeIgniter\CodeIgniter->handleRequest(NULL, Object(Config\Cache), false)
#3 C:\xampp\htdocs\ADS_Page_Project\public\index.php(44): CodeIgniter\CodeIgniter->run()
#4 {main}
CRITICAL - 2021-04-02 15:37:36 --> Call to a member function close() on null
#0 C:\xampp\htdocs\ADS_Page_Project\system\CodeIgniter.php(936): App\Controllers\News->index()
#1 C:\xampp\htdocs\ADS_Page_Project\system\CodeIgniter.php(432): CodeIgniter\CodeIgniter->runController(Object(App\Controllers\News))
#2 C:\xampp\htdocs\ADS_Page_Project\system\CodeIgniter.php(333): CodeIgniter\CodeIgniter->handleRequest(NULL, Object(Config\Cache), false)
#3 C:\xampp\htdocs\ADS_Page_Project\public\index.php(44): CodeIgniter\CodeIgniter->run()
#4 {main}
CRITICAL - 2021-04-02 17:34:18 --> count(): Parameter must be an array or an object that implements Countable
#0 C:\xampp\htdocs\ADS_Page_Project\app\Views\teste.php(132): CodeIgniter\Debug\Exceptions->errorHandler(2, 'count(): Parame...', 'C:\\xampp\\htdocs...', 132, Array)
#1 C:\xampp\htdocs\ADS_Page_Project\system\View\View.php(220): include('C:\\xampp\\htdocs...')
#2 C:\xampp\htdocs\ADS_Page_Project\system\View\View.php(222): CodeIgniter\View\View->CodeIgniter\View\{closure}()
#3 C:\xampp\htdocs\ADS_Page_Project\system\Common.php(1217): CodeIgniter\View\View->render('teste', Array, true)
#4 C:\xampp\htdocs\ADS_Page_Project\app\Controllers\Home.php(7): view('teste')
#5 C:\xampp\htdocs\ADS_Page_Project\system\CodeIgniter.php(936): App\Controllers\Home->index()
#6 C:\xampp\htdocs\ADS_Page_Project\system\CodeIgniter.php(432): CodeIgniter\CodeIgniter->runController(Object(App\Controllers\Home))
#7 C:\xampp\htdocs\ADS_Page_Project\system\CodeIgniter.php(333): CodeIgniter\CodeIgniter->handleRequest(NULL, Object(Config\Cache), false)
#8 C:\xampp\htdocs\ADS_Page_Project\public\index.php(44): CodeIgniter\CodeIgniter->run()
#9 {main}
CRITICAL - 2021-04-02 18:03:17 --> Too few arguments to function App\Controllers\News::search(), 0 passed in C:\xampp\htdocs\ADS_Page_Project\system\CodeIgniter.php on line 936 and exactly 1 expected
#0 C:\xampp\htdocs\ADS_Page_Project\system\CodeIgniter.php(936): App\Controllers\News->search()
#1 C:\xampp\htdocs\ADS_Page_Project\system\CodeIgniter.php(432): CodeIgniter\CodeIgniter->runController(Object(App\Controllers\News))
#2 C:\xampp\htdocs\ADS_Page_Project\system\CodeIgniter.php(333): CodeIgniter\CodeIgniter->handleRequest(NULL, Object(Config\Cache), false)
#3 C:\xampp\htdocs\ADS_Page_Project\public\index.php(44): CodeIgniter\CodeIgniter->run()
#4 {main}
CRITICAL - 2021-04-02 18:03:21 --> Call to a member function like() on null
#0 C:\xampp\htdocs\ADS_Page_Project\system\CodeIgniter.php(936): App\Controllers\News->search(NULL)
#1 C:\xampp\htdocs\ADS_Page_Project\system\CodeIgniter.php(432): CodeIgniter\CodeIgniter->runController(Object(App\Controllers\News))
#2 C:\xampp\htdocs\ADS_Page_Project\system\CodeIgniter.php(333): CodeIgniter\CodeIgniter->handleRequest(NULL, Object(Config\Cache), false)
#3 C:\xampp\htdocs\ADS_Page_Project\public\index.php(44): CodeIgniter\CodeIgniter->run()
#4 {main}
CRITICAL - 2021-04-02 18:05:31 --> Call to a member function like() on null
#0 C:\xampp\htdocs\ADS_Page_Project\system\CodeIgniter.php(936): App\Controllers\News->search(NULL)
#1 C:\xampp\htdocs\ADS_Page_Project\system\CodeIgniter.php(432): CodeIgniter\CodeIgniter->runController(Object(App\Controllers\News))
#2 C:\xampp\htdocs\ADS_Page_Project\system\CodeIgniter.php(333): CodeIgniter\CodeIgniter->handleRequest(NULL, Object(Config\Cache), false)
#3 C:\xampp\htdocs\ADS_Page_Project\public\index.php(44): CodeIgniter\CodeIgniter->run()
#4 {main}
