CRITICAL - 2021-09-21 14:25:11 --> A non-numeric value encountered
#0 C:\xampp\htdocs\TccGit\app\Views\onibusHorario.php(13): CodeIgniter\Debug\Exceptions->errorHandler(2, 'A non-numeric v...', 'C:\\xampp\\htdocs...', 13)
#1 C:\xampp\htdocs\TccGit\system\View\View.php(220): include('C:\\xampp\\htdocs...')
#2 C:\xampp\htdocs\TccGit\system\View\View.php(222): CodeIgniter\View\View->CodeIgniter\View\{closure}()
#3 C:\xampp\htdocs\TccGit\system\Common.php(1217): CodeIgniter\View\View->render('onibusHorario.p...', Array, true)
#4 C:\xampp\htdocs\TccGit\app\Controllers\Home.php(104): view('onibusHorario.p...', Array)
#5 C:\xampp\htdocs\TccGit\system\CodeIgniter.php(936): App\Controllers\Home->onibusHorario('2', '3003')
#6 C:\xampp\htdocs\TccGit\system\CodeIgniter.php(432): CodeIgniter\CodeIgniter->runController(Object(App\Controllers\Home))
#7 C:\xampp\htdocs\TccGit\system\CodeIgniter.php(333): CodeIgniter\CodeIgniter->handleRequest(NULL, Object(Config\Cache), false)
#8 C:\xampp\htdocs\TccGit\public\index.php(44): CodeIgniter\CodeIgniter->run()
#9 {main}
CRITICAL - 2021-09-21 14:51:40 --> Allowed memory size of 536870912 bytes exhausted (tried to allocate 266354688 bytes)
#0 [internal function]: CodeIgniter\Debug\Exceptions->shutdownHandler()
#1 {main}
CRITICAL - 2021-09-21 14:56:10 --> Undefined variable $dataHora
#0 C:\xampp\htdocs\TccGit\app\Views\onibusHorario.php(15): CodeIgniter\Debug\Exceptions->errorHandler(2, 'Undefined varia...', 'C:\\xampp\\htdocs...', 15)
#1 C:\xampp\htdocs\TccGit\system\View\View.php(220): include('C:\\xampp\\htdocs...')
#2 C:\xampp\htdocs\TccGit\system\View\View.php(222): CodeIgniter\View\View->CodeIgniter\View\{closure}()
#3 C:\xampp\htdocs\TccGit\system\Common.php(1217): CodeIgniter\View\View->render('onibusHorario.p...', Array, true)
#4 C:\xampp\htdocs\TccGit\app\Controllers\Home.php(104): view('onibusHorario.p...', Array)
#5 C:\xampp\htdocs\TccGit\system\CodeIgniter.php(936): App\Controllers\Home->onibusHorario('1', '3002')
#6 C:\xampp\htdocs\TccGit\system\CodeIgniter.php(432): CodeIgniter\CodeIgniter->runController(Object(App\Controllers\Home))
#7 C:\xampp\htdocs\TccGit\system\CodeIgniter.php(333): CodeIgniter\CodeIgniter->handleRequest(NULL, Object(Config\Cache), false)
#8 C:\xampp\htdocs\TccGit\public\index.php(44): CodeIgniter\CodeIgniter->run()
#9 {main}
CRITICAL - 2021-09-21 14:56:45 --> Undefined variable $dataHora
#0 C:\xampp\htdocs\TccGit\app\Views\onibusHorario.php(16): CodeIgniter\Debug\Exceptions->errorHandler(2, 'Undefined varia...', 'C:\\xampp\\htdocs...', 16)
#1 C:\xampp\htdocs\TccGit\system\View\View.php(220): include('C:\\xampp\\htdocs...')
#2 C:\xampp\htdocs\TccGit\system\View\View.php(222): CodeIgniter\View\View->CodeIgniter\View\{closure}()
#3 C:\xampp\htdocs\TccGit\system\Common.php(1217): CodeIgniter\View\View->render('onibusHorario.p...', Array, true)
#4 C:\xampp\htdocs\TccGit\app\Controllers\Home.php(104): view('onibusHorario.p...', Array)
#5 C:\xampp\htdocs\TccGit\system\CodeIgniter.php(936): App\Controllers\Home->onibusHorario('1', '3002')
#6 C:\xampp\htdocs\TccGit\system\CodeIgniter.php(432): CodeIgniter\CodeIgniter->runController(Object(App\Controllers\Home))
#7 C:\xampp\htdocs\TccGit\system\CodeIgniter.php(333): CodeIgniter\CodeIgniter->handleRequest(NULL, Object(Config\Cache), false)
#8 C:\xampp\htdocs\TccGit\public\index.php(44): CodeIgniter\CodeIgniter->run()
#9 {main}
CRITICAL - 2021-09-21 15:10:55 --> Undefined variable $dataHora
#0 C:\xampp\htdocs\TccGit\app\Views\onibusHorario.php(22): CodeIgniter\Debug\Exceptions->errorHandler(2, 'Undefined varia...', 'C:\\xampp\\htdocs...', 22)
#1 C:\xampp\htdocs\TccGit\system\View\View.php(220): include('C:\\xampp\\htdocs...')
#2 C:\xampp\htdocs\TccGit\system\View\View.php(222): CodeIgniter\View\View->CodeIgniter\View\{closure}()
#3 C:\xampp\htdocs\TccGit\system\Common.php(1217): CodeIgniter\View\View->render('onibusHorario.p...', Array, true)
#4 C:\xampp\htdocs\TccGit\app\Controllers\Home.php(104): view('onibusHorario.p...', Array)
#5 C:\xampp\htdocs\TccGit\system\CodeIgniter.php(936): App\Controllers\Home->onibusHorario('1', '3002')
#6 C:\xampp\htdocs\TccGit\system\CodeIgniter.php(432): CodeIgniter\CodeIgniter->runController(Object(App\Controllers\Home))
#7 C:\xampp\htdocs\TccGit\system\CodeIgniter.php(333): CodeIgniter\CodeIgniter->handleRequest(NULL, Object(Config\Cache), false)
#8 C:\xampp\htdocs\TccGit\public\index.php(44): CodeIgniter\CodeIgniter->run()
#9 {main}
CRITICAL - 2021-09-21 15:11:24 --> Undefined variable $primeira
#0 C:\xampp\htdocs\TccGit\app\Views\onibusHorario.php(24): CodeIgniter\Debug\Exceptions->errorHandler(2, 'Undefined varia...', 'C:\\xampp\\htdocs...', 24)
#1 C:\xampp\htdocs\TccGit\system\View\View.php(220): include('C:\\xampp\\htdocs...')
#2 C:\xampp\htdocs\TccGit\system\View\View.php(222): CodeIgniter\View\View->CodeIgniter\View\{closure}()
#3 C:\xampp\htdocs\TccGit\system\Common.php(1217): CodeIgniter\View\View->render('onibusHorario.p...', Array, true)
#4 C:\xampp\htdocs\TccGit\app\Controllers\Home.php(104): view('onibusHorario.p...', Array)
#5 C:\xampp\htdocs\TccGit\system\CodeIgniter.php(936): App\Controllers\Home->onibusHorario('1', '3002')
#6 C:\xampp\htdocs\TccGit\system\CodeIgniter.php(432): CodeIgniter\CodeIgniter->runController(Object(App\Controllers\Home))
#7 C:\xampp\htdocs\TccGit\system\CodeIgniter.php(333): CodeIgniter\CodeIgniter->handleRequest(NULL, Object(Config\Cache), false)
#8 C:\xampp\htdocs\TccGit\public\index.php(44): CodeIgniter\CodeIgniter->run()
#9 {main}
CRITICAL - 2021-09-21 15:12:36 --> Undefined variable $dataHora
#0 C:\xampp\htdocs\TccGit\app\Views\onibusHorario.php(22): CodeIgniter\Debug\Exceptions->errorHandler(2, 'Undefined varia...', 'C:\\xampp\\htdocs...', 22)
#1 C:\xampp\htdocs\TccGit\system\View\View.php(220): include('C:\\xampp\\htdocs...')
#2 C:\xampp\htdocs\TccGit\system\View\View.php(222): CodeIgniter\View\View->CodeIgniter\View\{closure}()
#3 C:\xampp\htdocs\TccGit\system\Common.php(1217): CodeIgniter\View\View->render('onibusHorario.p...', Array, true)
#4 C:\xampp\htdocs\TccGit\app\Controllers\Home.php(104): view('onibusHorario.p...', Array)
#5 C:\xampp\htdocs\TccGit\system\CodeIgniter.php(936): App\Controllers\Home->onibusHorario('1', '3002')
#6 C:\xampp\htdocs\TccGit\system\CodeIgniter.php(432): CodeIgniter\CodeIgniter->runController(Object(App\Controllers\Home))
#7 C:\xampp\htdocs\TccGit\system\CodeIgniter.php(333): CodeIgniter\CodeIgniter->handleRequest(NULL, Object(Config\Cache), false)
#8 C:\xampp\htdocs\TccGit\public\index.php(44): CodeIgniter\CodeIgniter->run()
#9 {main}
CRITICAL - 2021-09-21 15:22:01 --> Undefined variable $dataHora
#0 C:\xampp\htdocs\TccGit\app\Views\onibusHorario.php(24): CodeIgniter\Debug\Exceptions->errorHandler(2, 'Undefined varia...', 'C:\\xampp\\htdocs...', 24)
#1 C:\xampp\htdocs\TccGit\system\View\View.php(220): include('C:\\xampp\\htdocs...')
#2 C:\xampp\htdocs\TccGit\system\View\View.php(222): CodeIgniter\View\View->CodeIgniter\View\{closure}()
#3 C:\xampp\htdocs\TccGit\system\Common.php(1217): CodeIgniter\View\View->render('onibusHorario.p...', Array, true)
#4 C:\xampp\htdocs\TccGit\app\Controllers\Home.php(104): view('onibusHorario.p...', Array)
#5 C:\xampp\htdocs\TccGit\system\CodeIgniter.php(936): App\Controllers\Home->onibusHorario('1', '3002')
#6 C:\xampp\htdocs\TccGit\system\CodeIgniter.php(432): CodeIgniter\CodeIgniter->runController(Object(App\Controllers\Home))
#7 C:\xampp\htdocs\TccGit\system\CodeIgniter.php(333): CodeIgniter\CodeIgniter->handleRequest(NULL, Object(Config\Cache), false)
#8 C:\xampp\htdocs\TccGit\public\index.php(44): CodeIgniter\CodeIgniter->run()
#9 {main}
CRITICAL - 2021-09-21 15:30:21 --> Undefined variable $dataHora
#0 C:\xampp\htdocs\TccGit\app\Views\onibusHorario.php(23): CodeIgniter\Debug\Exceptions->errorHandler(2, 'Undefined varia...', 'C:\\xampp\\htdocs...', 23)
#1 C:\xampp\htdocs\TccGit\system\View\View.php(220): include('C:\\xampp\\htdocs...')
#2 C:\xampp\htdocs\TccGit\system\View\View.php(222): CodeIgniter\View\View->CodeIgniter\View\{closure}()
#3 C:\xampp\htdocs\TccGit\system\Common.php(1217): CodeIgniter\View\View->render('onibusHorario.p...', Array, true)
#4 C:\xampp\htdocs\TccGit\app\Controllers\Home.php(104): view('onibusHorario.p...', Array)
#5 C:\xampp\htdocs\TccGit\system\CodeIgniter.php(936): App\Controllers\Home->onibusHorario('1', '3002')
#6 C:\xampp\htdocs\TccGit\system\CodeIgniter.php(432): CodeIgniter\CodeIgniter->runController(Object(App\Controllers\Home))
#7 C:\xampp\htdocs\TccGit\system\CodeIgniter.php(333): CodeIgniter\CodeIgniter->handleRequest(NULL, Object(Config\Cache), false)
#8 C:\xampp\htdocs\TccGit\public\index.php(44): CodeIgniter\CodeIgniter->run()
#9 {main}
