CRITICAL - 2021-07-29 05:52:55 --> Call to undefined method CodeIgniter\Session\Session::set_userdata()
#0 C:\xampp\htdocs\Tcc\system\CodeIgniter.php(936): App\Controllers\Admin->autenticar()
#1 C:\xampp\htdocs\Tcc\system\CodeIgniter.php(432): CodeIgniter\CodeIgniter->runController(Object(App\Controllers\Admin))
#2 C:\xampp\htdocs\Tcc\system\CodeIgniter.php(333): CodeIgniter\CodeIgniter->handleRequest(NULL, Object(Config\Cache), false)
#3 C:\xampp\htdocs\Tcc\public\index.php(44): CodeIgniter\CodeIgniter->run()
#4 {main}
CRITICAL - 2021-07-29 05:55:15 --> Undefined property: App\Controllers\Admin::$load
#0 C:\xampp\htdocs\Tcc\app\Controllers\Admin.php(53): CodeIgniter\Debug\Exceptions->errorHandler(2, 'Undefined prope...', 'C:\\xampp\\htdocs...', 53)
#1 C:\xampp\htdocs\Tcc\system\CodeIgniter.php(936): App\Controllers\Admin->autenticar()
#2 C:\xampp\htdocs\Tcc\system\CodeIgniter.php(432): CodeIgniter\CodeIgniter->runController(Object(App\Controllers\Admin))
#3 C:\xampp\htdocs\Tcc\system\CodeIgniter.php(333): CodeIgniter\CodeIgniter->handleRequest(NULL, Object(Config\Cache), false)
#4 C:\xampp\htdocs\Tcc\public\index.php(44): CodeIgniter\CodeIgniter->run()
#5 {main}
CRITICAL - 2021-07-29 05:56:15 --> Undefined property: App\Controllers\Admin::$load
#0 C:\xampp\htdocs\Tcc\app\Controllers\Admin.php(23): CodeIgniter\Debug\Exceptions->errorHandler(2, 'Undefined prope...', 'C:\\xampp\\htdocs...', 23)
#1 C:\xampp\htdocs\Tcc\system\CodeIgniter.php(909): App\Controllers\Admin->initController(Object(CodeIgniter\HTTP\IncomingRequest), Object(CodeIgniter\HTTP\Response), Object(CodeIgniter\Log\Logger))
#2 C:\xampp\htdocs\Tcc\system\CodeIgniter.php(422): CodeIgniter\CodeIgniter->createController()
#3 C:\xampp\htdocs\Tcc\system\CodeIgniter.php(333): CodeIgniter\CodeIgniter->handleRequest(NULL, Object(Config\Cache), false)
#4 C:\xampp\htdocs\Tcc\public\index.php(44): CodeIgniter\CodeIgniter->run()
#5 {main}
CRITICAL - 2021-07-29 05:58:00 --> Undefined variable $config
#0 C:\xampp\htdocs\Tcc\app\Controllers\Admin.php(22): CodeIgniter\Debug\Exceptions->errorHandler(2, 'Undefined varia...', 'C:\\xampp\\htdocs...', 22)
#1 C:\xampp\htdocs\Tcc\system\CodeIgniter.php(909): App\Controllers\Admin->initController(Object(CodeIgniter\HTTP\IncomingRequest), Object(CodeIgniter\HTTP\Response), Object(CodeIgniter\Log\Logger))
#2 C:\xampp\htdocs\Tcc\system\CodeIgniter.php(422): CodeIgniter\CodeIgniter->createController()
#3 C:\xampp\htdocs\Tcc\system\CodeIgniter.php(333): CodeIgniter\CodeIgniter->handleRequest(NULL, Object(Config\Cache), false)
#4 C:\xampp\htdocs\Tcc\public\index.php(44): CodeIgniter\CodeIgniter->run()
#5 {main}
CRITICAL - 2021-07-29 06:03:10 --> Call to undefined method App\Controllers\Admin::set()
#0 C:\xampp\htdocs\Tcc\system\CodeIgniter.php(936): App\Controllers\Admin->autenticar()
#1 C:\xampp\htdocs\Tcc\system\CodeIgniter.php(432): CodeIgniter\CodeIgniter->runController(Object(App\Controllers\Admin))
#2 C:\xampp\htdocs\Tcc\system\CodeIgniter.php(333): CodeIgniter\CodeIgniter->handleRequest(NULL, Object(Config\Cache), false)
#3 C:\xampp\htdocs\Tcc\public\index.php(44): CodeIgniter\CodeIgniter->run()
#4 {main}
CRITICAL - 2021-07-29 06:04:33 --> Call to undefined method App\Controllers\Admin::set()
#0 C:\xampp\htdocs\Tcc\system\CodeIgniter.php(936): App\Controllers\Admin->autenticar()
#1 C:\xampp\htdocs\Tcc\system\CodeIgniter.php(432): CodeIgniter\CodeIgniter->runController(Object(App\Controllers\Admin))
#2 C:\xampp\htdocs\Tcc\system\CodeIgniter.php(333): CodeIgniter\CodeIgniter->handleRequest(NULL, Object(Config\Cache), false)
#3 C:\xampp\htdocs\Tcc\public\index.php(44): CodeIgniter\CodeIgniter->run()
#4 {main}
CRITICAL - 2021-07-29 06:04:47 --> Call to undefined method App\Controllers\Admin::set()
#0 C:\xampp\htdocs\Tcc\system\CodeIgniter.php(936): App\Controllers\Admin->autenticar()
#1 C:\xampp\htdocs\Tcc\system\CodeIgniter.php(432): CodeIgniter\CodeIgniter->runController(Object(App\Controllers\Admin))
#2 C:\xampp\htdocs\Tcc\system\CodeIgniter.php(333): CodeIgniter\CodeIgniter->handleRequest(NULL, Object(Config\Cache), false)
#3 C:\xampp\htdocs\Tcc\public\index.php(44): CodeIgniter\CodeIgniter->run()
#4 {main}
CRITICAL - 2021-07-29 06:04:54 --> Call to undefined method App\Controllers\Admin::set()
#0 C:\xampp\htdocs\Tcc\system\CodeIgniter.php(936): App\Controllers\Admin->autenticar()
#1 C:\xampp\htdocs\Tcc\system\CodeIgniter.php(432): CodeIgniter\CodeIgniter->runController(Object(App\Controllers\Admin))
#2 C:\xampp\htdocs\Tcc\system\CodeIgniter.php(333): CodeIgniter\CodeIgniter->handleRequest(NULL, Object(Config\Cache), false)
#3 C:\xampp\htdocs\Tcc\public\index.php(44): CodeIgniter\CodeIgniter->run()
#4 {main}
CRITICAL - 2021-07-29 06:10:58 --> Undefined variable $config
#0 C:\xampp\htdocs\Tcc\app\Controllers\Admin.php(48): CodeIgniter\Debug\Exceptions->errorHandler(2, 'Undefined varia...', 'C:\\xampp\\htdocs...', 48)
#1 C:\xampp\htdocs\Tcc\system\CodeIgniter.php(936): App\Controllers\Admin->autenticar()
#2 C:\xampp\htdocs\Tcc\system\CodeIgniter.php(432): CodeIgniter\CodeIgniter->runController(Object(App\Controllers\Admin))
#3 C:\xampp\htdocs\Tcc\system\CodeIgniter.php(333): CodeIgniter\CodeIgniter->handleRequest(NULL, Object(Config\Cache), false)
#4 C:\xampp\htdocs\Tcc\public\index.php(44): CodeIgniter\CodeIgniter->run()
#5 {main}
CRITICAL - 2021-07-29 06:12:23 --> Array to string conversion
#0 C:\xampp\htdocs\Tcc\app\Controllers\Admin.php(55): CodeIgniter\Debug\Exceptions->errorHandler(2, 'Array to string...', 'C:\\xampp\\htdocs...', 55)
#1 C:\xampp\htdocs\Tcc\system\CodeIgniter.php(936): App\Controllers\Admin->autenticar()
#2 C:\xampp\htdocs\Tcc\system\CodeIgniter.php(432): CodeIgniter\CodeIgniter->runController(Object(App\Controllers\Admin))
#3 C:\xampp\htdocs\Tcc\system\CodeIgniter.php(333): CodeIgniter\CodeIgniter->handleRequest(NULL, Object(Config\Cache), false)
#4 C:\xampp\htdocs\Tcc\public\index.php(44): CodeIgniter\CodeIgniter->run()
#5 {main}
CRITICAL - 2021-07-29 06:16:43 --> Undefined constant "Admin"
#0 C:\xampp\htdocs\Tcc\system\View\View.php(220): include()
#1 C:\xampp\htdocs\Tcc\system\View\View.php(222): CodeIgniter\View\View->CodeIgniter\View\{closure}()
#2 C:\xampp\htdocs\Tcc\system\Common.php(1217): CodeIgniter\View\View->render('AdminSite/admin', Array, true)
#3 C:\xampp\htdocs\Tcc\app\Controllers\Admin.php(58): view('AdminSite/admin')
#4 C:\xampp\htdocs\Tcc\system\CodeIgniter.php(936): App\Controllers\Admin->autenticar()
#5 C:\xampp\htdocs\Tcc\system\CodeIgniter.php(432): CodeIgniter\CodeIgniter->runController(Object(App\Controllers\Admin))
#6 C:\xampp\htdocs\Tcc\system\CodeIgniter.php(333): CodeIgniter\CodeIgniter->handleRequest(NULL, Object(Config\Cache), false)
#7 C:\xampp\htdocs\Tcc\public\index.php(44): CodeIgniter\CodeIgniter->run()
#8 {main}
CRITICAL - 2021-07-29 06:18:23 --> Call to undefined method CodeIgniter\Session\Session::set_flashdata()
#0 C:\xampp\htdocs\Tcc\system\CodeIgniter.php(936): App\Controllers\Admin->autenticar()
#1 C:\xampp\htdocs\Tcc\system\CodeIgniter.php(432): CodeIgniter\CodeIgniter->runController(Object(App\Controllers\Admin))
#2 C:\xampp\htdocs\Tcc\system\CodeIgniter.php(333): CodeIgniter\CodeIgniter->handleRequest(NULL, Object(Config\Cache), false)
#3 C:\xampp\htdocs\Tcc\public\index.php(44): CodeIgniter\CodeIgniter->run()
#4 {main}
CRITICAL - 2021-07-29 07:40:55 --> Undefined variable $login
#0 C:\xampp\htdocs\Tcc\app\Controllers\Admin.php(41): CodeIgniter\Debug\Exceptions->errorHandler(2, 'Undefined varia...', 'C:\\xampp\\htdocs...', 41)
#1 C:\xampp\htdocs\Tcc\system\CodeIgniter.php(936): App\Controllers\Admin->autenticar()
#2 C:\xampp\htdocs\Tcc\system\CodeIgniter.php(432): CodeIgniter\CodeIgniter->runController(Object(App\Controllers\Admin))
#3 C:\xampp\htdocs\Tcc\system\CodeIgniter.php(333): CodeIgniter\CodeIgniter->handleRequest(NULL, Object(Config\Cache), false)
#4 C:\xampp\htdocs\Tcc\public\index.php(44): CodeIgniter\CodeIgniter->run()
#5 {main}
CRITICAL - 2021-07-29 07:41:06 --> Undefined variable $login
#0 C:\xampp\htdocs\Tcc\app\Controllers\Admin.php(41): CodeIgniter\Debug\Exceptions->errorHandler(2, 'Undefined varia...', 'C:\\xampp\\htdocs...', 41)
#1 C:\xampp\htdocs\Tcc\system\CodeIgniter.php(936): App\Controllers\Admin->autenticar()
#2 C:\xampp\htdocs\Tcc\system\CodeIgniter.php(432): CodeIgniter\CodeIgniter->runController(Object(App\Controllers\Admin))
#3 C:\xampp\htdocs\Tcc\system\CodeIgniter.php(333): CodeIgniter\CodeIgniter->handleRequest(NULL, Object(Config\Cache), false)
#4 C:\xampp\htdocs\Tcc\public\index.php(44): CodeIgniter\CodeIgniter->run()
#5 {main}
CRITICAL - 2021-07-29 08:33:53 --> Undefined constant "window"
#0 C:\xampp\htdocs\Tcc\system\View\View.php(220): include()
#1 C:\xampp\htdocs\Tcc\system\View\View.php(222): CodeIgniter\View\View->CodeIgniter\View\{closure}()
#2 C:\xampp\htdocs\Tcc\system\Common.php(1217): CodeIgniter\View\View->render('AdminSite/admin', Array, true)
#3 C:\xampp\htdocs\Tcc\app\Controllers\Admin.php(58): view('AdminSite/admin')
#4 C:\xampp\htdocs\Tcc\system\CodeIgniter.php(936): App\Controllers\Admin->autenticar()
#5 C:\xampp\htdocs\Tcc\system\CodeIgniter.php(432): CodeIgniter\CodeIgniter->runController(Object(App\Controllers\Admin))
#6 C:\xampp\htdocs\Tcc\system\CodeIgniter.php(333): CodeIgniter\CodeIgniter->handleRequest(NULL, Object(Config\Cache), false)
#7 C:\xampp\htdocs\Tcc\public\index.php(44): CodeIgniter\CodeIgniter->run()
#8 {main}
CRITICAL - 2021-07-29 08:34:54 --> Undefined variable $login
#0 C:\xampp\htdocs\Tcc\app\Controllers\Admin.php(41): CodeIgniter\Debug\Exceptions->errorHandler(2, 'Undefined varia...', 'C:\\xampp\\htdocs...', 41)
#1 C:\xampp\htdocs\Tcc\system\CodeIgniter.php(936): App\Controllers\Admin->autenticar()
#2 C:\xampp\htdocs\Tcc\system\CodeIgniter.php(432): CodeIgniter\CodeIgniter->runController(Object(App\Controllers\Admin))
#3 C:\xampp\htdocs\Tcc\system\CodeIgniter.php(333): CodeIgniter\CodeIgniter->handleRequest(NULL, Object(Config\Cache), false)
#4 C:\xampp\htdocs\Tcc\public\index.php(44): CodeIgniter\CodeIgniter->run()
#5 {main}
CRITICAL - 2021-07-29 08:34:56 --> Undefined variable $login
#0 C:\xampp\htdocs\Tcc\app\Controllers\Admin.php(41): CodeIgniter\Debug\Exceptions->errorHandler(2, 'Undefined varia...', 'C:\\xampp\\htdocs...', 41)
#1 C:\xampp\htdocs\Tcc\system\CodeIgniter.php(936): App\Controllers\Admin->autenticar()
#2 C:\xampp\htdocs\Tcc\system\CodeIgniter.php(432): CodeIgniter\CodeIgniter->runController(Object(App\Controllers\Admin))
#3 C:\xampp\htdocs\Tcc\system\CodeIgniter.php(333): CodeIgniter\CodeIgniter->handleRequest(NULL, Object(Config\Cache), false)
#4 C:\xampp\htdocs\Tcc\public\index.php(44): CodeIgniter\CodeIgniter->run()
#5 {main}
CRITICAL - 2021-07-29 08:34:57 --> Undefined variable $login
#0 C:\xampp\htdocs\Tcc\app\Controllers\Admin.php(41): CodeIgniter\Debug\Exceptions->errorHandler(2, 'Undefined varia...', 'C:\\xampp\\htdocs...', 41)
#1 C:\xampp\htdocs\Tcc\system\CodeIgniter.php(936): App\Controllers\Admin->autenticar()
#2 C:\xampp\htdocs\Tcc\system\CodeIgniter.php(432): CodeIgniter\CodeIgniter->runController(Object(App\Controllers\Admin))
#3 C:\xampp\htdocs\Tcc\system\CodeIgniter.php(333): CodeIgniter\CodeIgniter->handleRequest(NULL, Object(Config\Cache), false)
#4 C:\xampp\htdocs\Tcc\public\index.php(44): CodeIgniter\CodeIgniter->run()
#5 {main}
CRITICAL - 2021-07-29 08:35:01 --> Undefined variable $login
#0 C:\xampp\htdocs\Tcc\app\Controllers\Admin.php(41): CodeIgniter\Debug\Exceptions->errorHandler(2, 'Undefined varia...', 'C:\\xampp\\htdocs...', 41)
#1 C:\xampp\htdocs\Tcc\system\CodeIgniter.php(936): App\Controllers\Admin->autenticar()
#2 C:\xampp\htdocs\Tcc\system\CodeIgniter.php(432): CodeIgniter\CodeIgniter->runController(Object(App\Controllers\Admin))
#3 C:\xampp\htdocs\Tcc\system\CodeIgniter.php(333): CodeIgniter\CodeIgniter->handleRequest(NULL, Object(Config\Cache), false)
#4 C:\xampp\htdocs\Tcc\public\index.php(44): CodeIgniter\CodeIgniter->run()
#5 {main}
CRITICAL - 2021-07-29 08:36:23 --> Undefined variable $login
#0 C:\xampp\htdocs\Tcc\app\Controllers\Admin.php(41): CodeIgniter\Debug\Exceptions->errorHandler(2, 'Undefined varia...', 'C:\\xampp\\htdocs...', 41)
#1 C:\xampp\htdocs\Tcc\system\CodeIgniter.php(936): App\Controllers\Admin->autenticar()
#2 C:\xampp\htdocs\Tcc\system\CodeIgniter.php(432): CodeIgniter\CodeIgniter->runController(Object(App\Controllers\Admin))
#3 C:\xampp\htdocs\Tcc\system\CodeIgniter.php(333): CodeIgniter\CodeIgniter->handleRequest(NULL, Object(Config\Cache), false)
#4 C:\xampp\htdocs\Tcc\public\index.php(44): CodeIgniter\CodeIgniter->run()
#5 {main}
CRITICAL - 2021-07-29 08:36:25 --> Undefined variable $login
#0 C:\xampp\htdocs\Tcc\app\Controllers\Admin.php(41): CodeIgniter\Debug\Exceptions->errorHandler(2, 'Undefined varia...', 'C:\\xampp\\htdocs...', 41)
#1 C:\xampp\htdocs\Tcc\system\CodeIgniter.php(936): App\Controllers\Admin->autenticar()
#2 C:\xampp\htdocs\Tcc\system\CodeIgniter.php(432): CodeIgniter\CodeIgniter->runController(Object(App\Controllers\Admin))
#3 C:\xampp\htdocs\Tcc\system\CodeIgniter.php(333): CodeIgniter\CodeIgniter->handleRequest(NULL, Object(Config\Cache), false)
#4 C:\xampp\htdocs\Tcc\public\index.php(44): CodeIgniter\CodeIgniter->run()
#5 {main}
CRITICAL - 2021-07-29 08:36:27 --> Undefined variable $login
#0 C:\xampp\htdocs\Tcc\app\Controllers\Admin.php(41): CodeIgniter\Debug\Exceptions->errorHandler(2, 'Undefined varia...', 'C:\\xampp\\htdocs...', 41)
#1 C:\xampp\htdocs\Tcc\system\CodeIgniter.php(936): App\Controllers\Admin->autenticar()
#2 C:\xampp\htdocs\Tcc\system\CodeIgniter.php(432): CodeIgniter\CodeIgniter->runController(Object(App\Controllers\Admin))
#3 C:\xampp\htdocs\Tcc\system\CodeIgniter.php(333): CodeIgniter\CodeIgniter->handleRequest(NULL, Object(Config\Cache), false)
#4 C:\xampp\htdocs\Tcc\public\index.php(44): CodeIgniter\CodeIgniter->run()
#5 {main}
CRITICAL - 2021-07-29 08:36:28 --> Undefined variable $login
#0 C:\xampp\htdocs\Tcc\app\Controllers\Admin.php(41): CodeIgniter\Debug\Exceptions->errorHandler(2, 'Undefined varia...', 'C:\\xampp\\htdocs...', 41)
#1 C:\xampp\htdocs\Tcc\system\CodeIgniter.php(936): App\Controllers\Admin->autenticar()
#2 C:\xampp\htdocs\Tcc\system\CodeIgniter.php(432): CodeIgniter\CodeIgniter->runController(Object(App\Controllers\Admin))
#3 C:\xampp\htdocs\Tcc\system\CodeIgniter.php(333): CodeIgniter\CodeIgniter->handleRequest(NULL, Object(Config\Cache), false)
#4 C:\xampp\htdocs\Tcc\public\index.php(44): CodeIgniter\CodeIgniter->run()
#5 {main}
CRITICAL - 2021-07-29 08:45:19 --> Undefined constant "App\Controllers\window"
#0 C:\xampp\htdocs\Tcc\system\CodeIgniter.php(936): App\Controllers\Admin->autenticar()
#1 C:\xampp\htdocs\Tcc\system\CodeIgniter.php(432): CodeIgniter\CodeIgniter->runController(Object(App\Controllers\Admin))
#2 C:\xampp\htdocs\Tcc\system\CodeIgniter.php(333): CodeIgniter\CodeIgniter->handleRequest(NULL, Object(Config\Cache), false)
#3 C:\xampp\htdocs\Tcc\public\index.php(44): CodeIgniter\CodeIgniter->run()
#4 {main}
CRITICAL - 2021-07-29 08:46:41 --> Undefined variable $login
#0 C:\xampp\htdocs\Tcc\app\Controllers\Admin.php(41): CodeIgniter\Debug\Exceptions->errorHandler(2, 'Undefined varia...', 'C:\\xampp\\htdocs...', 41)
#1 C:\xampp\htdocs\Tcc\system\CodeIgniter.php(936): App\Controllers\Admin->autenticar()
#2 C:\xampp\htdocs\Tcc\system\CodeIgniter.php(432): CodeIgniter\CodeIgniter->runController(Object(App\Controllers\Admin))
#3 C:\xampp\htdocs\Tcc\system\CodeIgniter.php(333): CodeIgniter\CodeIgniter->handleRequest(NULL, Object(Config\Cache), false)
#4 C:\xampp\htdocs\Tcc\public\index.php(44): CodeIgniter\CodeIgniter->run()
#5 {main}
CRITICAL - 2021-07-29 08:47:20 --> Undefined variable $login
#0 C:\xampp\htdocs\Tcc\app\Controllers\Admin.php(41): CodeIgniter\Debug\Exceptions->errorHandler(2, 'Undefined varia...', 'C:\\xampp\\htdocs...', 41)
#1 C:\xampp\htdocs\Tcc\system\CodeIgniter.php(936): App\Controllers\Admin->autenticar()
#2 C:\xampp\htdocs\Tcc\system\CodeIgniter.php(432): CodeIgniter\CodeIgniter->runController(Object(App\Controllers\Admin))
#3 C:\xampp\htdocs\Tcc\system\CodeIgniter.php(333): CodeIgniter\CodeIgniter->handleRequest(NULL, Object(Config\Cache), false)
#4 C:\xampp\htdocs\Tcc\public\index.php(44): CodeIgniter\CodeIgniter->run()
#5 {main}
CRITICAL - 2021-07-29 08:47:32 --> Undefined variable $login
#0 C:\xampp\htdocs\Tcc\app\Controllers\Admin.php(41): CodeIgniter\Debug\Exceptions->errorHandler(2, 'Undefined varia...', 'C:\\xampp\\htdocs...', 41)
#1 C:\xampp\htdocs\Tcc\system\CodeIgniter.php(936): App\Controllers\Admin->autenticar()
#2 C:\xampp\htdocs\Tcc\system\CodeIgniter.php(432): CodeIgniter\CodeIgniter->runController(Object(App\Controllers\Admin))
#3 C:\xampp\htdocs\Tcc\system\CodeIgniter.php(333): CodeIgniter\CodeIgniter->handleRequest(NULL, Object(Config\Cache), false)
#4 C:\xampp\htdocs\Tcc\public\index.php(44): CodeIgniter\CodeIgniter->run()
#5 {main}
CRITICAL - 2021-07-29 08:47:57 --> Undefined variable $login
#0 C:\xampp\htdocs\Tcc\app\Controllers\Admin.php(41): CodeIgniter\Debug\Exceptions->errorHandler(2, 'Undefined varia...', 'C:\\xampp\\htdocs...', 41)
#1 C:\xampp\htdocs\Tcc\system\CodeIgniter.php(936): App\Controllers\Admin->autenticar()
#2 C:\xampp\htdocs\Tcc\system\CodeIgniter.php(432): CodeIgniter\CodeIgniter->runController(Object(App\Controllers\Admin))
#3 C:\xampp\htdocs\Tcc\system\CodeIgniter.php(333): CodeIgniter\CodeIgniter->handleRequest(NULL, Object(Config\Cache), false)
#4 C:\xampp\htdocs\Tcc\public\index.php(44): CodeIgniter\CodeIgniter->run()
#5 {main}
CRITICAL - 2021-07-29 08:48:07 --> Undefined variable $login
#0 C:\xampp\htdocs\Tcc\app\Controllers\Admin.php(41): CodeIgniter\Debug\Exceptions->errorHandler(2, 'Undefined varia...', 'C:\\xampp\\htdocs...', 41)
#1 C:\xampp\htdocs\Tcc\system\CodeIgniter.php(936): App\Controllers\Admin->autenticar()
#2 C:\xampp\htdocs\Tcc\system\CodeIgniter.php(432): CodeIgniter\CodeIgniter->runController(Object(App\Controllers\Admin))
#3 C:\xampp\htdocs\Tcc\system\CodeIgniter.php(333): CodeIgniter\CodeIgniter->handleRequest(NULL, Object(Config\Cache), false)
#4 C:\xampp\htdocs\Tcc\public\index.php(44): CodeIgniter\CodeIgniter->run()
#5 {main}
CRITICAL - 2021-07-29 08:53:08 --> Array to string conversion
#0 C:\xampp\htdocs\Tcc\app\Views\AdminSite\admin.php(217): CodeIgniter\Debug\Exceptions->errorHandler(2, 'Array to string...', 'C:\\xampp\\htdocs...', 217)
#1 C:\xampp\htdocs\Tcc\system\View\View.php(220): include('C:\\xampp\\htdocs...')
#2 C:\xampp\htdocs\Tcc\system\View\View.php(222): CodeIgniter\View\View->CodeIgniter\View\{closure}()
#3 C:\xampp\htdocs\Tcc\system\Common.php(1217): CodeIgniter\View\View->render('AdminSite/admin', Array, true)
#4 C:\xampp\htdocs\Tcc\app\Controllers\Admin.php(58): view('AdminSite/admin')
#5 C:\xampp\htdocs\Tcc\system\CodeIgniter.php(936): App\Controllers\Admin->autenticar()
#6 C:\xampp\htdocs\Tcc\system\CodeIgniter.php(432): CodeIgniter\CodeIgniter->runController(Object(App\Controllers\Admin))
#7 C:\xampp\htdocs\Tcc\system\CodeIgniter.php(333): CodeIgniter\CodeIgniter->handleRequest(NULL, Object(Config\Cache), false)
#8 C:\xampp\htdocs\Tcc\public\index.php(44): CodeIgniter\CodeIgniter->run()
#9 {main}
CRITICAL - 2021-07-29 08:57:39 --> Attempt to read property "login" on array
#0 C:\xampp\htdocs\Tcc\app\Controllers\Admin.php(55): CodeIgniter\Debug\Exceptions->errorHandler(2, 'Attempt to read...', 'C:\\xampp\\htdocs...', 55)
#1 C:\xampp\htdocs\Tcc\system\CodeIgniter.php(936): App\Controllers\Admin->autenticar()
#2 C:\xampp\htdocs\Tcc\system\CodeIgniter.php(432): CodeIgniter\CodeIgniter->runController(Object(App\Controllers\Admin))
#3 C:\xampp\htdocs\Tcc\system\CodeIgniter.php(333): CodeIgniter\CodeIgniter->handleRequest(NULL, Object(Config\Cache), false)
#4 C:\xampp\htdocs\Tcc\public\index.php(44): CodeIgniter\CodeIgniter->run()
#5 {main}
CRITICAL - 2021-07-29 09:03:54 --> Undefined variable $login
#0 C:\xampp\htdocs\Tcc\app\Controllers\Admin.php(41): CodeIgniter\Debug\Exceptions->errorHandler(2, 'Undefined varia...', 'C:\\xampp\\htdocs...', 41)
#1 C:\xampp\htdocs\Tcc\system\CodeIgniter.php(936): App\Controllers\Admin->autenticar()
#2 C:\xampp\htdocs\Tcc\system\CodeIgniter.php(432): CodeIgniter\CodeIgniter->runController(Object(App\Controllers\Admin))
#3 C:\xampp\htdocs\Tcc\system\CodeIgniter.php(333): CodeIgniter\CodeIgniter->handleRequest(NULL, Object(Config\Cache), false)
#4 C:\xampp\htdocs\Tcc\public\index.php(44): CodeIgniter\CodeIgniter->run()
#5 {main}
CRITICAL - 2021-07-29 09:13:16 --> Undefined variable $login
#0 C:\xampp\htdocs\Tcc\app\Controllers\Admin.php(41): CodeIgniter\Debug\Exceptions->errorHandler(2, 'Undefined varia...', 'C:\\xampp\\htdocs...', 41)
#1 C:\xampp\htdocs\Tcc\system\CodeIgniter.php(936): App\Controllers\Admin->autenticar()
#2 C:\xampp\htdocs\Tcc\system\CodeIgniter.php(432): CodeIgniter\CodeIgniter->runController(Object(App\Controllers\Admin))
#3 C:\xampp\htdocs\Tcc\system\CodeIgniter.php(333): CodeIgniter\CodeIgniter->handleRequest(NULL, Object(Config\Cache), false)
#4 C:\xampp\htdocs\Tcc\public\index.php(44): CodeIgniter\CodeIgniter->run()
#5 {main}
CRITICAL - 2021-07-29 14:02:48 --> Attempt to read property "senha" on string
#0 C:\xampp\htdocs\Tcc\app\Controllers\Admin.php(54): CodeIgniter\Debug\Exceptions->errorHandler(2, 'Attempt to read...', 'C:\\xampp\\htdocs...', 54)
#1 C:\xampp\htdocs\Tcc\system\CodeIgniter.php(936): App\Controllers\Admin->autenticar()
#2 C:\xampp\htdocs\Tcc\system\CodeIgniter.php(432): CodeIgniter\CodeIgniter->runController(Object(App\Controllers\Admin))
#3 C:\xampp\htdocs\Tcc\system\CodeIgniter.php(333): CodeIgniter\CodeIgniter->handleRequest(NULL, Object(Config\Cache), false)
#4 C:\xampp\htdocs\Tcc\public\index.php(44): CodeIgniter\CodeIgniter->run()
#5 {main}
CRITICAL - 2021-07-29 14:41:56 --> Undefined variable $login
#0 C:\xampp\htdocs\Tcc\app\Controllers\Admin.php(41): CodeIgniter\Debug\Exceptions->errorHandler(2, 'Undefined varia...', 'C:\\xampp\\htdocs...', 41)
#1 C:\xampp\htdocs\Tcc\system\CodeIgniter.php(936): App\Controllers\Admin->autenticar()
#2 C:\xampp\htdocs\Tcc\system\CodeIgniter.php(432): CodeIgniter\CodeIgniter->runController(Object(App\Controllers\Admin))
#3 C:\xampp\htdocs\Tcc\system\CodeIgniter.php(333): CodeIgniter\CodeIgniter->handleRequest(NULL, Object(Config\Cache), false)
#4 C:\xampp\htdocs\Tcc\public\index.php(44): CodeIgniter\CodeIgniter->run()
#5 {main}
CRITICAL - 2021-07-29 14:42:01 --> Undefined variable $login
#0 C:\xampp\htdocs\Tcc\app\Controllers\Admin.php(41): CodeIgniter\Debug\Exceptions->errorHandler(2, 'Undefined varia...', 'C:\\xampp\\htdocs...', 41)
#1 C:\xampp\htdocs\Tcc\system\CodeIgniter.php(936): App\Controllers\Admin->autenticar()
#2 C:\xampp\htdocs\Tcc\system\CodeIgniter.php(432): CodeIgniter\CodeIgniter->runController(Object(App\Controllers\Admin))
#3 C:\xampp\htdocs\Tcc\system\CodeIgniter.php(333): CodeIgniter\CodeIgniter->handleRequest(NULL, Object(Config\Cache), false)
#4 C:\xampp\htdocs\Tcc\public\index.php(44): CodeIgniter\CodeIgniter->run()
#5 {main}
CRITICAL - 2021-07-29 14:49:33 --> Too few arguments to function App\Controllers\Admin::voltarPainelAdm(), 0 passed in C:\xampp\htdocs\Tcc\system\CodeIgniter.php on line 936 and exactly 2 expected
#0 C:\xampp\htdocs\Tcc\system\CodeIgniter.php(936): App\Controllers\Admin->voltarPainelAdm()
#1 C:\xampp\htdocs\Tcc\system\CodeIgniter.php(432): CodeIgniter\CodeIgniter->runController(Object(App\Controllers\Admin))
#2 C:\xampp\htdocs\Tcc\system\CodeIgniter.php(333): CodeIgniter\CodeIgniter->handleRequest(NULL, Object(Config\Cache), false)
#3 C:\xampp\htdocs\Tcc\public\index.php(44): CodeIgniter\CodeIgniter->run()
#4 {main}
CRITICAL - 2021-07-29 14:57:12 --> Object of class CodeIgniter\HTTP\RedirectResponse could not be converted to string
#0 C:\xampp\htdocs\Tcc\system\CodeIgniter.php(936): App\Controllers\Admin->cadAdm()
#1 C:\xampp\htdocs\Tcc\system\CodeIgniter.php(432): CodeIgniter\CodeIgniter->runController(Object(App\Controllers\Admin))
#2 C:\xampp\htdocs\Tcc\system\CodeIgniter.php(333): CodeIgniter\CodeIgniter->handleRequest(NULL, Object(Config\Cache), false)
#3 C:\xampp\htdocs\Tcc\public\index.php(44): CodeIgniter\CodeIgniter->run()
#4 {main}
CRITICAL - 2021-07-29 14:59:58 --> Undefined array key 0
#0 C:\xampp\htdocs\Tcc\app\Controllers\Admin.php(82): CodeIgniter\Debug\Exceptions->errorHandler(2, 'Undefined array...', 'C:\\xampp\\htdocs...', 82)
#1 C:\xampp\htdocs\Tcc\system\CodeIgniter.php(936): App\Controllers\Admin->autenticar()
#2 C:\xampp\htdocs\Tcc\system\CodeIgniter.php(432): CodeIgniter\CodeIgniter->runController(Object(App\Controllers\Admin))
#3 C:\xampp\htdocs\Tcc\system\CodeIgniter.php(333): CodeIgniter\CodeIgniter->handleRequest(NULL, Object(Config\Cache), false)
#4 C:\xampp\htdocs\Tcc\public\index.php(44): CodeIgniter\CodeIgniter->run()
#5 {main}
CRITICAL - 2021-07-29 15:01:27 --> Undefined variable $login
#0 C:\xampp\htdocs\Tcc\app\Views\AdminEmpresa\admin.php(104): CodeIgniter\Debug\Exceptions->errorHandler(2, 'Undefined varia...', 'C:\\xampp\\htdocs...', 104)
#1 C:\xampp\htdocs\Tcc\system\View\View.php(220): include('C:\\xampp\\htdocs...')
#2 C:\xampp\htdocs\Tcc\system\View\View.php(222): CodeIgniter\View\View->CodeIgniter\View\{closure}()
#3 C:\xampp\htdocs\Tcc\system\Common.php(1217): CodeIgniter\View\View->render('AdminEmpresa/ad...', Array, true)
#4 C:\xampp\htdocs\Tcc\app\Controllers\Admin.php(82): view('AdminEmpresa/ad...')
#5 C:\xampp\htdocs\Tcc\system\CodeIgniter.php(936): App\Controllers\Admin->autenticar()
#6 C:\xampp\htdocs\Tcc\system\CodeIgniter.php(432): CodeIgniter\CodeIgniter->runController(Object(App\Controllers\Admin))
#7 C:\xampp\htdocs\Tcc\system\CodeIgniter.php(333): CodeIgniter\CodeIgniter->handleRequest(NULL, Object(Config\Cache), false)
#8 C:\xampp\htdocs\Tcc\public\index.php(44): CodeIgniter\CodeIgniter->run()
#9 {main}
CRITICAL - 2021-07-29 15:03:22 --> Undefined variable $login
#0 C:\xampp\htdocs\Tcc\app\Views\AdminEmpresa\admin.php(104): CodeIgniter\Debug\Exceptions->errorHandler(2, 'Undefined varia...', 'C:\\xampp\\htdocs...', 104)
#1 C:\xampp\htdocs\Tcc\system\View\View.php(220): include('C:\\xampp\\htdocs...')
#2 C:\xampp\htdocs\Tcc\system\View\View.php(222): CodeIgniter\View\View->CodeIgniter\View\{closure}()
#3 C:\xampp\htdocs\Tcc\system\Common.php(1217): CodeIgniter\View\View->render('AdminEmpresa/ad...', Array, true)
#4 C:\xampp\htdocs\Tcc\app\Controllers\Admin.php(82): view('AdminEmpresa/ad...')
#5 C:\xampp\htdocs\Tcc\system\CodeIgniter.php(936): App\Controllers\Admin->autenticar()
#6 C:\xampp\htdocs\Tcc\system\CodeIgniter.php(432): CodeIgniter\CodeIgniter->runController(Object(App\Controllers\Admin))
#7 C:\xampp\htdocs\Tcc\system\CodeIgniter.php(333): CodeIgniter\CodeIgniter->handleRequest(NULL, Object(Config\Cache), false)
#8 C:\xampp\htdocs\Tcc\public\index.php(44): CodeIgniter\CodeIgniter->run()
#9 {main}
CRITICAL - 2021-07-29 15:03:34 --> Undefined variable $login
#0 C:\xampp\htdocs\Tcc\app\Views\AdminEmpresa\admin.php(104): CodeIgniter\Debug\Exceptions->errorHandler(2, 'Undefined varia...', 'C:\\xampp\\htdocs...', 104)
#1 C:\xampp\htdocs\Tcc\system\View\View.php(220): include('C:\\xampp\\htdocs...')
#2 C:\xampp\htdocs\Tcc\system\View\View.php(222): CodeIgniter\View\View->CodeIgniter\View\{closure}()
#3 C:\xampp\htdocs\Tcc\system\Common.php(1217): CodeIgniter\View\View->render('AdminEmpresa/ad...', Array, true)
#4 C:\xampp\htdocs\Tcc\app\Controllers\Admin.php(82): view('AdminEmpresa/ad...')
#5 C:\xampp\htdocs\Tcc\system\CodeIgniter.php(936): App\Controllers\Admin->autenticar()
#6 C:\xampp\htdocs\Tcc\system\CodeIgniter.php(432): CodeIgniter\CodeIgniter->runController(Object(App\Controllers\Admin))
#7 C:\xampp\htdocs\Tcc\system\CodeIgniter.php(333): CodeIgniter\CodeIgniter->handleRequest(NULL, Object(Config\Cache), false)
#8 C:\xampp\htdocs\Tcc\public\index.php(44): CodeIgniter\CodeIgniter->run()
#9 {main}
CRITICAL - 2021-07-29 15:05:03 --> Undefined variable $login
#0 C:\xampp\htdocs\Tcc\app\Views\AdminEmpresa\admin.php(104): CodeIgniter\Debug\Exceptions->errorHandler(2, 'Undefined varia...', 'C:\\xampp\\htdocs...', 104)
#1 C:\xampp\htdocs\Tcc\system\View\View.php(220): include('C:\\xampp\\htdocs...')
#2 C:\xampp\htdocs\Tcc\system\View\View.php(222): CodeIgniter\View\View->CodeIgniter\View\{closure}()
#3 C:\xampp\htdocs\Tcc\system\Common.php(1217): CodeIgniter\View\View->render('AdminEmpresa/ad...', Array, true)
#4 C:\xampp\htdocs\Tcc\app\Controllers\Admin.php(82): view('AdminEmpresa/ad...')
#5 C:\xampp\htdocs\Tcc\system\CodeIgniter.php(936): App\Controllers\Admin->autenticar()
#6 C:\xampp\htdocs\Tcc\system\CodeIgniter.php(432): CodeIgniter\CodeIgniter->runController(Object(App\Controllers\Admin))
#7 C:\xampp\htdocs\Tcc\system\CodeIgniter.php(333): CodeIgniter\CodeIgniter->handleRequest(NULL, Object(Config\Cache), false)
#8 C:\xampp\htdocs\Tcc\public\index.php(44): CodeIgniter\CodeIgniter->run()
#9 {main}
CRITICAL - 2021-07-29 15:05:13 --> Undefined variable $login
#0 C:\xampp\htdocs\Tcc\app\Views\AdminEmpresa\admin.php(104): CodeIgniter\Debug\Exceptions->errorHandler(2, 'Undefined varia...', 'C:\\xampp\\htdocs...', 104)
#1 C:\xampp\htdocs\Tcc\system\View\View.php(220): include('C:\\xampp\\htdocs...')
#2 C:\xampp\htdocs\Tcc\system\View\View.php(222): CodeIgniter\View\View->CodeIgniter\View\{closure}()
#3 C:\xampp\htdocs\Tcc\system\Common.php(1217): CodeIgniter\View\View->render('AdminEmpresa/ad...', Array, true)
#4 C:\xampp\htdocs\Tcc\app\Controllers\Admin.php(82): view('AdminEmpresa/ad...')
#5 C:\xampp\htdocs\Tcc\system\CodeIgniter.php(936): App\Controllers\Admin->autenticar()
#6 C:\xampp\htdocs\Tcc\system\CodeIgniter.php(432): CodeIgniter\CodeIgniter->runController(Object(App\Controllers\Admin))
#7 C:\xampp\htdocs\Tcc\system\CodeIgniter.php(333): CodeIgniter\CodeIgniter->handleRequest(NULL, Object(Config\Cache), false)
#8 C:\xampp\htdocs\Tcc\public\index.php(44): CodeIgniter\CodeIgniter->run()
#9 {main}
CRITICAL - 2021-07-29 15:14:52 --> Undefined array key "user"
#0 C:\xampp\htdocs\Tcc\app\Controllers\Admin.php(121): CodeIgniter\Debug\Exceptions->errorHandler(2, 'Undefined array...', 'C:\\xampp\\htdocs...', 121)
#1 C:\xampp\htdocs\Tcc\system\CodeIgniter.php(936): App\Controllers\Admin->voltarPainelAdm()
#2 C:\xampp\htdocs\Tcc\system\CodeIgniter.php(432): CodeIgniter\CodeIgniter->runController(Object(App\Controllers\Admin))
#3 C:\xampp\htdocs\Tcc\system\CodeIgniter.php(333): CodeIgniter\CodeIgniter->handleRequest(NULL, Object(Config\Cache), false)
#4 C:\xampp\htdocs\Tcc\public\index.php(44): CodeIgniter\CodeIgniter->run()
#5 {main}
CRITICAL - 2021-07-29 15:15:00 --> Undefined array key "user"
#0 C:\xampp\htdocs\Tcc\app\Controllers\Admin.php(121): CodeIgniter\Debug\Exceptions->errorHandler(2, 'Undefined array...', 'C:\\xampp\\htdocs...', 121)
#1 C:\xampp\htdocs\Tcc\system\CodeIgniter.php(936): App\Controllers\Admin->voltarPainelAdm()
#2 C:\xampp\htdocs\Tcc\system\CodeIgniter.php(432): CodeIgniter\CodeIgniter->runController(Object(App\Controllers\Admin))
#3 C:\xampp\htdocs\Tcc\system\CodeIgniter.php(333): CodeIgniter\CodeIgniter->handleRequest(NULL, Object(Config\Cache), false)
#4 C:\xampp\htdocs\Tcc\public\index.php(44): CodeIgniter\CodeIgniter->run()
#5 {main}
