CRITICAL - 2021-08-07 11:37:50 --> Undefined variable $adm
#0 C:\xampp\htdocs\Tcc\app\Views\AdminSite\Ruas\tabela.php(144): CodeIgniter\Debug\Exceptions->errorHandler(2, 'Undefined varia...', 'C:\\xampp\\htdocs...', 144)
#1 C:\xampp\htdocs\Tcc\system\View\View.php(220): include('C:\\xampp\\htdocs...')
#2 C:\xampp\htdocs\Tcc\system\View\View.php(222): CodeIgniter\View\View->CodeIgniter\View\{closure}()
#3 C:\xampp\htdocs\Tcc\system\Common.php(1217): CodeIgniter\View\View->render('AdminSite/Ruas/...', Array, true)
#4 C:\xampp\htdocs\Tcc\app\Controllers\Admin.php(263): view('AdminSite/Ruas/...', Array)
#5 C:\xampp\htdocs\Tcc\system\CodeIgniter.php(936): App\Controllers\Admin->tabelaRuas()
#6 C:\xampp\htdocs\Tcc\system\CodeIgniter.php(432): CodeIgniter\CodeIgniter->runController(Object(App\Controllers\Admin))
#7 C:\xampp\htdocs\Tcc\system\CodeIgniter.php(333): CodeIgniter\CodeIgniter->handleRequest(NULL, Object(Config\Cache), false)
#8 C:\xampp\htdocs\Tcc\public\index.php(44): CodeIgniter\CodeIgniter->run()
#9 {main}
CRITICAL - 2021-08-07 11:38:18 --> Undefined property: stdClass::$id
#0 C:\xampp\htdocs\Tcc\app\Views\AdminSite\Ruas\tabela.php(146): CodeIgniter\Debug\Exceptions->errorHandler(2, 'Undefined prope...', 'C:\\xampp\\htdocs...', 146)
#1 C:\xampp\htdocs\Tcc\system\View\View.php(220): include('C:\\xampp\\htdocs...')
#2 C:\xampp\htdocs\Tcc\system\View\View.php(222): CodeIgniter\View\View->CodeIgniter\View\{closure}()
#3 C:\xampp\htdocs\Tcc\system\Common.php(1217): CodeIgniter\View\View->render('AdminSite/Ruas/...', Array, true)
#4 C:\xampp\htdocs\Tcc\app\Controllers\Admin.php(263): view('AdminSite/Ruas/...', Array)
#5 C:\xampp\htdocs\Tcc\system\CodeIgniter.php(936): App\Controllers\Admin->tabelaRuas()
#6 C:\xampp\htdocs\Tcc\system\CodeIgniter.php(432): CodeIgniter\CodeIgniter->runController(Object(App\Controllers\Admin))
#7 C:\xampp\htdocs\Tcc\system\CodeIgniter.php(333): CodeIgniter\CodeIgniter->handleRequest(NULL, Object(Config\Cache), false)
#8 C:\xampp\htdocs\Tcc\public\index.php(44): CodeIgniter\CodeIgniter->run()
#9 {main}
CRITICAL - 2021-08-07 11:38:31 --> Undefined property: stdClass::$id
#0 C:\xampp\htdocs\Tcc\app\Views\AdminSite\Ruas\tabela.php(146): CodeIgniter\Debug\Exceptions->errorHandler(2, 'Undefined prope...', 'C:\\xampp\\htdocs...', 146)
#1 C:\xampp\htdocs\Tcc\system\View\View.php(220): include('C:\\xampp\\htdocs...')
#2 C:\xampp\htdocs\Tcc\system\View\View.php(222): CodeIgniter\View\View->CodeIgniter\View\{closure}()
#3 C:\xampp\htdocs\Tcc\system\Common.php(1217): CodeIgniter\View\View->render('AdminSite/Ruas/...', Array, true)
#4 C:\xampp\htdocs\Tcc\app\Controllers\Admin.php(263): view('AdminSite/Ruas/...', Array)
#5 C:\xampp\htdocs\Tcc\system\CodeIgniter.php(936): App\Controllers\Admin->tabelaRuas()
#6 C:\xampp\htdocs\Tcc\system\CodeIgniter.php(432): CodeIgniter\CodeIgniter->runController(Object(App\Controllers\Admin))
#7 C:\xampp\htdocs\Tcc\system\CodeIgniter.php(333): CodeIgniter\CodeIgniter->handleRequest(NULL, Object(Config\Cache), false)
#8 C:\xampp\htdocs\Tcc\public\index.php(44): CodeIgniter\CodeIgniter->run()
#9 {main}
CRITICAL - 2021-08-07 11:40:02 --> Undefined property: stdClass::$nome
#0 C:\xampp\htdocs\Tcc\app\Views\AdminSite\Ruas\tabela.php(147): CodeIgniter\Debug\Exceptions->errorHandler(2, 'Undefined prope...', 'C:\\xampp\\htdocs...', 147)
#1 C:\xampp\htdocs\Tcc\system\View\View.php(220): include('C:\\xampp\\htdocs...')
#2 C:\xampp\htdocs\Tcc\system\View\View.php(222): CodeIgniter\View\View->CodeIgniter\View\{closure}()
#3 C:\xampp\htdocs\Tcc\system\Common.php(1217): CodeIgniter\View\View->render('AdminSite/Ruas/...', Array, true)
#4 C:\xampp\htdocs\Tcc\app\Controllers\Admin.php(263): view('AdminSite/Ruas/...', Array)
#5 C:\xampp\htdocs\Tcc\system\CodeIgniter.php(936): App\Controllers\Admin->tabelaRuas()
#6 C:\xampp\htdocs\Tcc\system\CodeIgniter.php(432): CodeIgniter\CodeIgniter->runController(Object(App\Controllers\Admin))
#7 C:\xampp\htdocs\Tcc\system\CodeIgniter.php(333): CodeIgniter\CodeIgniter->handleRequest(NULL, Object(Config\Cache), false)
#8 C:\xampp\htdocs\Tcc\public\index.php(44): CodeIgniter\CodeIgniter->run()
#9 {main}
CRITICAL - 2021-08-07 11:41:06 --> Undefined property: stdClass::$nome
#0 C:\xampp\htdocs\Tcc\app\Views\AdminSite\Ruas\tabela.php(146): CodeIgniter\Debug\Exceptions->errorHandler(2, 'Undefined prope...', 'C:\\xampp\\htdocs...', 146)
#1 C:\xampp\htdocs\Tcc\system\View\View.php(220): include('C:\\xampp\\htdocs...')
#2 C:\xampp\htdocs\Tcc\system\View\View.php(222): CodeIgniter\View\View->CodeIgniter\View\{closure}()
#3 C:\xampp\htdocs\Tcc\system\Common.php(1217): CodeIgniter\View\View->render('AdminSite/Ruas/...', Array, true)
#4 C:\xampp\htdocs\Tcc\app\Controllers\Admin.php(263): view('AdminSite/Ruas/...', Array)
#5 C:\xampp\htdocs\Tcc\system\CodeIgniter.php(936): App\Controllers\Admin->tabelaRuas()
#6 C:\xampp\htdocs\Tcc\system\CodeIgniter.php(432): CodeIgniter\CodeIgniter->runController(Object(App\Controllers\Admin))
#7 C:\xampp\htdocs\Tcc\system\CodeIgniter.php(333): CodeIgniter\CodeIgniter->handleRequest(NULL, Object(Config\Cache), false)
#8 C:\xampp\htdocs\Tcc\public\index.php(44): CodeIgniter\CodeIgniter->run()
#9 {main}
CRITICAL - 2021-08-07 11:41:07 --> Undefined property: stdClass::$nome
#0 C:\xampp\htdocs\Tcc\app\Views\AdminSite\Ruas\tabela.php(146): CodeIgniter\Debug\Exceptions->errorHandler(2, 'Undefined prope...', 'C:\\xampp\\htdocs...', 146)
#1 C:\xampp\htdocs\Tcc\system\View\View.php(220): include('C:\\xampp\\htdocs...')
#2 C:\xampp\htdocs\Tcc\system\View\View.php(222): CodeIgniter\View\View->CodeIgniter\View\{closure}()
#3 C:\xampp\htdocs\Tcc\system\Common.php(1217): CodeIgniter\View\View->render('AdminSite/Ruas/...', Array, true)
#4 C:\xampp\htdocs\Tcc\app\Controllers\Admin.php(263): view('AdminSite/Ruas/...', Array)
#5 C:\xampp\htdocs\Tcc\system\CodeIgniter.php(936): App\Controllers\Admin->tabelaRuas()
#6 C:\xampp\htdocs\Tcc\system\CodeIgniter.php(432): CodeIgniter\CodeIgniter->runController(Object(App\Controllers\Admin))
#7 C:\xampp\htdocs\Tcc\system\CodeIgniter.php(333): CodeIgniter\CodeIgniter->handleRequest(NULL, Object(Config\Cache), false)
#8 C:\xampp\htdocs\Tcc\public\index.php(44): CodeIgniter\CodeIgniter->run()
#9 {main}
CRITICAL - 2021-08-07 11:41:27 --> Undefined property: stdClass::$nome
#0 C:\xampp\htdocs\Tcc\app\Views\AdminSite\Ruas\tabela.php(146): CodeIgniter\Debug\Exceptions->errorHandler(2, 'Undefined prope...', 'C:\\xampp\\htdocs...', 146)
#1 C:\xampp\htdocs\Tcc\system\View\View.php(220): include('C:\\xampp\\htdocs...')
#2 C:\xampp\htdocs\Tcc\system\View\View.php(222): CodeIgniter\View\View->CodeIgniter\View\{closure}()
#3 C:\xampp\htdocs\Tcc\system\Common.php(1217): CodeIgniter\View\View->render('AdminSite/Ruas/...', Array, true)
#4 C:\xampp\htdocs\Tcc\app\Controllers\Admin.php(263): view('AdminSite/Ruas/...', Array)
#5 C:\xampp\htdocs\Tcc\system\CodeIgniter.php(936): App\Controllers\Admin->tabelaRuas()
#6 C:\xampp\htdocs\Tcc\system\CodeIgniter.php(432): CodeIgniter\CodeIgniter->runController(Object(App\Controllers\Admin))
#7 C:\xampp\htdocs\Tcc\system\CodeIgniter.php(333): CodeIgniter\CodeIgniter->handleRequest(NULL, Object(Config\Cache), false)
#8 C:\xampp\htdocs\Tcc\public\index.php(44): CodeIgniter\CodeIgniter->run()
#9 {main}
CRITICAL - 2021-08-07 11:42:46 --> Undefined property: stdClass::$nome
#0 C:\xampp\htdocs\Tcc\app\Views\AdminSite\Ruas\tabela.php(146): CodeIgniter\Debug\Exceptions->errorHandler(2, 'Undefined prope...', 'C:\\xampp\\htdocs...', 146)
#1 C:\xampp\htdocs\Tcc\system\View\View.php(220): include('C:\\xampp\\htdocs...')
#2 C:\xampp\htdocs\Tcc\system\View\View.php(222): CodeIgniter\View\View->CodeIgniter\View\{closure}()
#3 C:\xampp\htdocs\Tcc\system\Common.php(1217): CodeIgniter\View\View->render('AdminSite/Ruas/...', Array, true)
#4 C:\xampp\htdocs\Tcc\app\Controllers\Admin.php(263): view('AdminSite/Ruas/...', Array)
#5 C:\xampp\htdocs\Tcc\system\CodeIgniter.php(936): App\Controllers\Admin->tabelaRuas()
#6 C:\xampp\htdocs\Tcc\system\CodeIgniter.php(432): CodeIgniter\CodeIgniter->runController(Object(App\Controllers\Admin))
#7 C:\xampp\htdocs\Tcc\system\CodeIgniter.php(333): CodeIgniter\CodeIgniter->handleRequest(NULL, Object(Config\Cache), false)
#8 C:\xampp\htdocs\Tcc\public\index.php(44): CodeIgniter\CodeIgniter->run()
#9 {main}
CRITICAL - 2021-08-07 11:42:46 --> Undefined property: stdClass::$nome
#0 C:\xampp\htdocs\Tcc\app\Views\AdminSite\Ruas\tabela.php(146): CodeIgniter\Debug\Exceptions->errorHandler(2, 'Undefined prope...', 'C:\\xampp\\htdocs...', 146)
#1 C:\xampp\htdocs\Tcc\system\View\View.php(220): include('C:\\xampp\\htdocs...')
#2 C:\xampp\htdocs\Tcc\system\View\View.php(222): CodeIgniter\View\View->CodeIgniter\View\{closure}()
#3 C:\xampp\htdocs\Tcc\system\Common.php(1217): CodeIgniter\View\View->render('AdminSite/Ruas/...', Array, true)
#4 C:\xampp\htdocs\Tcc\app\Controllers\Admin.php(263): view('AdminSite/Ruas/...', Array)
#5 C:\xampp\htdocs\Tcc\system\CodeIgniter.php(936): App\Controllers\Admin->tabelaRuas()
#6 C:\xampp\htdocs\Tcc\system\CodeIgniter.php(432): CodeIgniter\CodeIgniter->runController(Object(App\Controllers\Admin))
#7 C:\xampp\htdocs\Tcc\system\CodeIgniter.php(333): CodeIgniter\CodeIgniter->handleRequest(NULL, Object(Config\Cache), false)
#8 C:\xampp\htdocs\Tcc\public\index.php(44): CodeIgniter\CodeIgniter->run()
#9 {main}
CRITICAL - 2021-08-07 11:42:47 --> Undefined property: stdClass::$nome
#0 C:\xampp\htdocs\Tcc\app\Views\AdminSite\Ruas\tabela.php(146): CodeIgniter\Debug\Exceptions->errorHandler(2, 'Undefined prope...', 'C:\\xampp\\htdocs...', 146)
#1 C:\xampp\htdocs\Tcc\system\View\View.php(220): include('C:\\xampp\\htdocs...')
#2 C:\xampp\htdocs\Tcc\system\View\View.php(222): CodeIgniter\View\View->CodeIgniter\View\{closure}()
#3 C:\xampp\htdocs\Tcc\system\Common.php(1217): CodeIgniter\View\View->render('AdminSite/Ruas/...', Array, true)
#4 C:\xampp\htdocs\Tcc\app\Controllers\Admin.php(263): view('AdminSite/Ruas/...', Array)
#5 C:\xampp\htdocs\Tcc\system\CodeIgniter.php(936): App\Controllers\Admin->tabelaRuas()
#6 C:\xampp\htdocs\Tcc\system\CodeIgniter.php(432): CodeIgniter\CodeIgniter->runController(Object(App\Controllers\Admin))
#7 C:\xampp\htdocs\Tcc\system\CodeIgniter.php(333): CodeIgniter\CodeIgniter->handleRequest(NULL, Object(Config\Cache), false)
#8 C:\xampp\htdocs\Tcc\public\index.php(44): CodeIgniter\CodeIgniter->run()
#9 {main}
CRITICAL - 2021-08-07 11:42:47 --> Undefined property: stdClass::$nome
#0 C:\xampp\htdocs\Tcc\app\Views\AdminSite\Ruas\tabela.php(146): CodeIgniter\Debug\Exceptions->errorHandler(2, 'Undefined prope...', 'C:\\xampp\\htdocs...', 146)
#1 C:\xampp\htdocs\Tcc\system\View\View.php(220): include('C:\\xampp\\htdocs...')
#2 C:\xampp\htdocs\Tcc\system\View\View.php(222): CodeIgniter\View\View->CodeIgniter\View\{closure}()
#3 C:\xampp\htdocs\Tcc\system\Common.php(1217): CodeIgniter\View\View->render('AdminSite/Ruas/...', Array, true)
#4 C:\xampp\htdocs\Tcc\app\Controllers\Admin.php(263): view('AdminSite/Ruas/...', Array)
#5 C:\xampp\htdocs\Tcc\system\CodeIgniter.php(936): App\Controllers\Admin->tabelaRuas()
#6 C:\xampp\htdocs\Tcc\system\CodeIgniter.php(432): CodeIgniter\CodeIgniter->runController(Object(App\Controllers\Admin))
#7 C:\xampp\htdocs\Tcc\system\CodeIgniter.php(333): CodeIgniter\CodeIgniter->handleRequest(NULL, Object(Config\Cache), false)
#8 C:\xampp\htdocs\Tcc\public\index.php(44): CodeIgniter\CodeIgniter->run()
#9 {main}
CRITICAL - 2021-08-07 11:42:47 --> Undefined property: stdClass::$nome
#0 C:\xampp\htdocs\Tcc\app\Views\AdminSite\Ruas\tabela.php(146): CodeIgniter\Debug\Exceptions->errorHandler(2, 'Undefined prope...', 'C:\\xampp\\htdocs...', 146)
#1 C:\xampp\htdocs\Tcc\system\View\View.php(220): include('C:\\xampp\\htdocs...')
#2 C:\xampp\htdocs\Tcc\system\View\View.php(222): CodeIgniter\View\View->CodeIgniter\View\{closure}()
#3 C:\xampp\htdocs\Tcc\system\Common.php(1217): CodeIgniter\View\View->render('AdminSite/Ruas/...', Array, true)
#4 C:\xampp\htdocs\Tcc\app\Controllers\Admin.php(263): view('AdminSite/Ruas/...', Array)
#5 C:\xampp\htdocs\Tcc\system\CodeIgniter.php(936): App\Controllers\Admin->tabelaRuas()
#6 C:\xampp\htdocs\Tcc\system\CodeIgniter.php(432): CodeIgniter\CodeIgniter->runController(Object(App\Controllers\Admin))
#7 C:\xampp\htdocs\Tcc\system\CodeIgniter.php(333): CodeIgniter\CodeIgniter->handleRequest(NULL, Object(Config\Cache), false)
#8 C:\xampp\htdocs\Tcc\public\index.php(44): CodeIgniter\CodeIgniter->run()
#9 {main}
CRITICAL - 2021-08-07 11:42:49 --> Undefined property: stdClass::$nome
#0 C:\xampp\htdocs\Tcc\app\Views\AdminSite\Ruas\tabela.php(146): CodeIgniter\Debug\Exceptions->errorHandler(2, 'Undefined prope...', 'C:\\xampp\\htdocs...', 146)
#1 C:\xampp\htdocs\Tcc\system\View\View.php(220): include('C:\\xampp\\htdocs...')
#2 C:\xampp\htdocs\Tcc\system\View\View.php(222): CodeIgniter\View\View->CodeIgniter\View\{closure}()
#3 C:\xampp\htdocs\Tcc\system\Common.php(1217): CodeIgniter\View\View->render('AdminSite/Ruas/...', Array, true)
#4 C:\xampp\htdocs\Tcc\app\Controllers\Admin.php(263): view('AdminSite/Ruas/...', Array)
#5 C:\xampp\htdocs\Tcc\system\CodeIgniter.php(936): App\Controllers\Admin->tabelaRuas()
#6 C:\xampp\htdocs\Tcc\system\CodeIgniter.php(432): CodeIgniter\CodeIgniter->runController(Object(App\Controllers\Admin))
#7 C:\xampp\htdocs\Tcc\system\CodeIgniter.php(333): CodeIgniter\CodeIgniter->handleRequest(NULL, Object(Config\Cache), false)
#8 C:\xampp\htdocs\Tcc\public\index.php(44): CodeIgniter\CodeIgniter->run()
#9 {main}
CRITICAL - 2021-08-07 11:42:57 --> Undefined property: stdClass::$nome
#0 C:\xampp\htdocs\Tcc\app\Views\AdminSite\Ruas\tabela.php(146): CodeIgniter\Debug\Exceptions->errorHandler(2, 'Undefined prope...', 'C:\\xampp\\htdocs...', 146)
#1 C:\xampp\htdocs\Tcc\system\View\View.php(220): include('C:\\xampp\\htdocs...')
#2 C:\xampp\htdocs\Tcc\system\View\View.php(222): CodeIgniter\View\View->CodeIgniter\View\{closure}()
#3 C:\xampp\htdocs\Tcc\system\Common.php(1217): CodeIgniter\View\View->render('AdminSite/Ruas/...', Array, true)
#4 C:\xampp\htdocs\Tcc\app\Controllers\Admin.php(263): view('AdminSite/Ruas/...', Array)
#5 C:\xampp\htdocs\Tcc\system\CodeIgniter.php(936): App\Controllers\Admin->tabelaRuas()
#6 C:\xampp\htdocs\Tcc\system\CodeIgniter.php(432): CodeIgniter\CodeIgniter->runController(Object(App\Controllers\Admin))
#7 C:\xampp\htdocs\Tcc\system\CodeIgniter.php(333): CodeIgniter\CodeIgniter->handleRequest(NULL, Object(Config\Cache), false)
#8 C:\xampp\htdocs\Tcc\public\index.php(44): CodeIgniter\CodeIgniter->run()
#9 {main}
CRITICAL - 2021-08-07 11:42:58 --> Undefined property: stdClass::$nome
#0 C:\xampp\htdocs\Tcc\app\Views\AdminSite\Ruas\tabela.php(146): CodeIgniter\Debug\Exceptions->errorHandler(2, 'Undefined prope...', 'C:\\xampp\\htdocs...', 146)
#1 C:\xampp\htdocs\Tcc\system\View\View.php(220): include('C:\\xampp\\htdocs...')
#2 C:\xampp\htdocs\Tcc\system\View\View.php(222): CodeIgniter\View\View->CodeIgniter\View\{closure}()
#3 C:\xampp\htdocs\Tcc\system\Common.php(1217): CodeIgniter\View\View->render('AdminSite/Ruas/...', Array, true)
#4 C:\xampp\htdocs\Tcc\app\Controllers\Admin.php(263): view('AdminSite/Ruas/...', Array)
#5 C:\xampp\htdocs\Tcc\system\CodeIgniter.php(936): App\Controllers\Admin->tabelaRuas()
#6 C:\xampp\htdocs\Tcc\system\CodeIgniter.php(432): CodeIgniter\CodeIgniter->runController(Object(App\Controllers\Admin))
#7 C:\xampp\htdocs\Tcc\system\CodeIgniter.php(333): CodeIgniter\CodeIgniter->handleRequest(NULL, Object(Config\Cache), false)
#8 C:\xampp\htdocs\Tcc\public\index.php(44): CodeIgniter\CodeIgniter->run()
#9 {main}
CRITICAL - 2021-08-07 11:42:58 --> Undefined property: stdClass::$nome
#0 C:\xampp\htdocs\Tcc\app\Views\AdminSite\Ruas\tabela.php(146): CodeIgniter\Debug\Exceptions->errorHandler(2, 'Undefined prope...', 'C:\\xampp\\htdocs...', 146)
#1 C:\xampp\htdocs\Tcc\system\View\View.php(220): include('C:\\xampp\\htdocs...')
#2 C:\xampp\htdocs\Tcc\system\View\View.php(222): CodeIgniter\View\View->CodeIgniter\View\{closure}()
#3 C:\xampp\htdocs\Tcc\system\Common.php(1217): CodeIgniter\View\View->render('AdminSite/Ruas/...', Array, true)
#4 C:\xampp\htdocs\Tcc\app\Controllers\Admin.php(263): view('AdminSite/Ruas/...', Array)
#5 C:\xampp\htdocs\Tcc\system\CodeIgniter.php(936): App\Controllers\Admin->tabelaRuas()
#6 C:\xampp\htdocs\Tcc\system\CodeIgniter.php(432): CodeIgniter\CodeIgniter->runController(Object(App\Controllers\Admin))
#7 C:\xampp\htdocs\Tcc\system\CodeIgniter.php(333): CodeIgniter\CodeIgniter->handleRequest(NULL, Object(Config\Cache), false)
#8 C:\xampp\htdocs\Tcc\public\index.php(44): CodeIgniter\CodeIgniter->run()
#9 {main}
CRITICAL - 2021-08-07 11:42:58 --> Undefined property: stdClass::$nome
#0 C:\xampp\htdocs\Tcc\app\Views\AdminSite\Ruas\tabela.php(146): CodeIgniter\Debug\Exceptions->errorHandler(2, 'Undefined prope...', 'C:\\xampp\\htdocs...', 146)
#1 C:\xampp\htdocs\Tcc\system\View\View.php(220): include('C:\\xampp\\htdocs...')
#2 C:\xampp\htdocs\Tcc\system\View\View.php(222): CodeIgniter\View\View->CodeIgniter\View\{closure}()
#3 C:\xampp\htdocs\Tcc\system\Common.php(1217): CodeIgniter\View\View->render('AdminSite/Ruas/...', Array, true)
#4 C:\xampp\htdocs\Tcc\app\Controllers\Admin.php(263): view('AdminSite/Ruas/...', Array)
#5 C:\xampp\htdocs\Tcc\system\CodeIgniter.php(936): App\Controllers\Admin->tabelaRuas()
#6 C:\xampp\htdocs\Tcc\system\CodeIgniter.php(432): CodeIgniter\CodeIgniter->runController(Object(App\Controllers\Admin))
#7 C:\xampp\htdocs\Tcc\system\CodeIgniter.php(333): CodeIgniter\CodeIgniter->handleRequest(NULL, Object(Config\Cache), false)
#8 C:\xampp\htdocs\Tcc\public\index.php(44): CodeIgniter\CodeIgniter->run()
#9 {main}
CRITICAL - 2021-08-07 11:42:58 --> Undefined property: stdClass::$nome
#0 C:\xampp\htdocs\Tcc\app\Views\AdminSite\Ruas\tabela.php(146): CodeIgniter\Debug\Exceptions->errorHandler(2, 'Undefined prope...', 'C:\\xampp\\htdocs...', 146)
#1 C:\xampp\htdocs\Tcc\system\View\View.php(220): include('C:\\xampp\\htdocs...')
#2 C:\xampp\htdocs\Tcc\system\View\View.php(222): CodeIgniter\View\View->CodeIgniter\View\{closure}()
#3 C:\xampp\htdocs\Tcc\system\Common.php(1217): CodeIgniter\View\View->render('AdminSite/Ruas/...', Array, true)
#4 C:\xampp\htdocs\Tcc\app\Controllers\Admin.php(263): view('AdminSite/Ruas/...', Array)
#5 C:\xampp\htdocs\Tcc\system\CodeIgniter.php(936): App\Controllers\Admin->tabelaRuas()
#6 C:\xampp\htdocs\Tcc\system\CodeIgniter.php(432): CodeIgniter\CodeIgniter->runController(Object(App\Controllers\Admin))
#7 C:\xampp\htdocs\Tcc\system\CodeIgniter.php(333): CodeIgniter\CodeIgniter->handleRequest(NULL, Object(Config\Cache), false)
#8 C:\xampp\htdocs\Tcc\public\index.php(44): CodeIgniter\CodeIgniter->run()
#9 {main}
CRITICAL - 2021-08-07 11:42:59 --> Undefined property: stdClass::$nome
#0 C:\xampp\htdocs\Tcc\app\Views\AdminSite\Ruas\tabela.php(146): CodeIgniter\Debug\Exceptions->errorHandler(2, 'Undefined prope...', 'C:\\xampp\\htdocs...', 146)
#1 C:\xampp\htdocs\Tcc\system\View\View.php(220): include('C:\\xampp\\htdocs...')
#2 C:\xampp\htdocs\Tcc\system\View\View.php(222): CodeIgniter\View\View->CodeIgniter\View\{closure}()
#3 C:\xampp\htdocs\Tcc\system\Common.php(1217): CodeIgniter\View\View->render('AdminSite/Ruas/...', Array, true)
#4 C:\xampp\htdocs\Tcc\app\Controllers\Admin.php(263): view('AdminSite/Ruas/...', Array)
#5 C:\xampp\htdocs\Tcc\system\CodeIgniter.php(936): App\Controllers\Admin->tabelaRuas()
#6 C:\xampp\htdocs\Tcc\system\CodeIgniter.php(432): CodeIgniter\CodeIgniter->runController(Object(App\Controllers\Admin))
#7 C:\xampp\htdocs\Tcc\system\CodeIgniter.php(333): CodeIgniter\CodeIgniter->handleRequest(NULL, Object(Config\Cache), false)
#8 C:\xampp\htdocs\Tcc\public\index.php(44): CodeIgniter\CodeIgniter->run()
#9 {main}
CRITICAL - 2021-08-07 11:42:59 --> Undefined property: stdClass::$nome
#0 C:\xampp\htdocs\Tcc\app\Views\AdminSite\Ruas\tabela.php(146): CodeIgniter\Debug\Exceptions->errorHandler(2, 'Undefined prope...', 'C:\\xampp\\htdocs...', 146)
#1 C:\xampp\htdocs\Tcc\system\View\View.php(220): include('C:\\xampp\\htdocs...')
#2 C:\xampp\htdocs\Tcc\system\View\View.php(222): CodeIgniter\View\View->CodeIgniter\View\{closure}()
#3 C:\xampp\htdocs\Tcc\system\Common.php(1217): CodeIgniter\View\View->render('AdminSite/Ruas/...', Array, true)
#4 C:\xampp\htdocs\Tcc\app\Controllers\Admin.php(263): view('AdminSite/Ruas/...', Array)
#5 C:\xampp\htdocs\Tcc\system\CodeIgniter.php(936): App\Controllers\Admin->tabelaRuas()
#6 C:\xampp\htdocs\Tcc\system\CodeIgniter.php(432): CodeIgniter\CodeIgniter->runController(Object(App\Controllers\Admin))
#7 C:\xampp\htdocs\Tcc\system\CodeIgniter.php(333): CodeIgniter\CodeIgniter->handleRequest(NULL, Object(Config\Cache), false)
#8 C:\xampp\htdocs\Tcc\public\index.php(44): CodeIgniter\CodeIgniter->run()
#9 {main}
CRITICAL - 2021-08-07 11:42:59 --> Undefined property: stdClass::$nome
#0 C:\xampp\htdocs\Tcc\app\Views\AdminSite\Ruas\tabela.php(146): CodeIgniter\Debug\Exceptions->errorHandler(2, 'Undefined prope...', 'C:\\xampp\\htdocs...', 146)
#1 C:\xampp\htdocs\Tcc\system\View\View.php(220): include('C:\\xampp\\htdocs...')
#2 C:\xampp\htdocs\Tcc\system\View\View.php(222): CodeIgniter\View\View->CodeIgniter\View\{closure}()
#3 C:\xampp\htdocs\Tcc\system\Common.php(1217): CodeIgniter\View\View->render('AdminSite/Ruas/...', Array, true)
#4 C:\xampp\htdocs\Tcc\app\Controllers\Admin.php(263): view('AdminSite/Ruas/...', Array)
#5 C:\xampp\htdocs\Tcc\system\CodeIgniter.php(936): App\Controllers\Admin->tabelaRuas()
#6 C:\xampp\htdocs\Tcc\system\CodeIgniter.php(432): CodeIgniter\CodeIgniter->runController(Object(App\Controllers\Admin))
#7 C:\xampp\htdocs\Tcc\system\CodeIgniter.php(333): CodeIgniter\CodeIgniter->handleRequest(NULL, Object(Config\Cache), false)
#8 C:\xampp\htdocs\Tcc\public\index.php(44): CodeIgniter\CodeIgniter->run()
#9 {main}
CRITICAL - 2021-08-07 11:42:59 --> Undefined property: stdClass::$nome
#0 C:\xampp\htdocs\Tcc\app\Views\AdminSite\Ruas\tabela.php(146): CodeIgniter\Debug\Exceptions->errorHandler(2, 'Undefined prope...', 'C:\\xampp\\htdocs...', 146)
#1 C:\xampp\htdocs\Tcc\system\View\View.php(220): include('C:\\xampp\\htdocs...')
#2 C:\xampp\htdocs\Tcc\system\View\View.php(222): CodeIgniter\View\View->CodeIgniter\View\{closure}()
#3 C:\xampp\htdocs\Tcc\system\Common.php(1217): CodeIgniter\View\View->render('AdminSite/Ruas/...', Array, true)
#4 C:\xampp\htdocs\Tcc\app\Controllers\Admin.php(263): view('AdminSite/Ruas/...', Array)
#5 C:\xampp\htdocs\Tcc\system\CodeIgniter.php(936): App\Controllers\Admin->tabelaRuas()
#6 C:\xampp\htdocs\Tcc\system\CodeIgniter.php(432): CodeIgniter\CodeIgniter->runController(Object(App\Controllers\Admin))
#7 C:\xampp\htdocs\Tcc\system\CodeIgniter.php(333): CodeIgniter\CodeIgniter->handleRequest(NULL, Object(Config\Cache), false)
#8 C:\xampp\htdocs\Tcc\public\index.php(44): CodeIgniter\CodeIgniter->run()
#9 {main}
CRITICAL - 2021-08-07 11:42:59 --> Undefined property: stdClass::$nome
#0 C:\xampp\htdocs\Tcc\app\Views\AdminSite\Ruas\tabela.php(146): CodeIgniter\Debug\Exceptions->errorHandler(2, 'Undefined prope...', 'C:\\xampp\\htdocs...', 146)
#1 C:\xampp\htdocs\Tcc\system\View\View.php(220): include('C:\\xampp\\htdocs...')
#2 C:\xampp\htdocs\Tcc\system\View\View.php(222): CodeIgniter\View\View->CodeIgniter\View\{closure}()
#3 C:\xampp\htdocs\Tcc\system\Common.php(1217): CodeIgniter\View\View->render('AdminSite/Ruas/...', Array, true)
#4 C:\xampp\htdocs\Tcc\app\Controllers\Admin.php(263): view('AdminSite/Ruas/...', Array)
#5 C:\xampp\htdocs\Tcc\system\CodeIgniter.php(936): App\Controllers\Admin->tabelaRuas()
#6 C:\xampp\htdocs\Tcc\system\CodeIgniter.php(432): CodeIgniter\CodeIgniter->runController(Object(App\Controllers\Admin))
#7 C:\xampp\htdocs\Tcc\system\CodeIgniter.php(333): CodeIgniter\CodeIgniter->handleRequest(NULL, Object(Config\Cache), false)
#8 C:\xampp\htdocs\Tcc\public\index.php(44): CodeIgniter\CodeIgniter->run()
#9 {main}
CRITICAL - 2021-08-07 11:43:00 --> Undefined property: stdClass::$nome
#0 C:\xampp\htdocs\Tcc\app\Views\AdminSite\Ruas\tabela.php(146): CodeIgniter\Debug\Exceptions->errorHandler(2, 'Undefined prope...', 'C:\\xampp\\htdocs...', 146)
#1 C:\xampp\htdocs\Tcc\system\View\View.php(220): include('C:\\xampp\\htdocs...')
#2 C:\xampp\htdocs\Tcc\system\View\View.php(222): CodeIgniter\View\View->CodeIgniter\View\{closure}()
#3 C:\xampp\htdocs\Tcc\system\Common.php(1217): CodeIgniter\View\View->render('AdminSite/Ruas/...', Array, true)
#4 C:\xampp\htdocs\Tcc\app\Controllers\Admin.php(263): view('AdminSite/Ruas/...', Array)
#5 C:\xampp\htdocs\Tcc\system\CodeIgniter.php(936): App\Controllers\Admin->tabelaRuas()
#6 C:\xampp\htdocs\Tcc\system\CodeIgniter.php(432): CodeIgniter\CodeIgniter->runController(Object(App\Controllers\Admin))
#7 C:\xampp\htdocs\Tcc\system\CodeIgniter.php(333): CodeIgniter\CodeIgniter->handleRequest(NULL, Object(Config\Cache), false)
#8 C:\xampp\htdocs\Tcc\public\index.php(44): CodeIgniter\CodeIgniter->run()
#9 {main}
CRITICAL - 2021-08-07 11:43:00 --> Undefined property: stdClass::$nome
#0 C:\xampp\htdocs\Tcc\app\Views\AdminSite\Ruas\tabela.php(146): CodeIgniter\Debug\Exceptions->errorHandler(2, 'Undefined prope...', 'C:\\xampp\\htdocs...', 146)
#1 C:\xampp\htdocs\Tcc\system\View\View.php(220): include('C:\\xampp\\htdocs...')
#2 C:\xampp\htdocs\Tcc\system\View\View.php(222): CodeIgniter\View\View->CodeIgniter\View\{closure}()
#3 C:\xampp\htdocs\Tcc\system\Common.php(1217): CodeIgniter\View\View->render('AdminSite/Ruas/...', Array, true)
#4 C:\xampp\htdocs\Tcc\app\Controllers\Admin.php(263): view('AdminSite/Ruas/...', Array)
#5 C:\xampp\htdocs\Tcc\system\CodeIgniter.php(936): App\Controllers\Admin->tabelaRuas()
#6 C:\xampp\htdocs\Tcc\system\CodeIgniter.php(432): CodeIgniter\CodeIgniter->runController(Object(App\Controllers\Admin))
#7 C:\xampp\htdocs\Tcc\system\CodeIgniter.php(333): CodeIgniter\CodeIgniter->handleRequest(NULL, Object(Config\Cache), false)
#8 C:\xampp\htdocs\Tcc\public\index.php(44): CodeIgniter\CodeIgniter->run()
#9 {main}
CRITICAL - 2021-08-07 11:43:00 --> Undefined property: stdClass::$nome
#0 C:\xampp\htdocs\Tcc\app\Views\AdminSite\Ruas\tabela.php(146): CodeIgniter\Debug\Exceptions->errorHandler(2, 'Undefined prope...', 'C:\\xampp\\htdocs...', 146)
#1 C:\xampp\htdocs\Tcc\system\View\View.php(220): include('C:\\xampp\\htdocs...')
#2 C:\xampp\htdocs\Tcc\system\View\View.php(222): CodeIgniter\View\View->CodeIgniter\View\{closure}()
#3 C:\xampp\htdocs\Tcc\system\Common.php(1217): CodeIgniter\View\View->render('AdminSite/Ruas/...', Array, true)
#4 C:\xampp\htdocs\Tcc\app\Controllers\Admin.php(263): view('AdminSite/Ruas/...', Array)
#5 C:\xampp\htdocs\Tcc\system\CodeIgniter.php(936): App\Controllers\Admin->tabelaRuas()
#6 C:\xampp\htdocs\Tcc\system\CodeIgniter.php(432): CodeIgniter\CodeIgniter->runController(Object(App\Controllers\Admin))
#7 C:\xampp\htdocs\Tcc\system\CodeIgniter.php(333): CodeIgniter\CodeIgniter->handleRequest(NULL, Object(Config\Cache), false)
#8 C:\xampp\htdocs\Tcc\public\index.php(44): CodeIgniter\CodeIgniter->run()
#9 {main}
CRITICAL - 2021-08-07 11:43:12 --> Undefined property: stdClass::$nome
#0 C:\xampp\htdocs\Tcc\app\Views\AdminSite\Ruas\tabela.php(146): CodeIgniter\Debug\Exceptions->errorHandler(2, 'Undefined prope...', 'C:\\xampp\\htdocs...', 146)
#1 C:\xampp\htdocs\Tcc\system\View\View.php(220): include('C:\\xampp\\htdocs...')
#2 C:\xampp\htdocs\Tcc\system\View\View.php(222): CodeIgniter\View\View->CodeIgniter\View\{closure}()
#3 C:\xampp\htdocs\Tcc\system\Common.php(1217): CodeIgniter\View\View->render('AdminSite/Ruas/...', Array, true)
#4 C:\xampp\htdocs\Tcc\app\Controllers\Admin.php(263): view('AdminSite/Ruas/...', Array)
#5 C:\xampp\htdocs\Tcc\system\CodeIgniter.php(936): App\Controllers\Admin->tabelaRuas()
#6 C:\xampp\htdocs\Tcc\system\CodeIgniter.php(432): CodeIgniter\CodeIgniter->runController(Object(App\Controllers\Admin))
#7 C:\xampp\htdocs\Tcc\system\CodeIgniter.php(333): CodeIgniter\CodeIgniter->handleRequest(NULL, Object(Config\Cache), false)
#8 C:\xampp\htdocs\Tcc\public\index.php(44): CodeIgniter\CodeIgniter->run()
#9 {main}
CRITICAL - 2021-08-07 11:46:17 --> Undefined property: stdClass::$nome
#0 C:\xampp\htdocs\Tcc\app\Views\AdminSite\Ruas\tabela.php(146): CodeIgniter\Debug\Exceptions->errorHandler(2, 'Undefined prope...', 'C:\\xampp\\htdocs...', 146)
#1 C:\xampp\htdocs\Tcc\system\View\View.php(220): include('C:\\xampp\\htdocs...')
#2 C:\xampp\htdocs\Tcc\system\View\View.php(222): CodeIgniter\View\View->CodeIgniter\View\{closure}()
#3 C:\xampp\htdocs\Tcc\system\Common.php(1217): CodeIgniter\View\View->render('AdminSite/Ruas/...', Array, true)
#4 C:\xampp\htdocs\Tcc\app\Controllers\Admin.php(263): view('AdminSite/Ruas/...', Array)
#5 C:\xampp\htdocs\Tcc\system\CodeIgniter.php(936): App\Controllers\Admin->tabelaRuas()
#6 C:\xampp\htdocs\Tcc\system\CodeIgniter.php(432): CodeIgniter\CodeIgniter->runController(Object(App\Controllers\Admin))
#7 C:\xampp\htdocs\Tcc\system\CodeIgniter.php(333): CodeIgniter\CodeIgniter->handleRequest(NULL, Object(Config\Cache), false)
#8 C:\xampp\htdocs\Tcc\public\index.php(44): CodeIgniter\CodeIgniter->run()
#9 {main}
CRITICAL - 2021-08-07 11:46:17 --> Undefined property: stdClass::$nome
#0 C:\xampp\htdocs\Tcc\app\Views\AdminSite\Ruas\tabela.php(146): CodeIgniter\Debug\Exceptions->errorHandler(2, 'Undefined prope...', 'C:\\xampp\\htdocs...', 146)
#1 C:\xampp\htdocs\Tcc\system\View\View.php(220): include('C:\\xampp\\htdocs...')
#2 C:\xampp\htdocs\Tcc\system\View\View.php(222): CodeIgniter\View\View->CodeIgniter\View\{closure}()
#3 C:\xampp\htdocs\Tcc\system\Common.php(1217): CodeIgniter\View\View->render('AdminSite/Ruas/...', Array, true)
#4 C:\xampp\htdocs\Tcc\app\Controllers\Admin.php(263): view('AdminSite/Ruas/...', Array)
#5 C:\xampp\htdocs\Tcc\system\CodeIgniter.php(936): App\Controllers\Admin->tabelaRuas()
#6 C:\xampp\htdocs\Tcc\system\CodeIgniter.php(432): CodeIgniter\CodeIgniter->runController(Object(App\Controllers\Admin))
#7 C:\xampp\htdocs\Tcc\system\CodeIgniter.php(333): CodeIgniter\CodeIgniter->handleRequest(NULL, Object(Config\Cache), false)
#8 C:\xampp\htdocs\Tcc\public\index.php(44): CodeIgniter\CodeIgniter->run()
#9 {main}
CRITICAL - 2021-08-07 11:46:18 --> Undefined property: stdClass::$nome
#0 C:\xampp\htdocs\Tcc\app\Views\AdminSite\Ruas\tabela.php(146): CodeIgniter\Debug\Exceptions->errorHandler(2, 'Undefined prope...', 'C:\\xampp\\htdocs...', 146)
#1 C:\xampp\htdocs\Tcc\system\View\View.php(220): include('C:\\xampp\\htdocs...')
#2 C:\xampp\htdocs\Tcc\system\View\View.php(222): CodeIgniter\View\View->CodeIgniter\View\{closure}()
#3 C:\xampp\htdocs\Tcc\system\Common.php(1217): CodeIgniter\View\View->render('AdminSite/Ruas/...', Array, true)
#4 C:\xampp\htdocs\Tcc\app\Controllers\Admin.php(263): view('AdminSite/Ruas/...', Array)
#5 C:\xampp\htdocs\Tcc\system\CodeIgniter.php(936): App\Controllers\Admin->tabelaRuas()
#6 C:\xampp\htdocs\Tcc\system\CodeIgniter.php(432): CodeIgniter\CodeIgniter->runController(Object(App\Controllers\Admin))
#7 C:\xampp\htdocs\Tcc\system\CodeIgniter.php(333): CodeIgniter\CodeIgniter->handleRequest(NULL, Object(Config\Cache), false)
#8 C:\xampp\htdocs\Tcc\public\index.php(44): CodeIgniter\CodeIgniter->run()
#9 {main}
CRITICAL - 2021-08-07 11:46:18 --> Undefined property: stdClass::$nome
#0 C:\xampp\htdocs\Tcc\app\Views\AdminSite\Ruas\tabela.php(146): CodeIgniter\Debug\Exceptions->errorHandler(2, 'Undefined prope...', 'C:\\xampp\\htdocs...', 146)
#1 C:\xampp\htdocs\Tcc\system\View\View.php(220): include('C:\\xampp\\htdocs...')
#2 C:\xampp\htdocs\Tcc\system\View\View.php(222): CodeIgniter\View\View->CodeIgniter\View\{closure}()
#3 C:\xampp\htdocs\Tcc\system\Common.php(1217): CodeIgniter\View\View->render('AdminSite/Ruas/...', Array, true)
#4 C:\xampp\htdocs\Tcc\app\Controllers\Admin.php(263): view('AdminSite/Ruas/...', Array)
#5 C:\xampp\htdocs\Tcc\system\CodeIgniter.php(936): App\Controllers\Admin->tabelaRuas()
#6 C:\xampp\htdocs\Tcc\system\CodeIgniter.php(432): CodeIgniter\CodeIgniter->runController(Object(App\Controllers\Admin))
#7 C:\xampp\htdocs\Tcc\system\CodeIgniter.php(333): CodeIgniter\CodeIgniter->handleRequest(NULL, Object(Config\Cache), false)
#8 C:\xampp\htdocs\Tcc\public\index.php(44): CodeIgniter\CodeIgniter->run()
#9 {main}
CRITICAL - 2021-08-07 11:46:18 --> Undefined property: stdClass::$nome
#0 C:\xampp\htdocs\Tcc\app\Views\AdminSite\Ruas\tabela.php(146): CodeIgniter\Debug\Exceptions->errorHandler(2, 'Undefined prope...', 'C:\\xampp\\htdocs...', 146)
#1 C:\xampp\htdocs\Tcc\system\View\View.php(220): include('C:\\xampp\\htdocs...')
#2 C:\xampp\htdocs\Tcc\system\View\View.php(222): CodeIgniter\View\View->CodeIgniter\View\{closure}()
#3 C:\xampp\htdocs\Tcc\system\Common.php(1217): CodeIgniter\View\View->render('AdminSite/Ruas/...', Array, true)
#4 C:\xampp\htdocs\Tcc\app\Controllers\Admin.php(263): view('AdminSite/Ruas/...', Array)
#5 C:\xampp\htdocs\Tcc\system\CodeIgniter.php(936): App\Controllers\Admin->tabelaRuas()
#6 C:\xampp\htdocs\Tcc\system\CodeIgniter.php(432): CodeIgniter\CodeIgniter->runController(Object(App\Controllers\Admin))
#7 C:\xampp\htdocs\Tcc\system\CodeIgniter.php(333): CodeIgniter\CodeIgniter->handleRequest(NULL, Object(Config\Cache), false)
#8 C:\xampp\htdocs\Tcc\public\index.php(44): CodeIgniter\CodeIgniter->run()
#9 {main}
CRITICAL - 2021-08-07 11:46:18 --> Undefined property: stdClass::$nome
#0 C:\xampp\htdocs\Tcc\app\Views\AdminSite\Ruas\tabela.php(146): CodeIgniter\Debug\Exceptions->errorHandler(2, 'Undefined prope...', 'C:\\xampp\\htdocs...', 146)
#1 C:\xampp\htdocs\Tcc\system\View\View.php(220): include('C:\\xampp\\htdocs...')
#2 C:\xampp\htdocs\Tcc\system\View\View.php(222): CodeIgniter\View\View->CodeIgniter\View\{closure}()
#3 C:\xampp\htdocs\Tcc\system\Common.php(1217): CodeIgniter\View\View->render('AdminSite/Ruas/...', Array, true)
#4 C:\xampp\htdocs\Tcc\app\Controllers\Admin.php(263): view('AdminSite/Ruas/...', Array)
#5 C:\xampp\htdocs\Tcc\system\CodeIgniter.php(936): App\Controllers\Admin->tabelaRuas()
#6 C:\xampp\htdocs\Tcc\system\CodeIgniter.php(432): CodeIgniter\CodeIgniter->runController(Object(App\Controllers\Admin))
#7 C:\xampp\htdocs\Tcc\system\CodeIgniter.php(333): CodeIgniter\CodeIgniter->handleRequest(NULL, Object(Config\Cache), false)
#8 C:\xampp\htdocs\Tcc\public\index.php(44): CodeIgniter\CodeIgniter->run()
#9 {main}
CRITICAL - 2021-08-07 11:46:59 --> Undefined property: stdClass::$nome
#0 C:\xampp\htdocs\Tcc\app\Views\AdminSite\Ruas\tabela.php(146): CodeIgniter\Debug\Exceptions->errorHandler(2, 'Undefined prope...', 'C:\\xampp\\htdocs...', 146)
#1 C:\xampp\htdocs\Tcc\system\View\View.php(220): include('C:\\xampp\\htdocs...')
#2 C:\xampp\htdocs\Tcc\system\View\View.php(222): CodeIgniter\View\View->CodeIgniter\View\{closure}()
#3 C:\xampp\htdocs\Tcc\system\Common.php(1217): CodeIgniter\View\View->render('AdminSite/Ruas/...', Array, true)
#4 C:\xampp\htdocs\Tcc\app\Controllers\Admin.php(263): view('AdminSite/Ruas/...', Array)
#5 C:\xampp\htdocs\Tcc\system\CodeIgniter.php(936): App\Controllers\Admin->tabelaRuas()
#6 C:\xampp\htdocs\Tcc\system\CodeIgniter.php(432): CodeIgniter\CodeIgniter->runController(Object(App\Controllers\Admin))
#7 C:\xampp\htdocs\Tcc\system\CodeIgniter.php(333): CodeIgniter\CodeIgniter->handleRequest(NULL, Object(Config\Cache), false)
#8 C:\xampp\htdocs\Tcc\public\index.php(44): CodeIgniter\CodeIgniter->run()
#9 {main}
CRITICAL - 2021-08-07 11:47:00 --> Undefined property: stdClass::$nome
#0 C:\xampp\htdocs\Tcc\app\Views\AdminSite\Ruas\tabela.php(146): CodeIgniter\Debug\Exceptions->errorHandler(2, 'Undefined prope...', 'C:\\xampp\\htdocs...', 146)
#1 C:\xampp\htdocs\Tcc\system\View\View.php(220): include('C:\\xampp\\htdocs...')
#2 C:\xampp\htdocs\Tcc\system\View\View.php(222): CodeIgniter\View\View->CodeIgniter\View\{closure}()
#3 C:\xampp\htdocs\Tcc\system\Common.php(1217): CodeIgniter\View\View->render('AdminSite/Ruas/...', Array, true)
#4 C:\xampp\htdocs\Tcc\app\Controllers\Admin.php(263): view('AdminSite/Ruas/...', Array)
#5 C:\xampp\htdocs\Tcc\system\CodeIgniter.php(936): App\Controllers\Admin->tabelaRuas()
#6 C:\xampp\htdocs\Tcc\system\CodeIgniter.php(432): CodeIgniter\CodeIgniter->runController(Object(App\Controllers\Admin))
#7 C:\xampp\htdocs\Tcc\system\CodeIgniter.php(333): CodeIgniter\CodeIgniter->handleRequest(NULL, Object(Config\Cache), false)
#8 C:\xampp\htdocs\Tcc\public\index.php(44): CodeIgniter\CodeIgniter->run()
#9 {main}
CRITICAL - 2021-08-07 11:47:00 --> Undefined property: stdClass::$nome
#0 C:\xampp\htdocs\Tcc\app\Views\AdminSite\Ruas\tabela.php(146): CodeIgniter\Debug\Exceptions->errorHandler(2, 'Undefined prope...', 'C:\\xampp\\htdocs...', 146)
#1 C:\xampp\htdocs\Tcc\system\View\View.php(220): include('C:\\xampp\\htdocs...')
#2 C:\xampp\htdocs\Tcc\system\View\View.php(222): CodeIgniter\View\View->CodeIgniter\View\{closure}()
#3 C:\xampp\htdocs\Tcc\system\Common.php(1217): CodeIgniter\View\View->render('AdminSite/Ruas/...', Array, true)
#4 C:\xampp\htdocs\Tcc\app\Controllers\Admin.php(263): view('AdminSite/Ruas/...', Array)
#5 C:\xampp\htdocs\Tcc\system\CodeIgniter.php(936): App\Controllers\Admin->tabelaRuas()
#6 C:\xampp\htdocs\Tcc\system\CodeIgniter.php(432): CodeIgniter\CodeIgniter->runController(Object(App\Controllers\Admin))
#7 C:\xampp\htdocs\Tcc\system\CodeIgniter.php(333): CodeIgniter\CodeIgniter->handleRequest(NULL, Object(Config\Cache), false)
#8 C:\xampp\htdocs\Tcc\public\index.php(44): CodeIgniter\CodeIgniter->run()
#9 {main}
CRITICAL - 2021-08-07 11:47:01 --> Undefined property: stdClass::$nome
#0 C:\xampp\htdocs\Tcc\app\Views\AdminSite\Ruas\tabela.php(146): CodeIgniter\Debug\Exceptions->errorHandler(2, 'Undefined prope...', 'C:\\xampp\\htdocs...', 146)
#1 C:\xampp\htdocs\Tcc\system\View\View.php(220): include('C:\\xampp\\htdocs...')
#2 C:\xampp\htdocs\Tcc\system\View\View.php(222): CodeIgniter\View\View->CodeIgniter\View\{closure}()
#3 C:\xampp\htdocs\Tcc\system\Common.php(1217): CodeIgniter\View\View->render('AdminSite/Ruas/...', Array, true)
#4 C:\xampp\htdocs\Tcc\app\Controllers\Admin.php(263): view('AdminSite/Ruas/...', Array)
#5 C:\xampp\htdocs\Tcc\system\CodeIgniter.php(936): App\Controllers\Admin->tabelaRuas()
#6 C:\xampp\htdocs\Tcc\system\CodeIgniter.php(432): CodeIgniter\CodeIgniter->runController(Object(App\Controllers\Admin))
#7 C:\xampp\htdocs\Tcc\system\CodeIgniter.php(333): CodeIgniter\CodeIgniter->handleRequest(NULL, Object(Config\Cache), false)
#8 C:\xampp\htdocs\Tcc\public\index.php(44): CodeIgniter\CodeIgniter->run()
#9 {main}
CRITICAL - 2021-08-07 11:47:53 --> Undefined property: stdClass::$nome
#0 C:\xampp\htdocs\Tcc\app\Views\AdminSite\Ruas\tabela.php(146): CodeIgniter\Debug\Exceptions->errorHandler(2, 'Undefined prope...', 'C:\\xampp\\htdocs...', 146)
#1 C:\xampp\htdocs\Tcc\system\View\View.php(220): include('C:\\xampp\\htdocs...')
#2 C:\xampp\htdocs\Tcc\system\View\View.php(222): CodeIgniter\View\View->CodeIgniter\View\{closure}()
#3 C:\xampp\htdocs\Tcc\system\Common.php(1217): CodeIgniter\View\View->render('AdminSite/Ruas/...', Array, true)
#4 C:\xampp\htdocs\Tcc\app\Controllers\Admin.php(263): view('AdminSite/Ruas/...', Array)
#5 C:\xampp\htdocs\Tcc\system\CodeIgniter.php(936): App\Controllers\Admin->tabelaRuas()
#6 C:\xampp\htdocs\Tcc\system\CodeIgniter.php(432): CodeIgniter\CodeIgniter->runController(Object(App\Controllers\Admin))
#7 C:\xampp\htdocs\Tcc\system\CodeIgniter.php(333): CodeIgniter\CodeIgniter->handleRequest(NULL, Object(Config\Cache), false)
#8 C:\xampp\htdocs\Tcc\public\index.php(44): CodeIgniter\CodeIgniter->run()
#9 {main}
CRITICAL - 2021-08-07 11:47:54 --> Undefined property: stdClass::$nome
#0 C:\xampp\htdocs\Tcc\app\Views\AdminSite\Ruas\tabela.php(146): CodeIgniter\Debug\Exceptions->errorHandler(2, 'Undefined prope...', 'C:\\xampp\\htdocs...', 146)
#1 C:\xampp\htdocs\Tcc\system\View\View.php(220): include('C:\\xampp\\htdocs...')
#2 C:\xampp\htdocs\Tcc\system\View\View.php(222): CodeIgniter\View\View->CodeIgniter\View\{closure}()
#3 C:\xampp\htdocs\Tcc\system\Common.php(1217): CodeIgniter\View\View->render('AdminSite/Ruas/...', Array, true)
#4 C:\xampp\htdocs\Tcc\app\Controllers\Admin.php(263): view('AdminSite/Ruas/...', Array)
#5 C:\xampp\htdocs\Tcc\system\CodeIgniter.php(936): App\Controllers\Admin->tabelaRuas()
#6 C:\xampp\htdocs\Tcc\system\CodeIgniter.php(432): CodeIgniter\CodeIgniter->runController(Object(App\Controllers\Admin))
#7 C:\xampp\htdocs\Tcc\system\CodeIgniter.php(333): CodeIgniter\CodeIgniter->handleRequest(NULL, Object(Config\Cache), false)
#8 C:\xampp\htdocs\Tcc\public\index.php(44): CodeIgniter\CodeIgniter->run()
#9 {main}
CRITICAL - 2021-08-07 11:47:56 --> Undefined property: stdClass::$nome
#0 C:\xampp\htdocs\Tcc\app\Views\AdminSite\Ruas\tabela.php(146): CodeIgniter\Debug\Exceptions->errorHandler(2, 'Undefined prope...', 'C:\\xampp\\htdocs...', 146)
#1 C:\xampp\htdocs\Tcc\system\View\View.php(220): include('C:\\xampp\\htdocs...')
#2 C:\xampp\htdocs\Tcc\system\View\View.php(222): CodeIgniter\View\View->CodeIgniter\View\{closure}()
#3 C:\xampp\htdocs\Tcc\system\Common.php(1217): CodeIgniter\View\View->render('AdminSite/Ruas/...', Array, true)
#4 C:\xampp\htdocs\Tcc\app\Controllers\Admin.php(263): view('AdminSite/Ruas/...', Array)
#5 C:\xampp\htdocs\Tcc\system\CodeIgniter.php(936): App\Controllers\Admin->tabelaRuas()
#6 C:\xampp\htdocs\Tcc\system\CodeIgniter.php(432): CodeIgniter\CodeIgniter->runController(Object(App\Controllers\Admin))
#7 C:\xampp\htdocs\Tcc\system\CodeIgniter.php(333): CodeIgniter\CodeIgniter->handleRequest(NULL, Object(Config\Cache), false)
#8 C:\xampp\htdocs\Tcc\public\index.php(44): CodeIgniter\CodeIgniter->run()
#9 {main}
CRITICAL - 2021-08-07 11:49:34 --> Undefined property: stdClass::$nome
#0 C:\xampp\htdocs\Tcc\app\Views\AdminSite\Ruas\tabela.php(146): CodeIgniter\Debug\Exceptions->errorHandler(2, 'Undefined prope...', 'C:\\xampp\\htdocs...', 146)
#1 C:\xampp\htdocs\Tcc\system\View\View.php(220): include('C:\\xampp\\htdocs...')
#2 C:\xampp\htdocs\Tcc\system\View\View.php(222): CodeIgniter\View\View->CodeIgniter\View\{closure}()
#3 C:\xampp\htdocs\Tcc\system\Common.php(1217): CodeIgniter\View\View->render('AdminSite/Ruas/...', Array, true)
#4 C:\xampp\htdocs\Tcc\app\Controllers\Admin.php(263): view('AdminSite/Ruas/...', Array)
#5 C:\xampp\htdocs\Tcc\system\CodeIgniter.php(936): App\Controllers\Admin->tabelaRuas()
#6 C:\xampp\htdocs\Tcc\system\CodeIgniter.php(432): CodeIgniter\CodeIgniter->runController(Object(App\Controllers\Admin))
#7 C:\xampp\htdocs\Tcc\system\CodeIgniter.php(333): CodeIgniter\CodeIgniter->handleRequest(NULL, Object(Config\Cache), false)
#8 C:\xampp\htdocs\Tcc\public\index.php(44): CodeIgniter\CodeIgniter->run()
#9 {main}
CRITICAL - 2021-08-07 11:49:36 --> Undefined property: stdClass::$nome
#0 C:\xampp\htdocs\Tcc\app\Views\AdminSite\Ruas\tabela.php(146): CodeIgniter\Debug\Exceptions->errorHandler(2, 'Undefined prope...', 'C:\\xampp\\htdocs...', 146)
#1 C:\xampp\htdocs\Tcc\system\View\View.php(220): include('C:\\xampp\\htdocs...')
#2 C:\xampp\htdocs\Tcc\system\View\View.php(222): CodeIgniter\View\View->CodeIgniter\View\{closure}()
#3 C:\xampp\htdocs\Tcc\system\Common.php(1217): CodeIgniter\View\View->render('AdminSite/Ruas/...', Array, true)
#4 C:\xampp\htdocs\Tcc\app\Controllers\Admin.php(263): view('AdminSite/Ruas/...', Array)
#5 C:\xampp\htdocs\Tcc\system\CodeIgniter.php(936): App\Controllers\Admin->tabelaRuas()
#6 C:\xampp\htdocs\Tcc\system\CodeIgniter.php(432): CodeIgniter\CodeIgniter->runController(Object(App\Controllers\Admin))
#7 C:\xampp\htdocs\Tcc\system\CodeIgniter.php(333): CodeIgniter\CodeIgniter->handleRequest(NULL, Object(Config\Cache), false)
#8 C:\xampp\htdocs\Tcc\public\index.php(44): CodeIgniter\CodeIgniter->run()
#9 {main}
CRITICAL - 2021-08-07 11:49:37 --> Undefined property: stdClass::$nome
#0 C:\xampp\htdocs\Tcc\app\Views\AdminSite\Ruas\tabela.php(146): CodeIgniter\Debug\Exceptions->errorHandler(2, 'Undefined prope...', 'C:\\xampp\\htdocs...', 146)
#1 C:\xampp\htdocs\Tcc\system\View\View.php(220): include('C:\\xampp\\htdocs...')
#2 C:\xampp\htdocs\Tcc\system\View\View.php(222): CodeIgniter\View\View->CodeIgniter\View\{closure}()
#3 C:\xampp\htdocs\Tcc\system\Common.php(1217): CodeIgniter\View\View->render('AdminSite/Ruas/...', Array, true)
#4 C:\xampp\htdocs\Tcc\app\Controllers\Admin.php(263): view('AdminSite/Ruas/...', Array)
#5 C:\xampp\htdocs\Tcc\system\CodeIgniter.php(936): App\Controllers\Admin->tabelaRuas()
#6 C:\xampp\htdocs\Tcc\system\CodeIgniter.php(432): CodeIgniter\CodeIgniter->runController(Object(App\Controllers\Admin))
#7 C:\xampp\htdocs\Tcc\system\CodeIgniter.php(333): CodeIgniter\CodeIgniter->handleRequest(NULL, Object(Config\Cache), false)
#8 C:\xampp\htdocs\Tcc\public\index.php(44): CodeIgniter\CodeIgniter->run()
#9 {main}
CRITICAL - 2021-08-07 11:51:22 --> Undefined property: stdClass::$nome
#0 C:\xampp\htdocs\Tcc\app\Views\AdminSite\Ruas\tabela.php(146): CodeIgniter\Debug\Exceptions->errorHandler(2, 'Undefined prope...', 'C:\\xampp\\htdocs...', 146)
#1 C:\xampp\htdocs\Tcc\system\View\View.php(220): include('C:\\xampp\\htdocs...')
#2 C:\xampp\htdocs\Tcc\system\View\View.php(222): CodeIgniter\View\View->CodeIgniter\View\{closure}()
#3 C:\xampp\htdocs\Tcc\system\Common.php(1217): CodeIgniter\View\View->render('AdminSite/Ruas/...', Array, true)
#4 C:\xampp\htdocs\Tcc\app\Controllers\Admin.php(263): view('AdminSite/Ruas/...', Array)
#5 C:\xampp\htdocs\Tcc\system\CodeIgniter.php(936): App\Controllers\Admin->tabelaRuas()
#6 C:\xampp\htdocs\Tcc\system\CodeIgniter.php(432): CodeIgniter\CodeIgniter->runController(Object(App\Controllers\Admin))
#7 C:\xampp\htdocs\Tcc\system\CodeIgniter.php(333): CodeIgniter\CodeIgniter->handleRequest(NULL, Object(Config\Cache), false)
#8 C:\xampp\htdocs\Tcc\public\index.php(44): CodeIgniter\CodeIgniter->run()
#9 {main}
CRITICAL - 2021-08-07 11:51:23 --> Undefined property: stdClass::$nome
#0 C:\xampp\htdocs\Tcc\app\Views\AdminSite\Ruas\tabela.php(146): CodeIgniter\Debug\Exceptions->errorHandler(2, 'Undefined prope...', 'C:\\xampp\\htdocs...', 146)
#1 C:\xampp\htdocs\Tcc\system\View\View.php(220): include('C:\\xampp\\htdocs...')
#2 C:\xampp\htdocs\Tcc\system\View\View.php(222): CodeIgniter\View\View->CodeIgniter\View\{closure}()
#3 C:\xampp\htdocs\Tcc\system\Common.php(1217): CodeIgniter\View\View->render('AdminSite/Ruas/...', Array, true)
#4 C:\xampp\htdocs\Tcc\app\Controllers\Admin.php(263): view('AdminSite/Ruas/...', Array)
#5 C:\xampp\htdocs\Tcc\system\CodeIgniter.php(936): App\Controllers\Admin->tabelaRuas()
#6 C:\xampp\htdocs\Tcc\system\CodeIgniter.php(432): CodeIgniter\CodeIgniter->runController(Object(App\Controllers\Admin))
#7 C:\xampp\htdocs\Tcc\system\CodeIgniter.php(333): CodeIgniter\CodeIgniter->handleRequest(NULL, Object(Config\Cache), false)
#8 C:\xampp\htdocs\Tcc\public\index.php(44): CodeIgniter\CodeIgniter->run()
#9 {main}
CRITICAL - 2021-08-07 11:51:23 --> Undefined property: stdClass::$nome
#0 C:\xampp\htdocs\Tcc\app\Views\AdminSite\Ruas\tabela.php(146): CodeIgniter\Debug\Exceptions->errorHandler(2, 'Undefined prope...', 'C:\\xampp\\htdocs...', 146)
#1 C:\xampp\htdocs\Tcc\system\View\View.php(220): include('C:\\xampp\\htdocs...')
#2 C:\xampp\htdocs\Tcc\system\View\View.php(222): CodeIgniter\View\View->CodeIgniter\View\{closure}()
#3 C:\xampp\htdocs\Tcc\system\Common.php(1217): CodeIgniter\View\View->render('AdminSite/Ruas/...', Array, true)
#4 C:\xampp\htdocs\Tcc\app\Controllers\Admin.php(263): view('AdminSite/Ruas/...', Array)
#5 C:\xampp\htdocs\Tcc\system\CodeIgniter.php(936): App\Controllers\Admin->tabelaRuas()
#6 C:\xampp\htdocs\Tcc\system\CodeIgniter.php(432): CodeIgniter\CodeIgniter->runController(Object(App\Controllers\Admin))
#7 C:\xampp\htdocs\Tcc\system\CodeIgniter.php(333): CodeIgniter\CodeIgniter->handleRequest(NULL, Object(Config\Cache), false)
#8 C:\xampp\htdocs\Tcc\public\index.php(44): CodeIgniter\CodeIgniter->run()
#9 {main}
CRITICAL - 2021-08-07 11:51:24 --> Undefined property: stdClass::$nome
#0 C:\xampp\htdocs\Tcc\app\Views\AdminSite\Ruas\tabela.php(146): CodeIgniter\Debug\Exceptions->errorHandler(2, 'Undefined prope...', 'C:\\xampp\\htdocs...', 146)
#1 C:\xampp\htdocs\Tcc\system\View\View.php(220): include('C:\\xampp\\htdocs...')
#2 C:\xampp\htdocs\Tcc\system\View\View.php(222): CodeIgniter\View\View->CodeIgniter\View\{closure}()
#3 C:\xampp\htdocs\Tcc\system\Common.php(1217): CodeIgniter\View\View->render('AdminSite/Ruas/...', Array, true)
#4 C:\xampp\htdocs\Tcc\app\Controllers\Admin.php(263): view('AdminSite/Ruas/...', Array)
#5 C:\xampp\htdocs\Tcc\system\CodeIgniter.php(936): App\Controllers\Admin->tabelaRuas()
#6 C:\xampp\htdocs\Tcc\system\CodeIgniter.php(432): CodeIgniter\CodeIgniter->runController(Object(App\Controllers\Admin))
#7 C:\xampp\htdocs\Tcc\system\CodeIgniter.php(333): CodeIgniter\CodeIgniter->handleRequest(NULL, Object(Config\Cache), false)
#8 C:\xampp\htdocs\Tcc\public\index.php(44): CodeIgniter\CodeIgniter->run()
#9 {main}
CRITICAL - 2021-08-07 11:51:24 --> Undefined property: stdClass::$nome
#0 C:\xampp\htdocs\Tcc\app\Views\AdminSite\Ruas\tabela.php(146): CodeIgniter\Debug\Exceptions->errorHandler(2, 'Undefined prope...', 'C:\\xampp\\htdocs...', 146)
#1 C:\xampp\htdocs\Tcc\system\View\View.php(220): include('C:\\xampp\\htdocs...')
#2 C:\xampp\htdocs\Tcc\system\View\View.php(222): CodeIgniter\View\View->CodeIgniter\View\{closure}()
#3 C:\xampp\htdocs\Tcc\system\Common.php(1217): CodeIgniter\View\View->render('AdminSite/Ruas/...', Array, true)
#4 C:\xampp\htdocs\Tcc\app\Controllers\Admin.php(263): view('AdminSite/Ruas/...', Array)
#5 C:\xampp\htdocs\Tcc\system\CodeIgniter.php(936): App\Controllers\Admin->tabelaRuas()
#6 C:\xampp\htdocs\Tcc\system\CodeIgniter.php(432): CodeIgniter\CodeIgniter->runController(Object(App\Controllers\Admin))
#7 C:\xampp\htdocs\Tcc\system\CodeIgniter.php(333): CodeIgniter\CodeIgniter->handleRequest(NULL, Object(Config\Cache), false)
#8 C:\xampp\htdocs\Tcc\public\index.php(44): CodeIgniter\CodeIgniter->run()
#9 {main}
CRITICAL - 2021-08-07 11:51:24 --> Undefined property: stdClass::$nome
#0 C:\xampp\htdocs\Tcc\app\Views\AdminSite\Ruas\tabela.php(146): CodeIgniter\Debug\Exceptions->errorHandler(2, 'Undefined prope...', 'C:\\xampp\\htdocs...', 146)
#1 C:\xampp\htdocs\Tcc\system\View\View.php(220): include('C:\\xampp\\htdocs...')
#2 C:\xampp\htdocs\Tcc\system\View\View.php(222): CodeIgniter\View\View->CodeIgniter\View\{closure}()
#3 C:\xampp\htdocs\Tcc\system\Common.php(1217): CodeIgniter\View\View->render('AdminSite/Ruas/...', Array, true)
#4 C:\xampp\htdocs\Tcc\app\Controllers\Admin.php(263): view('AdminSite/Ruas/...', Array)
#5 C:\xampp\htdocs\Tcc\system\CodeIgniter.php(936): App\Controllers\Admin->tabelaRuas()
#6 C:\xampp\htdocs\Tcc\system\CodeIgniter.php(432): CodeIgniter\CodeIgniter->runController(Object(App\Controllers\Admin))
#7 C:\xampp\htdocs\Tcc\system\CodeIgniter.php(333): CodeIgniter\CodeIgniter->handleRequest(NULL, Object(Config\Cache), false)
#8 C:\xampp\htdocs\Tcc\public\index.php(44): CodeIgniter\CodeIgniter->run()
#9 {main}
CRITICAL - 2021-08-07 11:51:35 --> Undefined property: stdClass::$nome
#0 C:\xampp\htdocs\Tcc\app\Views\AdminSite\Ruas\tabela.php(146): CodeIgniter\Debug\Exceptions->errorHandler(2, 'Undefined prope...', 'C:\\xampp\\htdocs...', 146)
#1 C:\xampp\htdocs\Tcc\system\View\View.php(220): include('C:\\xampp\\htdocs...')
#2 C:\xampp\htdocs\Tcc\system\View\View.php(222): CodeIgniter\View\View->CodeIgniter\View\{closure}()
#3 C:\xampp\htdocs\Tcc\system\Common.php(1217): CodeIgniter\View\View->render('AdminSite/Ruas/...', Array, true)
#4 C:\xampp\htdocs\Tcc\app\Controllers\Admin.php(263): view('AdminSite/Ruas/...', Array)
#5 C:\xampp\htdocs\Tcc\system\CodeIgniter.php(936): App\Controllers\Admin->tabelaRuas()
#6 C:\xampp\htdocs\Tcc\system\CodeIgniter.php(432): CodeIgniter\CodeIgniter->runController(Object(App\Controllers\Admin))
#7 C:\xampp\htdocs\Tcc\system\CodeIgniter.php(333): CodeIgniter\CodeIgniter->handleRequest(NULL, Object(Config\Cache), false)
#8 C:\xampp\htdocs\Tcc\public\index.php(44): CodeIgniter\CodeIgniter->run()
#9 {main}
CRITICAL - 2021-08-07 11:53:52 --> Undefined property: stdClass::$cep
#0 C:\xampp\htdocs\Tcc\app\Views\AdminSite\Ruas\tabela.php(145): CodeIgniter\Debug\Exceptions->errorHandler(2, 'Undefined prope...', 'C:\\xampp\\htdocs...', 145)
#1 C:\xampp\htdocs\Tcc\system\View\View.php(220): include('C:\\xampp\\htdocs...')
#2 C:\xampp\htdocs\Tcc\system\View\View.php(222): CodeIgniter\View\View->CodeIgniter\View\{closure}()
#3 C:\xampp\htdocs\Tcc\system\Common.php(1217): CodeIgniter\View\View->render('AdminSite/Ruas/...', Array, true)
#4 C:\xampp\htdocs\Tcc\app\Controllers\Admin.php(263): view('AdminSite/Ruas/...', Array)
#5 C:\xampp\htdocs\Tcc\system\CodeIgniter.php(936): App\Controllers\Admin->tabelaRuas()
#6 C:\xampp\htdocs\Tcc\system\CodeIgniter.php(432): CodeIgniter\CodeIgniter->runController(Object(App\Controllers\Admin))
#7 C:\xampp\htdocs\Tcc\system\CodeIgniter.php(333): CodeIgniter\CodeIgniter->handleRequest(NULL, Object(Config\Cache), false)
#8 C:\xampp\htdocs\Tcc\public\index.php(44): CodeIgniter\CodeIgniter->run()
#9 {main}
CRITICAL - 2021-08-07 11:54:02 --> Undefined property: stdClass::$cep
#0 C:\xampp\htdocs\Tcc\app\Views\AdminSite\Ruas\tabela.php(147): CodeIgniter\Debug\Exceptions->errorHandler(2, 'Undefined prope...', 'C:\\xampp\\htdocs...', 147)
#1 C:\xampp\htdocs\Tcc\system\View\View.php(220): include('C:\\xampp\\htdocs...')
#2 C:\xampp\htdocs\Tcc\system\View\View.php(222): CodeIgniter\View\View->CodeIgniter\View\{closure}()
#3 C:\xampp\htdocs\Tcc\system\Common.php(1217): CodeIgniter\View\View->render('AdminSite/Ruas/...', Array, true)
#4 C:\xampp\htdocs\Tcc\app\Controllers\Admin.php(263): view('AdminSite/Ruas/...', Array)
#5 C:\xampp\htdocs\Tcc\system\CodeIgniter.php(936): App\Controllers\Admin->tabelaRuas()
#6 C:\xampp\htdocs\Tcc\system\CodeIgniter.php(432): CodeIgniter\CodeIgniter->runController(Object(App\Controllers\Admin))
#7 C:\xampp\htdocs\Tcc\system\CodeIgniter.php(333): CodeIgniter\CodeIgniter->handleRequest(NULL, Object(Config\Cache), false)
#8 C:\xampp\htdocs\Tcc\public\index.php(44): CodeIgniter\CodeIgniter->run()
#9 {main}
CRITICAL - 2021-08-07 11:54:49 --> Undefined property: stdClass::$cep
#0 C:\xampp\htdocs\Tcc\app\Views\AdminSite\Ruas\tabela.php(145): CodeIgniter\Debug\Exceptions->errorHandler(2, 'Undefined prope...', 'C:\\xampp\\htdocs...', 145)
#1 C:\xampp\htdocs\Tcc\system\View\View.php(220): include('C:\\xampp\\htdocs...')
#2 C:\xampp\htdocs\Tcc\system\View\View.php(222): CodeIgniter\View\View->CodeIgniter\View\{closure}()
#3 C:\xampp\htdocs\Tcc\system\Common.php(1217): CodeIgniter\View\View->render('AdminSite/Ruas/...', Array, true)
#4 C:\xampp\htdocs\Tcc\app\Controllers\Admin.php(263): view('AdminSite/Ruas/...', Array)
#5 C:\xampp\htdocs\Tcc\system\CodeIgniter.php(936): App\Controllers\Admin->tabelaRuas()
#6 C:\xampp\htdocs\Tcc\system\CodeIgniter.php(432): CodeIgniter\CodeIgniter->runController(Object(App\Controllers\Admin))
#7 C:\xampp\htdocs\Tcc\system\CodeIgniter.php(333): CodeIgniter\CodeIgniter->handleRequest(NULL, Object(Config\Cache), false)
#8 C:\xampp\htdocs\Tcc\public\index.php(44): CodeIgniter\CodeIgniter->run()
#9 {main}
CRITICAL - 2021-08-07 11:55:14 --> Undefined property: stdClass::$nome
#0 C:\xampp\htdocs\Tcc\app\Views\AdminSite\Ruas\tabela.php(146): CodeIgniter\Debug\Exceptions->errorHandler(2, 'Undefined prope...', 'C:\\xampp\\htdocs...', 146)
#1 C:\xampp\htdocs\Tcc\system\View\View.php(220): include('C:\\xampp\\htdocs...')
#2 C:\xampp\htdocs\Tcc\system\View\View.php(222): CodeIgniter\View\View->CodeIgniter\View\{closure}()
#3 C:\xampp\htdocs\Tcc\system\Common.php(1217): CodeIgniter\View\View->render('AdminSite/Ruas/...', Array, true)
#4 C:\xampp\htdocs\Tcc\app\Controllers\Admin.php(263): view('AdminSite/Ruas/...', Array)
#5 C:\xampp\htdocs\Tcc\system\CodeIgniter.php(936): App\Controllers\Admin->tabelaRuas()
#6 C:\xampp\htdocs\Tcc\system\CodeIgniter.php(432): CodeIgniter\CodeIgniter->runController(Object(App\Controllers\Admin))
#7 C:\xampp\htdocs\Tcc\system\CodeIgniter.php(333): CodeIgniter\CodeIgniter->handleRequest(NULL, Object(Config\Cache), false)
#8 C:\xampp\htdocs\Tcc\public\index.php(44): CodeIgniter\CodeIgniter->run()
#9 {main}
CRITICAL - 2021-08-07 11:55:16 --> Undefined property: stdClass::$nome
#0 C:\xampp\htdocs\Tcc\app\Views\AdminSite\Ruas\tabela.php(146): CodeIgniter\Debug\Exceptions->errorHandler(2, 'Undefined prope...', 'C:\\xampp\\htdocs...', 146)
#1 C:\xampp\htdocs\Tcc\system\View\View.php(220): include('C:\\xampp\\htdocs...')
#2 C:\xampp\htdocs\Tcc\system\View\View.php(222): CodeIgniter\View\View->CodeIgniter\View\{closure}()
#3 C:\xampp\htdocs\Tcc\system\Common.php(1217): CodeIgniter\View\View->render('AdminSite/Ruas/...', Array, true)
#4 C:\xampp\htdocs\Tcc\app\Controllers\Admin.php(263): view('AdminSite/Ruas/...', Array)
#5 C:\xampp\htdocs\Tcc\system\CodeIgniter.php(936): App\Controllers\Admin->tabelaRuas()
#6 C:\xampp\htdocs\Tcc\system\CodeIgniter.php(432): CodeIgniter\CodeIgniter->runController(Object(App\Controllers\Admin))
#7 C:\xampp\htdocs\Tcc\system\CodeIgniter.php(333): CodeIgniter\CodeIgniter->handleRequest(NULL, Object(Config\Cache), false)
#8 C:\xampp\htdocs\Tcc\public\index.php(44): CodeIgniter\CodeIgniter->run()
#9 {main}
CRITICAL - 2021-08-07 12:04:23 --> Undefined property: stdClass::$id
#0 C:\xampp\htdocs\Tcc\app\Views\AdminSite\Ruas\tabela.php(148): CodeIgniter\Debug\Exceptions->errorHandler(2, 'Undefined prope...', 'C:\\xampp\\htdocs...', 148)
#1 C:\xampp\htdocs\Tcc\system\View\View.php(220): include('C:\\xampp\\htdocs...')
#2 C:\xampp\htdocs\Tcc\system\View\View.php(222): CodeIgniter\View\View->CodeIgniter\View\{closure}()
#3 C:\xampp\htdocs\Tcc\system\Common.php(1217): CodeIgniter\View\View->render('AdminSite/Ruas/...', Array, true)
#4 C:\xampp\htdocs\Tcc\app\Controllers\Admin.php(263): view('AdminSite/Ruas/...', Array)
#5 C:\xampp\htdocs\Tcc\system\CodeIgniter.php(936): App\Controllers\Admin->tabelaRuas()
#6 C:\xampp\htdocs\Tcc\system\CodeIgniter.php(432): CodeIgniter\CodeIgniter->runController(Object(App\Controllers\Admin))
#7 C:\xampp\htdocs\Tcc\system\CodeIgniter.php(333): CodeIgniter\CodeIgniter->handleRequest(NULL, Object(Config\Cache), false)
#8 C:\xampp\htdocs\Tcc\public\index.php(44): CodeIgniter\CodeIgniter->run()
#9 {main}
CRITICAL - 2021-08-07 12:42:20 --> Undefined property: stdClass::$nome
#0 C:\xampp\htdocs\Tcc\app\Views\AdminSite\Ruas\cadRua.php(99): CodeIgniter\Debug\Exceptions->errorHandler(2, 'Undefined prope...', 'C:\\xampp\\htdocs...', 99)
#1 C:\xampp\htdocs\Tcc\system\View\View.php(220): include('C:\\xampp\\htdocs...')
#2 C:\xampp\htdocs\Tcc\system\View\View.php(222): CodeIgniter\View\View->CodeIgniter\View\{closure}()
#3 C:\xampp\htdocs\Tcc\system\Common.php(1217): CodeIgniter\View\View->render('AdminSite/Ruas/...', Array, true)
#4 C:\xampp\htdocs\Tcc\app\Controllers\Admin.php(289): view('AdminSite/Ruas/...', Array)
#5 C:\xampp\htdocs\Tcc\system\CodeIgniter.php(936): App\Controllers\Admin->editarRua('97541001')
#6 C:\xampp\htdocs\Tcc\system\CodeIgniter.php(432): CodeIgniter\CodeIgniter->runController(Object(App\Controllers\Admin))
#7 C:\xampp\htdocs\Tcc\system\CodeIgniter.php(333): CodeIgniter\CodeIgniter->handleRequest(NULL, Object(Config\Cache), false)
#8 C:\xampp\htdocs\Tcc\public\index.php(44): CodeIgniter\CodeIgniter->run()
#9 {main}
CRITICAL - 2021-08-07 12:46:54 --> Undefined property: stdClass::$nome
#0 C:\xampp\htdocs\Tcc\app\Views\AdminSite\Ruas\cadRua.php(99): CodeIgniter\Debug\Exceptions->errorHandler(2, 'Undefined prope...', 'C:\\xampp\\htdocs...', 99)
#1 C:\xampp\htdocs\Tcc\system\View\View.php(220): include('C:\\xampp\\htdocs...')
#2 C:\xampp\htdocs\Tcc\system\View\View.php(222): CodeIgniter\View\View->CodeIgniter\View\{closure}()
#3 C:\xampp\htdocs\Tcc\system\Common.php(1217): CodeIgniter\View\View->render('AdminSite/Ruas/...', Array, true)
#4 C:\xampp\htdocs\Tcc\app\Controllers\Admin.php(289): view('AdminSite/Ruas/...', Array)
#5 C:\xampp\htdocs\Tcc\system\CodeIgniter.php(936): App\Controllers\Admin->editarRua('97541001')
#6 C:\xampp\htdocs\Tcc\system\CodeIgniter.php(432): CodeIgniter\CodeIgniter->runController(Object(App\Controllers\Admin))
#7 C:\xampp\htdocs\Tcc\system\CodeIgniter.php(333): CodeIgniter\CodeIgniter->handleRequest(NULL, Object(Config\Cache), false)
#8 C:\xampp\htdocs\Tcc\public\index.php(44): CodeIgniter\CodeIgniter->run()
#9 {main}
CRITICAL - 2021-08-07 12:48:09 --> Undefined property: stdClass::$nome
#0 C:\xampp\htdocs\Tcc\app\Views\AdminSite\Ruas\cadRua.php(99): CodeIgniter\Debug\Exceptions->errorHandler(2, 'Undefined prope...', 'C:\\xampp\\htdocs...', 99)
#1 C:\xampp\htdocs\Tcc\system\View\View.php(220): include('C:\\xampp\\htdocs...')
#2 C:\xampp\htdocs\Tcc\system\View\View.php(222): CodeIgniter\View\View->CodeIgniter\View\{closure}()
#3 C:\xampp\htdocs\Tcc\system\Common.php(1217): CodeIgniter\View\View->render('AdminSite/Ruas/...', Array, true)
#4 C:\xampp\htdocs\Tcc\app\Controllers\Admin.php(289): view('AdminSite/Ruas/...', Array)
#5 C:\xampp\htdocs\Tcc\system\CodeIgniter.php(936): App\Controllers\Admin->editarRua('97547110')
#6 C:\xampp\htdocs\Tcc\system\CodeIgniter.php(432): CodeIgniter\CodeIgniter->runController(Object(App\Controllers\Admin))
#7 C:\xampp\htdocs\Tcc\system\CodeIgniter.php(333): CodeIgniter\CodeIgniter->handleRequest(NULL, Object(Config\Cache), false)
#8 C:\xampp\htdocs\Tcc\public\index.php(44): CodeIgniter\CodeIgniter->run()
#9 {main}
CRITICAL - 2021-08-07 12:49:12 --> Undefined property: stdClass::$nome
#0 C:\xampp\htdocs\Tcc\app\Views\AdminSite\Ruas\cadRua.php(99): CodeIgniter\Debug\Exceptions->errorHandler(2, 'Undefined prope...', 'C:\\xampp\\htdocs...', 99)
#1 C:\xampp\htdocs\Tcc\system\View\View.php(220): include('C:\\xampp\\htdocs...')
#2 C:\xampp\htdocs\Tcc\system\View\View.php(222): CodeIgniter\View\View->CodeIgniter\View\{closure}()
#3 C:\xampp\htdocs\Tcc\system\Common.php(1217): CodeIgniter\View\View->render('AdminSite/Ruas/...', Array, true)
#4 C:\xampp\htdocs\Tcc\app\Controllers\Admin.php(289): view('AdminSite/Ruas/...', Array)
#5 C:\xampp\htdocs\Tcc\system\CodeIgniter.php(936): App\Controllers\Admin->editarRua('97547110')
#6 C:\xampp\htdocs\Tcc\system\CodeIgniter.php(432): CodeIgniter\CodeIgniter->runController(Object(App\Controllers\Admin))
#7 C:\xampp\htdocs\Tcc\system\CodeIgniter.php(333): CodeIgniter\CodeIgniter->handleRequest(NULL, Object(Config\Cache), false)
#8 C:\xampp\htdocs\Tcc\public\index.php(44): CodeIgniter\CodeIgniter->run()
#9 {main}
CRITICAL - 2021-08-07 12:50:25 --> Undefined property: stdClass::$nome
#0 C:\xampp\htdocs\Tcc\app\Views\AdminSite\Ruas\cadRua.php(99): CodeIgniter\Debug\Exceptions->errorHandler(2, 'Undefined prope...', 'C:\\xampp\\htdocs...', 99)
#1 C:\xampp\htdocs\Tcc\system\View\View.php(220): include('C:\\xampp\\htdocs...')
#2 C:\xampp\htdocs\Tcc\system\View\View.php(222): CodeIgniter\View\View->CodeIgniter\View\{closure}()
#3 C:\xampp\htdocs\Tcc\system\Common.php(1217): CodeIgniter\View\View->render('AdminSite/Ruas/...', Array, true)
#4 C:\xampp\htdocs\Tcc\app\Controllers\Admin.php(289): view('AdminSite/Ruas/...', Array)
#5 C:\xampp\htdocs\Tcc\system\CodeIgniter.php(936): App\Controllers\Admin->editarRua('97541001')
#6 C:\xampp\htdocs\Tcc\system\CodeIgniter.php(432): CodeIgniter\CodeIgniter->runController(Object(App\Controllers\Admin))
#7 C:\xampp\htdocs\Tcc\system\CodeIgniter.php(333): CodeIgniter\CodeIgniter->handleRequest(NULL, Object(Config\Cache), false)
#8 C:\xampp\htdocs\Tcc\public\index.php(44): CodeIgniter\CodeIgniter->run()
#9 {main}
CRITICAL - 2021-08-07 12:51:24 --> Undefined property: stdClass::$nome
#0 C:\xampp\htdocs\Tcc\app\Views\AdminSite\Ruas\cadRua.php(99): CodeIgniter\Debug\Exceptions->errorHandler(2, 'Undefined prope...', 'C:\\xampp\\htdocs...', 99)
#1 C:\xampp\htdocs\Tcc\system\View\View.php(220): include('C:\\xampp\\htdocs...')
#2 C:\xampp\htdocs\Tcc\system\View\View.php(222): CodeIgniter\View\View->CodeIgniter\View\{closure}()
#3 C:\xampp\htdocs\Tcc\system\Common.php(1217): CodeIgniter\View\View->render('AdminSite/Ruas/...', Array, true)
#4 C:\xampp\htdocs\Tcc\app\Controllers\Admin.php(289): view('AdminSite/Ruas/...', Array)
#5 C:\xampp\htdocs\Tcc\system\CodeIgniter.php(936): App\Controllers\Admin->editarRua('97541001')
#6 C:\xampp\htdocs\Tcc\system\CodeIgniter.php(432): CodeIgniter\CodeIgniter->runController(Object(App\Controllers\Admin))
#7 C:\xampp\htdocs\Tcc\system\CodeIgniter.php(333): CodeIgniter\CodeIgniter->handleRequest(NULL, Object(Config\Cache), false)
#8 C:\xampp\htdocs\Tcc\public\index.php(44): CodeIgniter\CodeIgniter->run()
#9 {main}
CRITICAL - 2021-08-07 12:55:14 --> Undefined property: stdClass::$Nome
#0 C:\xampp\htdocs\Tcc\app\Views\AdminSite\Ruas\cadRua.php(99): CodeIgniter\Debug\Exceptions->errorHandler(2, 'Undefined prope...', 'C:\\xampp\\htdocs...', 99)
#1 C:\xampp\htdocs\Tcc\system\View\View.php(220): include('C:\\xampp\\htdocs...')
#2 C:\xampp\htdocs\Tcc\system\View\View.php(222): CodeIgniter\View\View->CodeIgniter\View\{closure}()
#3 C:\xampp\htdocs\Tcc\system\Common.php(1217): CodeIgniter\View\View->render('AdminSite/Ruas/...', Array, true)
#4 C:\xampp\htdocs\Tcc\app\Controllers\Admin.php(289): view('AdminSite/Ruas/...', Array)
#5 C:\xampp\htdocs\Tcc\system\CodeIgniter.php(936): App\Controllers\Admin->editarRua('97541001')
#6 C:\xampp\htdocs\Tcc\system\CodeIgniter.php(432): CodeIgniter\CodeIgniter->runController(Object(App\Controllers\Admin))
#7 C:\xampp\htdocs\Tcc\system\CodeIgniter.php(333): CodeIgniter\CodeIgniter->handleRequest(NULL, Object(Config\Cache), false)
#8 C:\xampp\htdocs\Tcc\public\index.php(44): CodeIgniter\CodeIgniter->run()
#9 {main}
CRITICAL - 2021-08-07 12:55:59 --> Attempt to assign property "cep" on null
#0 C:\xampp\htdocs\Tcc\system\CodeIgniter.php(936): App\Controllers\Admin->editarRua('97541001')
#1 C:\xampp\htdocs\Tcc\system\CodeIgniter.php(432): CodeIgniter\CodeIgniter->runController(Object(App\Controllers\Admin))
#2 C:\xampp\htdocs\Tcc\system\CodeIgniter.php(333): CodeIgniter\CodeIgniter->handleRequest(NULL, Object(Config\Cache), false)
#3 C:\xampp\htdocs\Tcc\public\index.php(44): CodeIgniter\CodeIgniter->run()
#4 {main}
CRITICAL - 2021-08-07 12:56:11 --> Undefined property: stdClass::$Nome
#0 C:\xampp\htdocs\Tcc\app\Views\AdminSite\Ruas\tabela.php(148): CodeIgniter\Debug\Exceptions->errorHandler(2, 'Undefined prope...', 'C:\\xampp\\htdocs...', 148)
#1 C:\xampp\htdocs\Tcc\system\View\View.php(220): include('C:\\xampp\\htdocs...')
#2 C:\xampp\htdocs\Tcc\system\View\View.php(222): CodeIgniter\View\View->CodeIgniter\View\{closure}()
#3 C:\xampp\htdocs\Tcc\system\Common.php(1217): CodeIgniter\View\View->render('AdminSite/Ruas/...', Array, true)
#4 C:\xampp\htdocs\Tcc\app\Controllers\Admin.php(263): view('AdminSite/Ruas/...', Array)
#5 C:\xampp\htdocs\Tcc\system\CodeIgniter.php(936): App\Controllers\Admin->tabelaRuas()
#6 C:\xampp\htdocs\Tcc\system\CodeIgniter.php(432): CodeIgniter\CodeIgniter->runController(Object(App\Controllers\Admin))
#7 C:\xampp\htdocs\Tcc\system\CodeIgniter.php(333): CodeIgniter\CodeIgniter->handleRequest(NULL, Object(Config\Cache), false)
#8 C:\xampp\htdocs\Tcc\public\index.php(44): CodeIgniter\CodeIgniter->run()
#9 {main}
CRITICAL - 2021-08-07 12:56:26 --> Undefined property: stdClass::$Nome
#0 C:\xampp\htdocs\Tcc\app\Views\AdminSite\Ruas\tabela.php(148): CodeIgniter\Debug\Exceptions->errorHandler(2, 'Undefined prope...', 'C:\\xampp\\htdocs...', 148)
#1 C:\xampp\htdocs\Tcc\system\View\View.php(220): include('C:\\xampp\\htdocs...')
#2 C:\xampp\htdocs\Tcc\system\View\View.php(222): CodeIgniter\View\View->CodeIgniter\View\{closure}()
#3 C:\xampp\htdocs\Tcc\system\Common.php(1217): CodeIgniter\View\View->render('AdminSite/Ruas/...', Array, true)
#4 C:\xampp\htdocs\Tcc\app\Controllers\Admin.php(263): view('AdminSite/Ruas/...', Array)
#5 C:\xampp\htdocs\Tcc\system\CodeIgniter.php(936): App\Controllers\Admin->tabelaRuas()
#6 C:\xampp\htdocs\Tcc\system\CodeIgniter.php(432): CodeIgniter\CodeIgniter->runController(Object(App\Controllers\Admin))
#7 C:\xampp\htdocs\Tcc\system\CodeIgniter.php(333): CodeIgniter\CodeIgniter->handleRequest(NULL, Object(Config\Cache), false)
#8 C:\xampp\htdocs\Tcc\public\index.php(44): CodeIgniter\CodeIgniter->run()
#9 {main}
CRITICAL - 2021-08-07 13:00:43 --> Call to undefined method CodeIgniter\View\View::tabelaRuas()
#0 C:\xampp\htdocs\Tcc\system\View\View.php(220): include()
#1 C:\xampp\htdocs\Tcc\system\View\View.php(222): CodeIgniter\View\View->CodeIgniter\View\{closure}()
#2 C:\xampp\htdocs\Tcc\system\Common.php(1217): CodeIgniter\View\View->render('AdminSite/Ruas/...', Array, true)
#3 C:\xampp\htdocs\Tcc\app\Controllers\Admin.php(289): view('AdminSite/Ruas/...', Array)
#4 C:\xampp\htdocs\Tcc\system\CodeIgniter.php(936): App\Controllers\Admin->editarRua('97547001')
#5 C:\xampp\htdocs\Tcc\system\CodeIgniter.php(432): CodeIgniter\CodeIgniter->runController(Object(App\Controllers\Admin))
#6 C:\xampp\htdocs\Tcc\system\CodeIgniter.php(333): CodeIgniter\CodeIgniter->handleRequest(NULL, Object(Config\Cache), false)
#7 C:\xampp\htdocs\Tcc\public\index.php(44): CodeIgniter\CodeIgniter->run()
#8 {main}
CRITICAL - 2021-08-07 15:04:40 --> Undefined variable $ruas
#0 C:\xampp\htdocs\Tcc\app\Views\AdminSite\Ponto\tabela.php(149): CodeIgniter\Debug\Exceptions->errorHandler(2, 'Undefined varia...', 'C:\\xampp\\htdocs...', 149)
#1 C:\xampp\htdocs\Tcc\system\View\View.php(220): include('C:\\xampp\\htdocs...')
#2 C:\xampp\htdocs\Tcc\system\View\View.php(222): CodeIgniter\View\View->CodeIgniter\View\{closure}()
#3 C:\xampp\htdocs\Tcc\system\Common.php(1217): CodeIgniter\View\View->render('AdminSite/Ponto...', Array, true)
#4 C:\xampp\htdocs\Tcc\app\Controllers\Admin.php(344): view('AdminSite/Ponto...', Array)
#5 C:\xampp\htdocs\Tcc\system\CodeIgniter.php(936): App\Controllers\Admin->tabelaPontos()
#6 C:\xampp\htdocs\Tcc\system\CodeIgniter.php(432): CodeIgniter\CodeIgniter->runController(Object(App\Controllers\Admin))
#7 C:\xampp\htdocs\Tcc\system\CodeIgniter.php(333): CodeIgniter\CodeIgniter->handleRequest(NULL, Object(Config\Cache), false)
#8 C:\xampp\htdocs\Tcc\public\index.php(44): CodeIgniter\CodeIgniter->run()
#9 {main}
ERROR - 2021-08-07 15:32:16 --> mysqli_sql_exception: Cannot add or update a child row: a foreign key constraint fails (`tcc`.`ponto`, CONSTRAINT `fk_ponto_rua` FOREIGN KEY (`rua_cep`) REFERENCES `ruasavenidas` (`cep`)) in C:\xampp\htdocs\Tcc\system\Database\MySQLi\Connection.php:314
Stack trace:
#0 C:\xampp\htdocs\Tcc\system\Database\MySQLi\Connection.php(314): mysqli->query('INSERT INTO `po...')
#1 C:\xampp\htdocs\Tcc\system\Database\BaseConnection.php(713): CodeIgniter\Database\MySQLi\Connection->execute('INSERT INTO `po...')
#2 C:\xampp\htdocs\Tcc\system\Database\BaseConnection.php(641): CodeIgniter\Database\BaseConnection->simpleQuery('INSERT INTO `po...')
#3 C:\xampp\htdocs\Tcc\system\Database\BaseBuilder.php(2263): CodeIgniter\Database\BaseConnection->query('INSERT INTO `po...', Array, false)
#4 C:\xampp\htdocs\Tcc\system\Model.php(278): CodeIgniter\Database\BaseBuilder->insert()
#5 C:\xampp\htdocs\Tcc\system\BaseModel.php(758): CodeIgniter\Model->doInsert(Array)
#6 C:\xampp\htdocs\Tcc\system\Model.php(705): CodeIgniter\BaseModel->insert(Array, true)
#7 C:\xampp\htdocs\Tcc\app\Controllers\Admin.php(365): CodeIgniter\Model->insert()
#8 C:\xampp\htdocs\Tcc\system\CodeIgniter.php(936): App\Controllers\Admin->inserirPonto()
#9 C:\xampp\htdocs\Tcc\system\CodeIgniter.php(432): CodeIgniter\CodeIgniter->runController(Object(App\Controllers\Admin))
#10 C:\xampp\htdocs\Tcc\system\CodeIgniter.php(333): CodeIgniter\CodeIgniter->handleRequest(NULL, Object(Config\Cache), false)
#11 C:\xampp\htdocs\Tcc\public\index.php(44): CodeIgniter\CodeIgniter->run()
#12 {main}
ERROR - 2021-08-07 15:34:45 --> mysqli_sql_exception: Cannot add or update a child row: a foreign key constraint fails (`tcc`.`ponto`, CONSTRAINT `fk_ponto_rua` FOREIGN KEY (`rua_cep`) REFERENCES `ruasavenidas` (`cep`)) in C:\xampp\htdocs\Tcc\system\Database\MySQLi\Connection.php:314
Stack trace:
#0 C:\xampp\htdocs\Tcc\system\Database\MySQLi\Connection.php(314): mysqli->query('INSERT INTO `po...')
#1 C:\xampp\htdocs\Tcc\system\Database\BaseConnection.php(713): CodeIgniter\Database\MySQLi\Connection->execute('INSERT INTO `po...')
#2 C:\xampp\htdocs\Tcc\system\Database\BaseConnection.php(641): CodeIgniter\Database\BaseConnection->simpleQuery('INSERT INTO `po...')
#3 C:\xampp\htdocs\Tcc\system\Database\BaseBuilder.php(2263): CodeIgniter\Database\BaseConnection->query('INSERT INTO `po...', Array, false)
#4 C:\xampp\htdocs\Tcc\system\Model.php(278): CodeIgniter\Database\BaseBuilder->insert()
#5 C:\xampp\htdocs\Tcc\system\BaseModel.php(758): CodeIgniter\Model->doInsert(Array)
#6 C:\xampp\htdocs\Tcc\system\Model.php(705): CodeIgniter\BaseModel->insert(Array, true)
#7 C:\xampp\htdocs\Tcc\app\Controllers\Admin.php(365): CodeIgniter\Model->insert()
#8 C:\xampp\htdocs\Tcc\system\CodeIgniter.php(936): App\Controllers\Admin->inserirPonto()
#9 C:\xampp\htdocs\Tcc\system\CodeIgniter.php(432): CodeIgniter\CodeIgniter->runController(Object(App\Controllers\Admin))
#10 C:\xampp\htdocs\Tcc\system\CodeIgniter.php(333): CodeIgniter\CodeIgniter->handleRequest(NULL, Object(Config\Cache), false)
#11 C:\xampp\htdocs\Tcc\public\index.php(44): CodeIgniter\CodeIgniter->run()
#12 {main}
CRITICAL - 2021-08-07 16:13:59 --> Undefined property: stdClass::$rua_cep
#0 C:\xampp\htdocs\Tcc\app\Views\AdminSite\Ponto\cadPonto.php(106): CodeIgniter\Debug\Exceptions->errorHandler(2, 'Undefined prope...', 'C:\\xampp\\htdocs...', 106)
#1 C:\xampp\htdocs\Tcc\system\View\View.php(220): include('C:\\xampp\\htdocs...')
#2 C:\xampp\htdocs\Tcc\system\View\View.php(222): CodeIgniter\View\View->CodeIgniter\View\{closure}()
#3 C:\xampp\htdocs\Tcc\system\Common.php(1217): CodeIgniter\View\View->render('AdminSite/Ponto...', Array, true)
#4 C:\xampp\htdocs\Tcc\app\Controllers\Admin.php(355): view('AdminSite/Ponto...', Array)
#5 C:\xampp\htdocs\Tcc\system\CodeIgniter.php(936): App\Controllers\Admin->cadPonto()
#6 C:\xampp\htdocs\Tcc\system\CodeIgniter.php(432): CodeIgniter\CodeIgniter->runController(Object(App\Controllers\Admin))
#7 C:\xampp\htdocs\Tcc\system\CodeIgniter.php(333): CodeIgniter\CodeIgniter->handleRequest(NULL, Object(Config\Cache), false)
#8 C:\xampp\htdocs\Tcc\public\index.php(44): CodeIgniter\CodeIgniter->run()
#9 {main}
CRITICAL - 2021-08-07 16:21:03 --> Undefined variable $rua_cep
#0 C:\xampp\htdocs\Tcc\app\Views\AdminSite\Ponto\cadPonto.php(106): CodeIgniter\Debug\Exceptions->errorHandler(2, 'Undefined varia...', 'C:\\xampp\\htdocs...', 106)
#1 C:\xampp\htdocs\Tcc\system\View\View.php(220): include('C:\\xampp\\htdocs...')
#2 C:\xampp\htdocs\Tcc\system\View\View.php(222): CodeIgniter\View\View->CodeIgniter\View\{closure}()
#3 C:\xampp\htdocs\Tcc\system\Common.php(1217): CodeIgniter\View\View->render('AdminSite/Ponto...', Array, true)
#4 C:\xampp\htdocs\Tcc\app\Controllers\Admin.php(405): view('AdminSite/Ponto...', Array)
#5 C:\xampp\htdocs\Tcc\system\CodeIgniter.php(936): App\Controllers\Admin->editarPonto('1')
#6 C:\xampp\htdocs\Tcc\system\CodeIgniter.php(432): CodeIgniter\CodeIgniter->runController(Object(App\Controllers\Admin))
#7 C:\xampp\htdocs\Tcc\system\CodeIgniter.php(333): CodeIgniter\CodeIgniter->handleRequest(NULL, Object(Config\Cache), false)
#8 C:\xampp\htdocs\Tcc\public\index.php(44): CodeIgniter\CodeIgniter->run()
#9 {main}
CRITICAL - 2021-08-07 16:23:39 --> Undefined variable $rua_cep
#0 C:\xampp\htdocs\Tcc\app\Views\AdminSite\Ponto\cadPonto.php(106): CodeIgniter\Debug\Exceptions->errorHandler(2, 'Undefined varia...', 'C:\\xampp\\htdocs...', 106)
#1 C:\xampp\htdocs\Tcc\system\View\View.php(220): include('C:\\xampp\\htdocs...')
#2 C:\xampp\htdocs\Tcc\system\View\View.php(222): CodeIgniter\View\View->CodeIgniter\View\{closure}()
#3 C:\xampp\htdocs\Tcc\system\Common.php(1217): CodeIgniter\View\View->render('AdminSite/Ponto...', Array, true)
#4 C:\xampp\htdocs\Tcc\app\Controllers\Admin.php(405): view('AdminSite/Ponto...', Array)
#5 C:\xampp\htdocs\Tcc\system\CodeIgniter.php(936): App\Controllers\Admin->editarPonto('1')
#6 C:\xampp\htdocs\Tcc\system\CodeIgniter.php(432): CodeIgniter\CodeIgniter->runController(Object(App\Controllers\Admin))
#7 C:\xampp\htdocs\Tcc\system\CodeIgniter.php(333): CodeIgniter\CodeIgniter->handleRequest(NULL, Object(Config\Cache), false)
#8 C:\xampp\htdocs\Tcc\public\index.php(44): CodeIgniter\CodeIgniter->run()
#9 {main}
CRITICAL - 2021-08-07 16:25:03 --> Attempt to read property "cep" on array
#0 C:\xampp\htdocs\Tcc\app\Views\AdminSite\Ponto\cadPonto.php(106): CodeIgniter\Debug\Exceptions->errorHandler(2, 'Attempt to read...', 'C:\\xampp\\htdocs...', 106)
#1 C:\xampp\htdocs\Tcc\system\View\View.php(220): include('C:\\xampp\\htdocs...')
#2 C:\xampp\htdocs\Tcc\system\View\View.php(222): CodeIgniter\View\View->CodeIgniter\View\{closure}()
#3 C:\xampp\htdocs\Tcc\system\Common.php(1217): CodeIgniter\View\View->render('AdminSite/Ponto...', Array, true)
#4 C:\xampp\htdocs\Tcc\app\Controllers\Admin.php(355): view('AdminSite/Ponto...', Array)
#5 C:\xampp\htdocs\Tcc\system\CodeIgniter.php(936): App\Controllers\Admin->cadPonto()
#6 C:\xampp\htdocs\Tcc\system\CodeIgniter.php(432): CodeIgniter\CodeIgniter->runController(Object(App\Controllers\Admin))
#7 C:\xampp\htdocs\Tcc\system\CodeIgniter.php(333): CodeIgniter\CodeIgniter->handleRequest(NULL, Object(Config\Cache), false)
#8 C:\xampp\htdocs\Tcc\public\index.php(44): CodeIgniter\CodeIgniter->run()
#9 {main}
CRITICAL - 2021-08-07 16:25:34 --> Undefined variable $ponto
#0 C:\xampp\htdocs\Tcc\app\Views\AdminSite\Ponto\cadPonto.php(106): CodeIgniter\Debug\Exceptions->errorHandler(2, 'Undefined varia...', 'C:\\xampp\\htdocs...', 106)
#1 C:\xampp\htdocs\Tcc\system\View\View.php(220): include('C:\\xampp\\htdocs...')
#2 C:\xampp\htdocs\Tcc\system\View\View.php(222): CodeIgniter\View\View->CodeIgniter\View\{closure}()
#3 C:\xampp\htdocs\Tcc\system\Common.php(1217): CodeIgniter\View\View->render('AdminSite/Ponto...', Array, true)
#4 C:\xampp\htdocs\Tcc\app\Controllers\Admin.php(355): view('AdminSite/Ponto...', Array)
#5 C:\xampp\htdocs\Tcc\system\CodeIgniter.php(936): App\Controllers\Admin->cadPonto()
#6 C:\xampp\htdocs\Tcc\system\CodeIgniter.php(432): CodeIgniter\CodeIgniter->runController(Object(App\Controllers\Admin))
#7 C:\xampp\htdocs\Tcc\system\CodeIgniter.php(333): CodeIgniter\CodeIgniter->handleRequest(NULL, Object(Config\Cache), false)
#8 C:\xampp\htdocs\Tcc\public\index.php(44): CodeIgniter\CodeIgniter->run()
#9 {main}
CRITICAL - 2021-08-07 16:25:58 --> Undefined variable $ponto
#0 C:\xampp\htdocs\Tcc\app\Views\AdminSite\Ponto\cadPonto.php(106): CodeIgniter\Debug\Exceptions->errorHandler(2, 'Undefined varia...', 'C:\\xampp\\htdocs...', 106)
#1 C:\xampp\htdocs\Tcc\system\View\View.php(220): include('C:\\xampp\\htdocs...')
#2 C:\xampp\htdocs\Tcc\system\View\View.php(222): CodeIgniter\View\View->CodeIgniter\View\{closure}()
#3 C:\xampp\htdocs\Tcc\system\Common.php(1217): CodeIgniter\View\View->render('AdminSite/Ponto...', Array, true)
#4 C:\xampp\htdocs\Tcc\app\Controllers\Admin.php(355): view('AdminSite/Ponto...', Array)
#5 C:\xampp\htdocs\Tcc\system\CodeIgniter.php(936): App\Controllers\Admin->cadPonto()
#6 C:\xampp\htdocs\Tcc\system\CodeIgniter.php(432): CodeIgniter\CodeIgniter->runController(Object(App\Controllers\Admin))
#7 C:\xampp\htdocs\Tcc\system\CodeIgniter.php(333): CodeIgniter\CodeIgniter->handleRequest(NULL, Object(Config\Cache), false)
#8 C:\xampp\htdocs\Tcc\public\index.php(44): CodeIgniter\CodeIgniter->run()
#9 {main}
CRITICAL - 2021-08-07 16:27:12 --> Undefined variable $rua_cep
#0 C:\xampp\htdocs\Tcc\app\Views\AdminSite\Ponto\cadPonto.php(107): CodeIgniter\Debug\Exceptions->errorHandler(2, 'Undefined varia...', 'C:\\xampp\\htdocs...', 107)
#1 C:\xampp\htdocs\Tcc\system\View\View.php(220): include('C:\\xampp\\htdocs...')
#2 C:\xampp\htdocs\Tcc\system\View\View.php(222): CodeIgniter\View\View->CodeIgniter\View\{closure}()
#3 C:\xampp\htdocs\Tcc\system\Common.php(1217): CodeIgniter\View\View->render('AdminSite/Ponto...', Array, true)
#4 C:\xampp\htdocs\Tcc\app\Controllers\Admin.php(405): view('AdminSite/Ponto...', Array)
#5 C:\xampp\htdocs\Tcc\system\CodeIgniter.php(936): App\Controllers\Admin->editarPonto('1')
#6 C:\xampp\htdocs\Tcc\system\CodeIgniter.php(432): CodeIgniter\CodeIgniter->runController(Object(App\Controllers\Admin))
#7 C:\xampp\htdocs\Tcc\system\CodeIgniter.php(333): CodeIgniter\CodeIgniter->handleRequest(NULL, Object(Config\Cache), false)
#8 C:\xampp\htdocs\Tcc\public\index.php(44): CodeIgniter\CodeIgniter->run()
#9 {main}
CRITICAL - 2021-08-07 16:30:04 --> Undefined variable $rua_cep
#0 C:\xampp\htdocs\Tcc\app\Views\AdminSite\Ponto\cadPonto.php(107): CodeIgniter\Debug\Exceptions->errorHandler(2, 'Undefined varia...', 'C:\\xampp\\htdocs...', 107)
#1 C:\xampp\htdocs\Tcc\system\View\View.php(220): include('C:\\xampp\\htdocs...')
#2 C:\xampp\htdocs\Tcc\system\View\View.php(222): CodeIgniter\View\View->CodeIgniter\View\{closure}()
#3 C:\xampp\htdocs\Tcc\system\Common.php(1217): CodeIgniter\View\View->render('AdminSite/Ponto...', Array, true)
#4 C:\xampp\htdocs\Tcc\app\Controllers\Admin.php(378): view('AdminSite/Ponto...', Array)
#5 C:\xampp\htdocs\Tcc\system\CodeIgniter.php(936): App\Controllers\Admin->inserirPonto()
#6 C:\xampp\htdocs\Tcc\system\CodeIgniter.php(432): CodeIgniter\CodeIgniter->runController(Object(App\Controllers\Admin))
#7 C:\xampp\htdocs\Tcc\system\CodeIgniter.php(333): CodeIgniter\CodeIgniter->handleRequest(NULL, Object(Config\Cache), false)
#8 C:\xampp\htdocs\Tcc\public\index.php(44): CodeIgniter\CodeIgniter->run()
#9 {main}
CRITICAL - 2021-08-07 16:31:48 --> Undefined variable $rua_cep
#0 C:\xampp\htdocs\Tcc\app\Views\AdminSite\Ponto\cadPonto.php(107): CodeIgniter\Debug\Exceptions->errorHandler(2, 'Undefined varia...', 'C:\\xampp\\htdocs...', 107)
#1 C:\xampp\htdocs\Tcc\system\View\View.php(220): include('C:\\xampp\\htdocs...')
#2 C:\xampp\htdocs\Tcc\system\View\View.php(222): CodeIgniter\View\View->CodeIgniter\View\{closure}()
#3 C:\xampp\htdocs\Tcc\system\Common.php(1217): CodeIgniter\View\View->render('AdminSite/Ponto...', Array, true)
#4 C:\xampp\htdocs\Tcc\app\Controllers\Admin.php(378): view('AdminSite/Ponto...', Array)
#5 C:\xampp\htdocs\Tcc\system\CodeIgniter.php(936): App\Controllers\Admin->inserirPonto()
#6 C:\xampp\htdocs\Tcc\system\CodeIgniter.php(432): CodeIgniter\CodeIgniter->runController(Object(App\Controllers\Admin))
#7 C:\xampp\htdocs\Tcc\system\CodeIgniter.php(333): CodeIgniter\CodeIgniter->handleRequest(NULL, Object(Config\Cache), false)
#8 C:\xampp\htdocs\Tcc\public\index.php(44): CodeIgniter\CodeIgniter->run()
#9 {main}
CRITICAL - 2021-08-07 16:35:05 --> Undefined variable $rua_cep
#0 C:\xampp\htdocs\Tcc\app\Views\AdminSite\Ponto\cadPonto.php(107): CodeIgniter\Debug\Exceptions->errorHandler(2, 'Undefined varia...', 'C:\\xampp\\htdocs...', 107)
#1 C:\xampp\htdocs\Tcc\system\View\View.php(220): include('C:\\xampp\\htdocs...')
#2 C:\xampp\htdocs\Tcc\system\View\View.php(222): CodeIgniter\View\View->CodeIgniter\View\{closure}()
#3 C:\xampp\htdocs\Tcc\system\Common.php(1217): CodeIgniter\View\View->render('AdminSite/Ponto...', Array, true)
#4 C:\xampp\htdocs\Tcc\app\Controllers\Admin.php(408): view('AdminSite/Ponto...', Array)
#5 C:\xampp\htdocs\Tcc\system\CodeIgniter.php(936): App\Controllers\Admin->editarPonto('7')
#6 C:\xampp\htdocs\Tcc\system\CodeIgniter.php(432): CodeIgniter\CodeIgniter->runController(Object(App\Controllers\Admin))
#7 C:\xampp\htdocs\Tcc\system\CodeIgniter.php(333): CodeIgniter\CodeIgniter->handleRequest(NULL, Object(Config\Cache), false)
#8 C:\xampp\htdocs\Tcc\public\index.php(44): CodeIgniter\CodeIgniter->run()
#9 {main}
CRITICAL - 2021-08-07 18:59:42 --> Undefined variable $empresa
#0 C:\xampp\htdocs\Tcc\app\Views\AdminSite\Empresa\tabela.php(147): CodeIgniter\Debug\Exceptions->errorHandler(2, 'Undefined varia...', 'C:\\xampp\\htdocs...', 147)
#1 C:\xampp\htdocs\Tcc\system\View\View.php(220): include('C:\\xampp\\htdocs...')
#2 C:\xampp\htdocs\Tcc\system\View\View.php(222): CodeIgniter\View\View->CodeIgniter\View\{closure}()
#3 C:\xampp\htdocs\Tcc\system\Common.php(1217): CodeIgniter\View\View->render('AdminSite/Empre...', Array, true)
#4 C:\xampp\htdocs\Tcc\app\Controllers\Admin.php(440): view('AdminSite/Empre...', Array)
#5 C:\xampp\htdocs\Tcc\system\CodeIgniter.php(936): App\Controllers\Admin->tabelaEmpresa()
#6 C:\xampp\htdocs\Tcc\system\CodeIgniter.php(432): CodeIgniter\CodeIgniter->runController(Object(App\Controllers\Admin))
#7 C:\xampp\htdocs\Tcc\system\CodeIgniter.php(333): CodeIgniter\CodeIgniter->handleRequest(NULL, Object(Config\Cache), false)
#8 C:\xampp\htdocs\Tcc\public\index.php(44): CodeIgniter\CodeIgniter->run()
#9 {main}
CRITICAL - 2021-08-07 19:18:01 --> Undefined variable $empresa
#0 C:\xampp\htdocs\Tcc\app\Views\AdminSite\Empresa\tabela.php(147): CodeIgniter\Debug\Exceptions->errorHandler(2, 'Undefined varia...', 'C:\\xampp\\htdocs...', 147)
#1 C:\xampp\htdocs\Tcc\system\View\View.php(220): include('C:\\xampp\\htdocs...')
#2 C:\xampp\htdocs\Tcc\system\View\View.php(222): CodeIgniter\View\View->CodeIgniter\View\{closure}()
#3 C:\xampp\htdocs\Tcc\system\Common.php(1217): CodeIgniter\View\View->render('AdminSite/Empre...', Array, true)
#4 C:\xampp\htdocs\Tcc\app\Controllers\Admin.php(440): view('AdminSite/Empre...', Array)
#5 C:\xampp\htdocs\Tcc\system\CodeIgniter.php(936): App\Controllers\Admin->tabelaEmpresa()
#6 C:\xampp\htdocs\Tcc\system\CodeIgniter.php(432): CodeIgniter\CodeIgniter->runController(Object(App\Controllers\Admin))
#7 C:\xampp\htdocs\Tcc\system\CodeIgniter.php(333): CodeIgniter\CodeIgniter->handleRequest(NULL, Object(Config\Cache), false)
#8 C:\xampp\htdocs\Tcc\public\index.php(44): CodeIgniter\CodeIgniter->run()
#9 {main}
CRITICAL - 2021-08-07 19:18:09 --> Undefined variable $empresa
#0 C:\xampp\htdocs\Tcc\app\Views\AdminSite\Empresa\tabela.php(147): CodeIgniter\Debug\Exceptions->errorHandler(2, 'Undefined varia...', 'C:\\xampp\\htdocs...', 147)
#1 C:\xampp\htdocs\Tcc\system\View\View.php(220): include('C:\\xampp\\htdocs...')
#2 C:\xampp\htdocs\Tcc\system\View\View.php(222): CodeIgniter\View\View->CodeIgniter\View\{closure}()
#3 C:\xampp\htdocs\Tcc\system\Common.php(1217): CodeIgniter\View\View->render('AdminSite/Empre...', Array, true)
#4 C:\xampp\htdocs\Tcc\app\Controllers\Admin.php(440): view('AdminSite/Empre...', Array)
#5 C:\xampp\htdocs\Tcc\system\CodeIgniter.php(936): App\Controllers\Admin->tabelaEmpresa()
#6 C:\xampp\htdocs\Tcc\system\CodeIgniter.php(432): CodeIgniter\CodeIgniter->runController(Object(App\Controllers\Admin))
#7 C:\xampp\htdocs\Tcc\system\CodeIgniter.php(333): CodeIgniter\CodeIgniter->handleRequest(NULL, Object(Config\Cache), false)
#8 C:\xampp\htdocs\Tcc\public\index.php(44): CodeIgniter\CodeIgniter->run()
#9 {main}
CRITICAL - 2021-08-07 19:19:02 --> Attempt to read property "id" on array
#0 C:\xampp\htdocs\Tcc\app\Views\AdminSite\Empresa\cadEmpresa.php(94): CodeIgniter\Debug\Exceptions->errorHandler(2, 'Attempt to read...', 'C:\\xampp\\htdocs...', 94)
#1 C:\xampp\htdocs\Tcc\system\View\View.php(220): include('C:\\xampp\\htdocs...')
#2 C:\xampp\htdocs\Tcc\system\View\View.php(222): CodeIgniter\View\View->CodeIgniter\View\{closure}()
#3 C:\xampp\htdocs\Tcc\system\Common.php(1217): CodeIgniter\View\View->render('AdminSite/Empre...', Array, true)
#4 C:\xampp\htdocs\Tcc\app\Controllers\Admin.php(451): view('AdminSite/Empre...', Array)
#5 C:\xampp\htdocs\Tcc\system\CodeIgniter.php(936): App\Controllers\Admin->cadEmpresa()
#6 C:\xampp\htdocs\Tcc\system\CodeIgniter.php(432): CodeIgniter\CodeIgniter->runController(Object(App\Controllers\Admin))
#7 C:\xampp\htdocs\Tcc\system\CodeIgniter.php(333): CodeIgniter\CodeIgniter->handleRequest(NULL, Object(Config\Cache), false)
#8 C:\xampp\htdocs\Tcc\public\index.php(44): CodeIgniter\CodeIgniter->run()
#9 {main}
CRITICAL - 2021-08-07 19:19:46 --> Attempt to read property "id" on array
#0 C:\xampp\htdocs\Tcc\app\Views\AdminSite\Empresa\cadEmpresa.php(94): CodeIgniter\Debug\Exceptions->errorHandler(2, 'Attempt to read...', 'C:\\xampp\\htdocs...', 94)
#1 C:\xampp\htdocs\Tcc\system\View\View.php(220): include('C:\\xampp\\htdocs...')
#2 C:\xampp\htdocs\Tcc\system\View\View.php(222): CodeIgniter\View\View->CodeIgniter\View\{closure}()
#3 C:\xampp\htdocs\Tcc\system\Common.php(1217): CodeIgniter\View\View->render('AdminSite/Empre...', Array, true)
#4 C:\xampp\htdocs\Tcc\app\Controllers\Admin.php(451): view('AdminSite/Empre...', Array)
#5 C:\xampp\htdocs\Tcc\system\CodeIgniter.php(936): App\Controllers\Admin->cadEmpresa()
#6 C:\xampp\htdocs\Tcc\system\CodeIgniter.php(432): CodeIgniter\CodeIgniter->runController(Object(App\Controllers\Admin))
#7 C:\xampp\htdocs\Tcc\system\CodeIgniter.php(333): CodeIgniter\CodeIgniter->handleRequest(NULL, Object(Config\Cache), false)
#8 C:\xampp\htdocs\Tcc\public\index.php(44): CodeIgniter\CodeIgniter->run()
#9 {main}
CRITICAL - 2021-08-07 19:21:39 --> Attempt to read property "login" on array
#0 C:\xampp\htdocs\Tcc\app\Views\AdminSite\Empresa\cadEmpresa.php(96): CodeIgniter\Debug\Exceptions->errorHandler(2, 'Attempt to read...', 'C:\\xampp\\htdocs...', 96)
#1 C:\xampp\htdocs\Tcc\system\View\View.php(220): include('C:\\xampp\\htdocs...')
#2 C:\xampp\htdocs\Tcc\system\View\View.php(222): CodeIgniter\View\View->CodeIgniter\View\{closure}()
#3 C:\xampp\htdocs\Tcc\system\Common.php(1217): CodeIgniter\View\View->render('AdminSite/Empre...', Array, true)
#4 C:\xampp\htdocs\Tcc\app\Controllers\Admin.php(451): view('AdminSite/Empre...', Array)
#5 C:\xampp\htdocs\Tcc\system\CodeIgniter.php(936): App\Controllers\Admin->cadEmpresa()
#6 C:\xampp\htdocs\Tcc\system\CodeIgniter.php(432): CodeIgniter\CodeIgniter->runController(Object(App\Controllers\Admin))
#7 C:\xampp\htdocs\Tcc\system\CodeIgniter.php(333): CodeIgniter\CodeIgniter->handleRequest(NULL, Object(Config\Cache), false)
#8 C:\xampp\htdocs\Tcc\public\index.php(44): CodeIgniter\CodeIgniter->run()
#9 {main}
ERROR - 2021-08-07 19:25:44 --> mysqli_sql_exception: Cannot delete or update a parent row: a foreign key constraint fails (`tcc`.`linha`, CONSTRAINT `fk_linha_empresa` FOREIGN KEY (`empresa_id`) REFERENCES `empresa` (`id`)) in C:\xampp\htdocs\Tcc\system\Database\MySQLi\Connection.php:314
Stack trace:
#0 C:\xampp\htdocs\Tcc\system\Database\MySQLi\Connection.php(314): mysqli->query('UPDATE `empresa...')
#1 C:\xampp\htdocs\Tcc\system\Database\BaseConnection.php(713): CodeIgniter\Database\MySQLi\Connection->execute('UPDATE `empresa...')
#2 C:\xampp\htdocs\Tcc\system\Database\BaseConnection.php(641): CodeIgniter\Database\BaseConnection->simpleQuery('UPDATE `empresa...')
#3 C:\xampp\htdocs\Tcc\system\Database\BaseBuilder.php(2468): CodeIgniter\Database\BaseConnection->query('UPDATE `empresa...', Array, false)
#4 C:\xampp\htdocs\Tcc\system\Model.php(353): CodeIgniter\Database\BaseBuilder->update()
#5 C:\xampp\htdocs\Tcc\system\BaseModel.php(901): CodeIgniter\Model->doUpdate(Array, Array)
#6 C:\xampp\htdocs\Tcc\system\Model.php(737): CodeIgniter\BaseModel->update(Array, Array)
#7 C:\xampp\htdocs\Tcc\app\Controllers\Admin.php(493): CodeIgniter\Model->update('2546', Object(stdClass))
#8 C:\xampp\htdocs\Tcc\system\CodeIgniter.php(936): App\Controllers\Admin->editarEmpresa('2546')
#9 C:\xampp\htdocs\Tcc\system\CodeIgniter.php(432): CodeIgniter\CodeIgniter->runController(Object(App\Controllers\Admin))
#10 C:\xampp\htdocs\Tcc\system\CodeIgniter.php(333): CodeIgniter\CodeIgniter->handleRequest(NULL, Object(Config\Cache), false)
#11 C:\xampp\htdocs\Tcc\public\index.php(44): CodeIgniter\CodeIgniter->run()
#12 {main}
ERROR - 2021-08-07 19:25:54 --> mysqli_sql_exception: Cannot delete or update a parent row: a foreign key constraint fails (`tcc`.`linha`, CONSTRAINT `fk_linha_empresa` FOREIGN KEY (`empresa_id`) REFERENCES `empresa` (`id`)) in C:\xampp\htdocs\Tcc\system\Database\MySQLi\Connection.php:314
Stack trace:
#0 C:\xampp\htdocs\Tcc\system\Database\MySQLi\Connection.php(314): mysqli->query('UPDATE `empresa...')
#1 C:\xampp\htdocs\Tcc\system\Database\BaseConnection.php(713): CodeIgniter\Database\MySQLi\Connection->execute('UPDATE `empresa...')
#2 C:\xampp\htdocs\Tcc\system\Database\BaseConnection.php(641): CodeIgniter\Database\BaseConnection->simpleQuery('UPDATE `empresa...')
#3 C:\xampp\htdocs\Tcc\system\Database\BaseBuilder.php(2468): CodeIgniter\Database\BaseConnection->query('UPDATE `empresa...', Array, false)
#4 C:\xampp\htdocs\Tcc\system\Model.php(353): CodeIgniter\Database\BaseBuilder->update()
#5 C:\xampp\htdocs\Tcc\system\BaseModel.php(901): CodeIgniter\Model->doUpdate(Array, Array)
#6 C:\xampp\htdocs\Tcc\system\Model.php(737): CodeIgniter\BaseModel->update(Array, Array)
#7 C:\xampp\htdocs\Tcc\app\Controllers\Admin.php(493): CodeIgniter\Model->update('2546', Object(stdClass))
#8 C:\xampp\htdocs\Tcc\system\CodeIgniter.php(936): App\Controllers\Admin->editarEmpresa('2546')
#9 C:\xampp\htdocs\Tcc\system\CodeIgniter.php(432): CodeIgniter\CodeIgniter->runController(Object(App\Controllers\Admin))
#10 C:\xampp\htdocs\Tcc\system\CodeIgniter.php(333): CodeIgniter\CodeIgniter->handleRequest(NULL, Object(Config\Cache), false)
#11 C:\xampp\htdocs\Tcc\public\index.php(44): CodeIgniter\CodeIgniter->run()
#12 {main}
CRITICAL - 2021-08-07 19:27:48 --> There is no data to insert.
#0 C:\xampp\htdocs\Tcc\system\BaseModel.php(735): CodeIgniter\Database\Exceptions\DataException::forEmptyDataset('insert')
#1 C:\xampp\htdocs\Tcc\system\Model.php(705): CodeIgniter\BaseModel->insert(Array, true)
#2 C:\xampp\htdocs\Tcc\app\Controllers\Admin.php(464): CodeIgniter\Model->insert()
#3 C:\xampp\htdocs\Tcc\system\CodeIgniter.php(936): App\Controllers\Admin->inserirEmpresa()
#4 C:\xampp\htdocs\Tcc\system\CodeIgniter.php(432): CodeIgniter\CodeIgniter->runController(Object(App\Controllers\Admin))
#5 C:\xampp\htdocs\Tcc\system\CodeIgniter.php(333): CodeIgniter\CodeIgniter->handleRequest(NULL, Object(Config\Cache), false)
#6 C:\xampp\htdocs\Tcc\public\index.php(44): CodeIgniter\CodeIgniter->run()
#7 {main}
