CRITICAL - 2021-10-18 13:46:50 --> Undefined variable $rua_cep
#0 C:\xampp\htdocs\TccGit\app\Views\site.php(69): CodeIgniter\Debug\Exceptions->errorHandler(2, 'Undefined varia...', 'C:\\xampp\\htdocs...', 69)
#1 C:\xampp\htdocs\TccGit\system\View\View.php(220): include('C:\\xampp\\htdocs...')
#2 C:\xampp\htdocs\TccGit\system\View\View.php(222): CodeIgniter\View\View->CodeIgniter\View\{closure}()
#3 C:\xampp\htdocs\TccGit\system\Common.php(1217): CodeIgniter\View\View->render('site.php', Array, true)
#4 C:\xampp\htdocs\TccGit\app\Controllers\Home.php(17): view('site.php', Array)
#5 C:\xampp\htdocs\TccGit\system\CodeIgniter.php(936): App\Controllers\Home->index()
#6 C:\xampp\htdocs\TccGit\system\CodeIgniter.php(432): CodeIgniter\CodeIgniter->runController(Object(App\Controllers\Home))
#7 C:\xampp\htdocs\TccGit\system\CodeIgniter.php(333): CodeIgniter\CodeIgniter->handleRequest(NULL, Object(Config\Cache), false)
#8 C:\xampp\htdocs\TccGit\public\index.php(44): CodeIgniter\CodeIgniter->run()
#9 {main}
CRITICAL - 2021-10-18 13:47:14 --> Undefined variable $rua_cep
#0 C:\xampp\htdocs\TccGit\app\Views\site.php(69): CodeIgniter\Debug\Exceptions->errorHandler(2, 'Undefined varia...', 'C:\\xampp\\htdocs...', 69)
#1 C:\xampp\htdocs\TccGit\system\View\View.php(220): include('C:\\xampp\\htdocs...')
#2 C:\xampp\htdocs\TccGit\system\View\View.php(222): CodeIgniter\View\View->CodeIgniter\View\{closure}()
#3 C:\xampp\htdocs\TccGit\system\Common.php(1217): CodeIgniter\View\View->render('site.php', Array, true)
#4 C:\xampp\htdocs\TccGit\app\Controllers\Home.php(62): view('site.php', Array)
#5 C:\xampp\htdocs\TccGit\system\CodeIgniter.php(936): App\Controllers\Home->filtro()
#6 C:\xampp\htdocs\TccGit\system\CodeIgniter.php(432): CodeIgniter\CodeIgniter->runController(Object(App\Controllers\Home))
#7 C:\xampp\htdocs\TccGit\system\CodeIgniter.php(333): CodeIgniter\CodeIgniter->handleRequest(NULL, Object(Config\Cache), false)
#8 C:\xampp\htdocs\TccGit\public\index.php(44): CodeIgniter\CodeIgniter->run()
#9 {main}
CRITICAL - 2021-10-18 13:51:37 --> Undefined variable $msg
#0 C:\xampp\htdocs\TccGit\app\Views\site.php(67): CodeIgniter\Debug\Exceptions->errorHandler(2, 'Undefined varia...', 'C:\\xampp\\htdocs...', 67)
#1 C:\xampp\htdocs\TccGit\system\View\View.php(220): include('C:\\xampp\\htdocs...')
#2 C:\xampp\htdocs\TccGit\system\View\View.php(222): CodeIgniter\View\View->CodeIgniter\View\{closure}()
#3 C:\xampp\htdocs\TccGit\system\Common.php(1217): CodeIgniter\View\View->render('site.php', Array, true)
#4 C:\xampp\htdocs\TccGit\app\Controllers\Home.php(17): view('site.php', Array)
#5 C:\xampp\htdocs\TccGit\system\CodeIgniter.php(936): App\Controllers\Home->index()
#6 C:\xampp\htdocs\TccGit\system\CodeIgniter.php(432): CodeIgniter\CodeIgniter->runController(Object(App\Controllers\Home))
#7 C:\xampp\htdocs\TccGit\system\CodeIgniter.php(333): CodeIgniter\CodeIgniter->handleRequest(NULL, Object(Config\Cache), false)
#8 C:\xampp\htdocs\TccGit\public\index.php(44): CodeIgniter\CodeIgniter->run()
#9 {main}
CRITICAL - 2021-10-18 13:51:44 --> Undefined variable $msg
#0 C:\xampp\htdocs\TccGit\app\Views\site.php(67): CodeIgniter\Debug\Exceptions->errorHandler(2, 'Undefined varia...', 'C:\\xampp\\htdocs...', 67)
#1 C:\xampp\htdocs\TccGit\system\View\View.php(220): include('C:\\xampp\\htdocs...')
#2 C:\xampp\htdocs\TccGit\system\View\View.php(222): CodeIgniter\View\View->CodeIgniter\View\{closure}()
#3 C:\xampp\htdocs\TccGit\system\Common.php(1217): CodeIgniter\View\View->render('site.php', Array, true)
#4 C:\xampp\htdocs\TccGit\app\Controllers\Home.php(17): view('site.php', Array)
#5 C:\xampp\htdocs\TccGit\system\CodeIgniter.php(936): App\Controllers\Home->index()
#6 C:\xampp\htdocs\TccGit\system\CodeIgniter.php(432): CodeIgniter\CodeIgniter->runController(Object(App\Controllers\Home))
#7 C:\xampp\htdocs\TccGit\system\CodeIgniter.php(333): CodeIgniter\CodeIgniter->handleRequest(NULL, Object(Config\Cache), false)
#8 C:\xampp\htdocs\TccGit\public\index.php(44): CodeIgniter\CodeIgniter->run()
#9 {main}
