CRITICAL - 2021-03-31 16:06:43 --> Call to a member function close() on null
#0 C:\xampp\htdocs\ADS_Page_Project\system\CodeIgniter.php(936): App\Controllers\News->index()
#1 C:\xampp\htdocs\ADS_Page_Project\system\CodeIgniter.php(432): CodeIgniter\CodeIgniter->runController(Object(App\Controllers\News))
#2 C:\xampp\htdocs\ADS_Page_Project\system\CodeIgniter.php(333): CodeIgniter\CodeIgniter->handleRequest(NULL, Object(Config\Cache), false)
#3 C:\xampp\htdocs\ADS_Page_Project\public\index.php(44): CodeIgniter\CodeIgniter->run()
#4 {main}
CRITICAL - 2021-03-31 16:08:26 --> Call to a member function close() on null
#0 C:\xampp\htdocs\ADS_Page_Project\system\CodeIgniter.php(936): App\Controllers\News->index()
#1 C:\xampp\htdocs\ADS_Page_Project\system\CodeIgniter.php(432): CodeIgniter\CodeIgniter->runController(Object(App\Controllers\News))
#2 C:\xampp\htdocs\ADS_Page_Project\system\CodeIgniter.php(333): CodeIgniter\CodeIgniter->handleRequest(NULL, Object(Config\Cache), false)
#3 C:\xampp\htdocs\ADS_Page_Project\public\index.php(44): CodeIgniter\CodeIgniter->run()
#4 {main}
CRITICAL - 2021-03-31 16:08:41 --> Call to a member function close() on null
#0 C:\xampp\htdocs\ADS_Page_Project\system\CodeIgniter.php(936): App\Controllers\News->index()
#1 C:\xampp\htdocs\ADS_Page_Project\system\CodeIgniter.php(432): CodeIgniter\CodeIgniter->runController(Object(App\Controllers\News))
#2 C:\xampp\htdocs\ADS_Page_Project\system\CodeIgniter.php(333): CodeIgniter\CodeIgniter->handleRequest(NULL, Object(Config\Cache), false)
#3 C:\xampp\htdocs\ADS_Page_Project\public\index.php(44): CodeIgniter\CodeIgniter->run()
#4 {main}
CRITICAL - 2021-03-31 16:08:44 --> Call to a member function close() on null
#0 C:\xampp\htdocs\ADS_Page_Project\system\CodeIgniter.php(936): App\Controllers\News->index()
#1 C:\xampp\htdocs\ADS_Page_Project\system\CodeIgniter.php(432): CodeIgniter\CodeIgniter->runController(Object(App\Controllers\News))
#2 C:\xampp\htdocs\ADS_Page_Project\system\CodeIgniter.php(333): CodeIgniter\CodeIgniter->handleRequest(NULL, Object(Config\Cache), false)
#3 C:\xampp\htdocs\ADS_Page_Project\public\index.php(44): CodeIgniter\CodeIgniter->run()
#4 {main}
CRITICAL - 2021-03-31 16:09:22 --> Call to a member function close() on null
#0 C:\xampp\htdocs\ADS_Page_Project\system\CodeIgniter.php(936): App\Controllers\News->index()
#1 C:\xampp\htdocs\ADS_Page_Project\system\CodeIgniter.php(432): CodeIgniter\CodeIgniter->runController(Object(App\Controllers\News))
#2 C:\xampp\htdocs\ADS_Page_Project\system\CodeIgniter.php(333): CodeIgniter\CodeIgniter->handleRequest(NULL, Object(Config\Cache), false)
#3 C:\xampp\htdocs\ADS_Page_Project\public\index.php(44): CodeIgniter\CodeIgniter->run()
#4 {main}
CRITICAL - 2021-03-31 16:09:33 --> Call to a member function close() on null
#0 C:\xampp\htdocs\ADS_Page_Project\system\CodeIgniter.php(936): App\Controllers\News->index()
#1 C:\xampp\htdocs\ADS_Page_Project\system\CodeIgniter.php(432): CodeIgniter\CodeIgniter->runController(Object(App\Controllers\News))
#2 C:\xampp\htdocs\ADS_Page_Project\system\CodeIgniter.php(333): CodeIgniter\CodeIgniter->handleRequest(NULL, Object(Config\Cache), false)
#3 C:\xampp\htdocs\ADS_Page_Project\public\index.php(44): CodeIgniter\CodeIgniter->run()
#4 {main}
CRITICAL - 2021-03-31 16:10:11 --> Call to a member function close() on null
#0 C:\xampp\htdocs\ADS_Page_Project\system\CodeIgniter.php(936): App\Controllers\News->index()
#1 C:\xampp\htdocs\ADS_Page_Project\system\CodeIgniter.php(432): CodeIgniter\CodeIgniter->runController(Object(App\Controllers\News))
#2 C:\xampp\htdocs\ADS_Page_Project\system\CodeIgniter.php(333): CodeIgniter\CodeIgniter->handleRequest(NULL, Object(Config\Cache), false)
#3 C:\xampp\htdocs\ADS_Page_Project\public\index.php(44): CodeIgniter\CodeIgniter->run()
#4 {main}
CRITICAL - 2021-03-31 16:10:35 --> Call to a member function close() on null
#0 C:\xampp\htdocs\ADS_Page_Project\system\CodeIgniter.php(936): App\Controllers\News->index()
#1 C:\xampp\htdocs\ADS_Page_Project\system\CodeIgniter.php(432): CodeIgniter\CodeIgniter->runController(Object(App\Controllers\News))
#2 C:\xampp\htdocs\ADS_Page_Project\system\CodeIgniter.php(333): CodeIgniter\CodeIgniter->handleRequest(NULL, Object(Config\Cache), false)
#3 C:\xampp\htdocs\ADS_Page_Project\public\index.php(44): CodeIgniter\CodeIgniter->run()
#4 {main}
CRITICAL - 2021-03-31 16:18:22 --> Call to a member function close() on null
#0 C:\xampp\htdocs\ADS_Page_Project\system\CodeIgniter.php(936): App\Controllers\News->index()
#1 C:\xampp\htdocs\ADS_Page_Project\system\CodeIgniter.php(432): CodeIgniter\CodeIgniter->runController(Object(App\Controllers\News))
#2 C:\xampp\htdocs\ADS_Page_Project\system\CodeIgniter.php(333): CodeIgniter\CodeIgniter->handleRequest(NULL, Object(Config\Cache), false)
#3 C:\xampp\htdocs\ADS_Page_Project\public\index.php(44): CodeIgniter\CodeIgniter->run()
#4 {main}
CRITICAL - 2021-03-31 16:19:13 --> Call to a member function close() on null
#0 C:\xampp\htdocs\ADS_Page_Project\system\CodeIgniter.php(936): App\Controllers\News->index()
#1 C:\xampp\htdocs\ADS_Page_Project\system\CodeIgniter.php(432): CodeIgniter\CodeIgniter->runController(Object(App\Controllers\News))
#2 C:\xampp\htdocs\ADS_Page_Project\system\CodeIgniter.php(333): CodeIgniter\CodeIgniter->handleRequest(NULL, Object(Config\Cache), false)
#3 C:\xampp\htdocs\ADS_Page_Project\public\index.php(44): CodeIgniter\CodeIgniter->run()
#4 {main}
CRITICAL - 2021-03-31 16:19:36 --> Call to a member function close() on null
#0 C:\xampp\htdocs\ADS_Page_Project\system\CodeIgniter.php(936): App\Controllers\News->index()
#1 C:\xampp\htdocs\ADS_Page_Project\system\CodeIgniter.php(432): CodeIgniter\CodeIgniter->runController(Object(App\Controllers\News))
#2 C:\xampp\htdocs\ADS_Page_Project\system\CodeIgniter.php(333): CodeIgniter\CodeIgniter->handleRequest(NULL, Object(Config\Cache), false)
#3 C:\xampp\htdocs\ADS_Page_Project\public\index.php(44): CodeIgniter\CodeIgniter->run()
#4 {main}
CRITICAL - 2021-03-31 16:20:03 --> Call to a member function close() on null
#0 C:\xampp\htdocs\ADS_Page_Project\system\CodeIgniter.php(936): App\Controllers\News->index()
#1 C:\xampp\htdocs\ADS_Page_Project\system\CodeIgniter.php(432): CodeIgniter\CodeIgniter->runController(Object(App\Controllers\News))
#2 C:\xampp\htdocs\ADS_Page_Project\system\CodeIgniter.php(333): CodeIgniter\CodeIgniter->handleRequest(NULL, Object(Config\Cache), false)
#3 C:\xampp\htdocs\ADS_Page_Project\public\index.php(44): CodeIgniter\CodeIgniter->run()
#4 {main}
CRITICAL - 2021-03-31 16:20:45 --> Call to a member function close() on null
#0 C:\xampp\htdocs\ADS_Page_Project\system\CodeIgniter.php(936): App\Controllers\News->index()
#1 C:\xampp\htdocs\ADS_Page_Project\system\CodeIgniter.php(432): CodeIgniter\CodeIgniter->runController(Object(App\Controllers\News))
#2 C:\xampp\htdocs\ADS_Page_Project\system\CodeIgniter.php(333): CodeIgniter\CodeIgniter->handleRequest(NULL, Object(Config\Cache), false)
#3 C:\xampp\htdocs\ADS_Page_Project\public\index.php(44): CodeIgniter\CodeIgniter->run()
#4 {main}
CRITICAL - 2021-03-31 16:21:43 --> Call to a member function close() on null
#0 C:\xampp\htdocs\ADS_Page_Project\system\CodeIgniter.php(936): App\Controllers\News->index()
#1 C:\xampp\htdocs\ADS_Page_Project\system\CodeIgniter.php(432): CodeIgniter\CodeIgniter->runController(Object(App\Controllers\News))
#2 C:\xampp\htdocs\ADS_Page_Project\system\CodeIgniter.php(333): CodeIgniter\CodeIgniter->handleRequest(NULL, Object(Config\Cache), false)
#3 C:\xampp\htdocs\ADS_Page_Project\public\index.php(44): CodeIgniter\CodeIgniter->run()
#4 {main}
CRITICAL - 2021-03-31 16:21:44 --> Call to a member function close() on null
#0 C:\xampp\htdocs\ADS_Page_Project\system\CodeIgniter.php(936): App\Controllers\News->index()
#1 C:\xampp\htdocs\ADS_Page_Project\system\CodeIgniter.php(432): CodeIgniter\CodeIgniter->runController(Object(App\Controllers\News))
#2 C:\xampp\htdocs\ADS_Page_Project\system\CodeIgniter.php(333): CodeIgniter\CodeIgniter->handleRequest(NULL, Object(Config\Cache), false)
#3 C:\xampp\htdocs\ADS_Page_Project\public\index.php(44): CodeIgniter\CodeIgniter->run()
#4 {main}
CRITICAL - 2021-03-31 16:21:55 --> Call to a member function close() on null
#0 C:\xampp\htdocs\ADS_Page_Project\system\CodeIgniter.php(936): App\Controllers\News->index()
#1 C:\xampp\htdocs\ADS_Page_Project\system\CodeIgniter.php(432): CodeIgniter\CodeIgniter->runController(Object(App\Controllers\News))
#2 C:\xampp\htdocs\ADS_Page_Project\system\CodeIgniter.php(333): CodeIgniter\CodeIgniter->handleRequest(NULL, Object(Config\Cache), false)
#3 C:\xampp\htdocs\ADS_Page_Project\public\index.php(44): CodeIgniter\CodeIgniter->run()
#4 {main}
CRITICAL - 2021-03-31 16:21:56 --> Call to a member function close() on null
#0 C:\xampp\htdocs\ADS_Page_Project\system\CodeIgniter.php(936): App\Controllers\News->index()
#1 C:\xampp\htdocs\ADS_Page_Project\system\CodeIgniter.php(432): CodeIgniter\CodeIgniter->runController(Object(App\Controllers\News))
#2 C:\xampp\htdocs\ADS_Page_Project\system\CodeIgniter.php(333): CodeIgniter\CodeIgniter->handleRequest(NULL, Object(Config\Cache), false)
#3 C:\xampp\htdocs\ADS_Page_Project\public\index.php(44): CodeIgniter\CodeIgniter->run()
#4 {main}
CRITICAL - 2021-03-31 16:22:36 --> Call to a member function close() on null
#0 C:\xampp\htdocs\ADS_Page_Project\system\CodeIgniter.php(936): App\Controllers\News->index()
#1 C:\xampp\htdocs\ADS_Page_Project\system\CodeIgniter.php(432): CodeIgniter\CodeIgniter->runController(Object(App\Controllers\News))
#2 C:\xampp\htdocs\ADS_Page_Project\system\CodeIgniter.php(333): CodeIgniter\CodeIgniter->handleRequest(NULL, Object(Config\Cache), false)
#3 C:\xampp\htdocs\ADS_Page_Project\public\index.php(44): CodeIgniter\CodeIgniter->run()
#4 {main}
CRITICAL - 2021-03-31 16:23:45 --> Call to a member function close() on null
#0 C:\xampp\htdocs\ADS_Page_Project\system\CodeIgniter.php(936): App\Controllers\News->index()
#1 C:\xampp\htdocs\ADS_Page_Project\system\CodeIgniter.php(432): CodeIgniter\CodeIgniter->runController(Object(App\Controllers\News))
#2 C:\xampp\htdocs\ADS_Page_Project\system\CodeIgniter.php(333): CodeIgniter\CodeIgniter->handleRequest(NULL, Object(Config\Cache), false)
#3 C:\xampp\htdocs\ADS_Page_Project\public\index.php(44): CodeIgniter\CodeIgniter->run()
#4 {main}
CRITICAL - 2021-03-31 16:25:25 --> Call to a member function close() on null
#0 C:\xampp\htdocs\ADS_Page_Project\system\CodeIgniter.php(936): App\Controllers\News->index()
#1 C:\xampp\htdocs\ADS_Page_Project\system\CodeIgniter.php(432): CodeIgniter\CodeIgniter->runController(Object(App\Controllers\News))
#2 C:\xampp\htdocs\ADS_Page_Project\system\CodeIgniter.php(333): CodeIgniter\CodeIgniter->handleRequest(NULL, Object(Config\Cache), false)
#3 C:\xampp\htdocs\ADS_Page_Project\public\index.php(44): CodeIgniter\CodeIgniter->run()
#4 {main}
CRITICAL - 2021-03-31 16:26:28 --> Call to a member function close() on null
#0 C:\xampp\htdocs\ADS_Page_Project\system\CodeIgniter.php(936): App\Controllers\News->index()
#1 C:\xampp\htdocs\ADS_Page_Project\system\CodeIgniter.php(432): CodeIgniter\CodeIgniter->runController(Object(App\Controllers\News))
#2 C:\xampp\htdocs\ADS_Page_Project\system\CodeIgniter.php(333): CodeIgniter\CodeIgniter->handleRequest(NULL, Object(Config\Cache), false)
#3 C:\xampp\htdocs\ADS_Page_Project\public\index.php(44): CodeIgniter\CodeIgniter->run()
#4 {main}
CRITICAL - 2021-03-31 16:27:37 --> Call to a member function close() on null
#0 C:\xampp\htdocs\ADS_Page_Project\system\CodeIgniter.php(936): App\Controllers\News->index()
#1 C:\xampp\htdocs\ADS_Page_Project\system\CodeIgniter.php(432): CodeIgniter\CodeIgniter->runController(Object(App\Controllers\News))
#2 C:\xampp\htdocs\ADS_Page_Project\system\CodeIgniter.php(333): CodeIgniter\CodeIgniter->handleRequest(NULL, Object(Config\Cache), false)
#3 C:\xampp\htdocs\ADS_Page_Project\public\index.php(44): CodeIgniter\CodeIgniter->run()
#4 {main}
CRITICAL - 2021-03-31 16:28:34 --> Too few arguments to function App\Controllers\News::editar(), 0 passed in C:\xampp\htdocs\ADS_Page_Project\system\CodeIgniter.php on line 936 and exactly 1 expected
#0 C:\xampp\htdocs\ADS_Page_Project\system\CodeIgniter.php(936): App\Controllers\News->editar()
#1 C:\xampp\htdocs\ADS_Page_Project\system\CodeIgniter.php(432): CodeIgniter\CodeIgniter->runController(Object(App\Controllers\News))
#2 C:\xampp\htdocs\ADS_Page_Project\system\CodeIgniter.php(333): CodeIgniter\CodeIgniter->handleRequest(NULL, Object(Config\Cache), false)
#3 C:\xampp\htdocs\ADS_Page_Project\public\index.php(44): CodeIgniter\CodeIgniter->run()
#4 {main}
CRITICAL - 2021-03-31 16:28:46 --> Call to a member function close() on null
#0 C:\xampp\htdocs\ADS_Page_Project\system\CodeIgniter.php(936): App\Controllers\News->index()
#1 C:\xampp\htdocs\ADS_Page_Project\system\CodeIgniter.php(432): CodeIgniter\CodeIgniter->runController(Object(App\Controllers\News))
#2 C:\xampp\htdocs\ADS_Page_Project\system\CodeIgniter.php(333): CodeIgniter\CodeIgniter->handleRequest(NULL, Object(Config\Cache), false)
#3 C:\xampp\htdocs\ADS_Page_Project\public\index.php(44): CodeIgniter\CodeIgniter->run()
#4 {main}
CRITICAL - 2021-03-31 16:29:19 --> Call to a member function close() on null
#0 C:\xampp\htdocs\ADS_Page_Project\system\CodeIgniter.php(936): App\Controllers\News->index()
#1 C:\xampp\htdocs\ADS_Page_Project\system\CodeIgniter.php(432): CodeIgniter\CodeIgniter->runController(Object(App\Controllers\News))
#2 C:\xampp\htdocs\ADS_Page_Project\system\CodeIgniter.php(333): CodeIgniter\CodeIgniter->handleRequest(NULL, Object(Config\Cache), false)
#3 C:\xampp\htdocs\ADS_Page_Project\public\index.php(44): CodeIgniter\CodeIgniter->run()
#4 {main}
CRITICAL - 2021-03-31 16:29:25 --> Call to a member function close() on null
#0 C:\xampp\htdocs\ADS_Page_Project\system\CodeIgniter.php(936): App\Controllers\News->index()
#1 C:\xampp\htdocs\ADS_Page_Project\system\CodeIgniter.php(432): CodeIgniter\CodeIgniter->runController(Object(App\Controllers\News))
#2 C:\xampp\htdocs\ADS_Page_Project\system\CodeIgniter.php(333): CodeIgniter\CodeIgniter->handleRequest(NULL, Object(Config\Cache), false)
#3 C:\xampp\htdocs\ADS_Page_Project\public\index.php(44): CodeIgniter\CodeIgniter->run()
#4 {main}
CRITICAL - 2021-03-31 16:30:57 --> Call to a member function close() on null
#0 C:\xampp\htdocs\ADS_Page_Project\system\CodeIgniter.php(936): App\Controllers\News->index()
#1 C:\xampp\htdocs\ADS_Page_Project\system\CodeIgniter.php(432): CodeIgniter\CodeIgniter->runController(Object(App\Controllers\News))
#2 C:\xampp\htdocs\ADS_Page_Project\system\CodeIgniter.php(333): CodeIgniter\CodeIgniter->handleRequest(NULL, Object(Config\Cache), false)
#3 C:\xampp\htdocs\ADS_Page_Project\public\index.php(44): CodeIgniter\CodeIgniter->run()
#4 {main}
CRITICAL - 2021-03-31 16:31:44 --> Call to a member function close() on null
#0 C:\xampp\htdocs\ADS_Page_Project\system\CodeIgniter.php(936): App\Controllers\News->index()
#1 C:\xampp\htdocs\ADS_Page_Project\system\CodeIgniter.php(432): CodeIgniter\CodeIgniter->runController(Object(App\Controllers\News))
#2 C:\xampp\htdocs\ADS_Page_Project\system\CodeIgniter.php(333): CodeIgniter\CodeIgniter->handleRequest(NULL, Object(Config\Cache), false)
#3 C:\xampp\htdocs\ADS_Page_Project\public\index.php(44): CodeIgniter\CodeIgniter->run()
#4 {main}
CRITICAL - 2021-03-31 16:32:26 --> Call to a member function close() on null
#0 C:\xampp\htdocs\ADS_Page_Project\system\CodeIgniter.php(936): App\Controllers\News->index()
#1 C:\xampp\htdocs\ADS_Page_Project\system\CodeIgniter.php(432): CodeIgniter\CodeIgniter->runController(Object(App\Controllers\News))
#2 C:\xampp\htdocs\ADS_Page_Project\system\CodeIgniter.php(333): CodeIgniter\CodeIgniter->handleRequest(NULL, Object(Config\Cache), false)
#3 C:\xampp\htdocs\ADS_Page_Project\public\index.php(44): CodeIgniter\CodeIgniter->run()
#4 {main}
CRITICAL - 2021-03-31 16:32:43 --> Call to a member function close() on null
#0 C:\xampp\htdocs\ADS_Page_Project\system\CodeIgniter.php(936): App\Controllers\News->index()
#1 C:\xampp\htdocs\ADS_Page_Project\system\CodeIgniter.php(432): CodeIgniter\CodeIgniter->runController(Object(App\Controllers\News))
#2 C:\xampp\htdocs\ADS_Page_Project\system\CodeIgniter.php(333): CodeIgniter\CodeIgniter->handleRequest(NULL, Object(Config\Cache), false)
#3 C:\xampp\htdocs\ADS_Page_Project\public\index.php(44): CodeIgniter\CodeIgniter->run()
#4 {main}
CRITICAL - 2021-03-31 19:33:45 --> Call to a member function close() on null
#0 C:\xampp\htdocs\ADS_Page_Project\system\CodeIgniter.php(936): App\Controllers\News->index()
#1 C:\xampp\htdocs\ADS_Page_Project\system\CodeIgniter.php(432): CodeIgniter\CodeIgniter->runController(Object(App\Controllers\News))
#2 C:\xampp\htdocs\ADS_Page_Project\system\CodeIgniter.php(333): CodeIgniter\CodeIgniter->handleRequest(NULL, Object(Config\Cache), false)
#3 C:\xampp\htdocs\ADS_Page_Project\public\index.php(44): CodeIgniter\CodeIgniter->run()
#4 {main}
CRITICAL - 2021-03-31 19:35:10 --> Call to a member function close() on null
#0 C:\xampp\htdocs\ADS_Page_Project\system\CodeIgniter.php(936): App\Controllers\News->index()
#1 C:\xampp\htdocs\ADS_Page_Project\system\CodeIgniter.php(432): CodeIgniter\CodeIgniter->runController(Object(App\Controllers\News))
#2 C:\xampp\htdocs\ADS_Page_Project\system\CodeIgniter.php(333): CodeIgniter\CodeIgniter->handleRequest(NULL, Object(Config\Cache), false)
#3 C:\xampp\htdocs\ADS_Page_Project\public\index.php(44): CodeIgniter\CodeIgniter->run()
#4 {main}
CRITICAL - 2021-03-31 19:35:22 --> Call to a member function close() on null
#0 C:\xampp\htdocs\ADS_Page_Project\system\CodeIgniter.php(936): App\Controllers\News->index()
#1 C:\xampp\htdocs\ADS_Page_Project\system\CodeIgniter.php(432): CodeIgniter\CodeIgniter->runController(Object(App\Controllers\News))
#2 C:\xampp\htdocs\ADS_Page_Project\system\CodeIgniter.php(333): CodeIgniter\CodeIgniter->handleRequest(NULL, Object(Config\Cache), false)
#3 C:\xampp\htdocs\ADS_Page_Project\public\index.php(44): CodeIgniter\CodeIgniter->run()
#4 {main}
CRITICAL - 2021-03-31 19:39:46 --> Call to a member function close() on null
#0 C:\xampp\htdocs\ADS_Page_Project\system\CodeIgniter.php(936): App\Controllers\News->index()
#1 C:\xampp\htdocs\ADS_Page_Project\system\CodeIgniter.php(432): CodeIgniter\CodeIgniter->runController(Object(App\Controllers\News))
#2 C:\xampp\htdocs\ADS_Page_Project\system\CodeIgniter.php(333): CodeIgniter\CodeIgniter->handleRequest(NULL, Object(Config\Cache), false)
#3 C:\xampp\htdocs\ADS_Page_Project\public\index.php(44): CodeIgniter\CodeIgniter->run()
#4 {main}
CRITICAL - 2021-03-31 19:39:57 --> Call to a member function close() on null
#0 C:\xampp\htdocs\ADS_Page_Project\system\CodeIgniter.php(936): App\Controllers\News->index()
#1 C:\xampp\htdocs\ADS_Page_Project\system\CodeIgniter.php(432): CodeIgniter\CodeIgniter->runController(Object(App\Controllers\News))
#2 C:\xampp\htdocs\ADS_Page_Project\system\CodeIgniter.php(333): CodeIgniter\CodeIgniter->handleRequest(NULL, Object(Config\Cache), false)
#3 C:\xampp\htdocs\ADS_Page_Project\public\index.php(44): CodeIgniter\CodeIgniter->run()
#4 {main}
CRITICAL - 2021-03-31 19:40:00 --> Call to a member function close() on null
#0 C:\xampp\htdocs\ADS_Page_Project\system\CodeIgniter.php(936): App\Controllers\News->index()
#1 C:\xampp\htdocs\ADS_Page_Project\system\CodeIgniter.php(432): CodeIgniter\CodeIgniter->runController(Object(App\Controllers\News))
#2 C:\xampp\htdocs\ADS_Page_Project\system\CodeIgniter.php(333): CodeIgniter\CodeIgniter->handleRequest(NULL, Object(Config\Cache), false)
#3 C:\xampp\htdocs\ADS_Page_Project\public\index.php(44): CodeIgniter\CodeIgniter->run()
#4 {main}
CRITICAL - 2021-03-31 19:40:13 --> Call to a member function close() on null
#0 C:\xampp\htdocs\ADS_Page_Project\system\CodeIgniter.php(936): App\Controllers\News->index()
#1 C:\xampp\htdocs\ADS_Page_Project\system\CodeIgniter.php(432): CodeIgniter\CodeIgniter->runController(Object(App\Controllers\News))
#2 C:\xampp\htdocs\ADS_Page_Project\system\CodeIgniter.php(333): CodeIgniter\CodeIgniter->handleRequest(NULL, Object(Config\Cache), false)
#3 C:\xampp\htdocs\ADS_Page_Project\public\index.php(44): CodeIgniter\CodeIgniter->run()
#4 {main}
CRITICAL - 2021-03-31 19:40:16 --> Call to a member function close() on null
#0 C:\xampp\htdocs\ADS_Page_Project\system\CodeIgniter.php(936): App\Controllers\News->index()
#1 C:\xampp\htdocs\ADS_Page_Project\system\CodeIgniter.php(432): CodeIgniter\CodeIgniter->runController(Object(App\Controllers\News))
#2 C:\xampp\htdocs\ADS_Page_Project\system\CodeIgniter.php(333): CodeIgniter\CodeIgniter->handleRequest(NULL, Object(Config\Cache), false)
#3 C:\xampp\htdocs\ADS_Page_Project\public\index.php(44): CodeIgniter\CodeIgniter->run()
#4 {main}
CRITICAL - 2021-03-31 19:40:17 --> Call to a member function close() on null
#0 C:\xampp\htdocs\ADS_Page_Project\system\CodeIgniter.php(936): App\Controllers\News->index()
#1 C:\xampp\htdocs\ADS_Page_Project\system\CodeIgniter.php(432): CodeIgniter\CodeIgniter->runController(Object(App\Controllers\News))
#2 C:\xampp\htdocs\ADS_Page_Project\system\CodeIgniter.php(333): CodeIgniter\CodeIgniter->handleRequest(NULL, Object(Config\Cache), false)
#3 C:\xampp\htdocs\ADS_Page_Project\public\index.php(44): CodeIgniter\CodeIgniter->run()
#4 {main}
CRITICAL - 2021-03-31 19:40:26 --> Call to a member function close() on null
#0 C:\xampp\htdocs\ADS_Page_Project\system\CodeIgniter.php(936): App\Controllers\News->index()
#1 C:\xampp\htdocs\ADS_Page_Project\system\CodeIgniter.php(432): CodeIgniter\CodeIgniter->runController(Object(App\Controllers\News))
#2 C:\xampp\htdocs\ADS_Page_Project\system\CodeIgniter.php(333): CodeIgniter\CodeIgniter->handleRequest(NULL, Object(Config\Cache), false)
#3 C:\xampp\htdocs\ADS_Page_Project\public\index.php(44): CodeIgniter\CodeIgniter->run()
#4 {main}
CRITICAL - 2021-03-31 20:54:45 --> Call to a member function close() on null
#0 C:\xampp\htdocs\ADS_Page_Project\system\CodeIgniter.php(936): App\Controllers\News->index()
#1 C:\xampp\htdocs\ADS_Page_Project\system\CodeIgniter.php(432): CodeIgniter\CodeIgniter->runController(Object(App\Controllers\News))
#2 C:\xampp\htdocs\ADS_Page_Project\system\CodeIgniter.php(333): CodeIgniter\CodeIgniter->handleRequest(NULL, Object(Config\Cache), false)
#3 C:\xampp\htdocs\ADS_Page_Project\public\index.php(44): CodeIgniter\CodeIgniter->run()
#4 {main}
CRITICAL - 2021-03-31 20:57:08 --> count(): Parameter must be an array or an object that implements Countable
#0 C:\xampp\htdocs\ADS_Page_Project\app\Views\teste.php(132): CodeIgniter\Debug\Exceptions->errorHandler(2, 'count(): Parame...', 'C:\\xampp\\htdocs...', 132, Array)
#1 C:\xampp\htdocs\ADS_Page_Project\system\View\View.php(220): include('C:\\xampp\\htdocs...')
#2 C:\xampp\htdocs\ADS_Page_Project\system\View\View.php(222): CodeIgniter\View\View->CodeIgniter\View\{closure}()
#3 C:\xampp\htdocs\ADS_Page_Project\system\Common.php(1217): CodeIgniter\View\View->render('teste', Array, true)
#4 C:\xampp\htdocs\ADS_Page_Project\app\Controllers\Home.php(7): view('teste')
#5 C:\xampp\htdocs\ADS_Page_Project\system\CodeIgniter.php(936): App\Controllers\Home->index()
#6 C:\xampp\htdocs\ADS_Page_Project\system\CodeIgniter.php(432): CodeIgniter\CodeIgniter->runController(Object(App\Controllers\Home))
#7 C:\xampp\htdocs\ADS_Page_Project\system\CodeIgniter.php(333): CodeIgniter\CodeIgniter->handleRequest(NULL, Object(Config\Cache), false)
#8 C:\xampp\htdocs\ADS_Page_Project\public\index.php(44): CodeIgniter\CodeIgniter->run()
#9 {main}
CRITICAL - 2021-03-31 20:57:19 --> count(): Parameter must be an array or an object that implements Countable
#0 C:\xampp\htdocs\ADS_Page_Project\app\Views\teste.php(132): CodeIgniter\Debug\Exceptions->errorHandler(2, 'count(): Parame...', 'C:\\xampp\\htdocs...', 132, Array)
#1 C:\xampp\htdocs\ADS_Page_Project\system\View\View.php(220): include('C:\\xampp\\htdocs...')
#2 C:\xampp\htdocs\ADS_Page_Project\system\View\View.php(222): CodeIgniter\View\View->CodeIgniter\View\{closure}()
#3 C:\xampp\htdocs\ADS_Page_Project\system\Common.php(1217): CodeIgniter\View\View->render('teste', Array, true)
#4 C:\xampp\htdocs\ADS_Page_Project\app\Controllers\Home.php(7): view('teste')
#5 C:\xampp\htdocs\ADS_Page_Project\system\CodeIgniter.php(936): App\Controllers\Home->index()
#6 C:\xampp\htdocs\ADS_Page_Project\system\CodeIgniter.php(432): CodeIgniter\CodeIgniter->runController(Object(App\Controllers\Home))
#7 C:\xampp\htdocs\ADS_Page_Project\system\CodeIgniter.php(333): CodeIgniter\CodeIgniter->handleRequest(NULL, Object(Config\Cache), false)
#8 C:\xampp\htdocs\ADS_Page_Project\public\index.php(44): CodeIgniter\CodeIgniter->run()
#9 {main}
CRITICAL - 2021-03-31 20:57:37 --> count(): Parameter must be an array or an object that implements Countable
#0 C:\xampp\htdocs\ADS_Page_Project\app\Views\teste.php(132): CodeIgniter\Debug\Exceptions->errorHandler(2, 'count(): Parame...', 'C:\\xampp\\htdocs...', 132, Array)
#1 C:\xampp\htdocs\ADS_Page_Project\system\View\View.php(220): include('C:\\xampp\\htdocs...')
#2 C:\xampp\htdocs\ADS_Page_Project\system\View\View.php(222): CodeIgniter\View\View->CodeIgniter\View\{closure}()
#3 C:\xampp\htdocs\ADS_Page_Project\system\Common.php(1217): CodeIgniter\View\View->render('teste', Array, true)
#4 C:\xampp\htdocs\ADS_Page_Project\app\Controllers\Home.php(7): view('teste')
#5 C:\xampp\htdocs\ADS_Page_Project\system\CodeIgniter.php(936): App\Controllers\Home->index()
#6 C:\xampp\htdocs\ADS_Page_Project\system\CodeIgniter.php(432): CodeIgniter\CodeIgniter->runController(Object(App\Controllers\Home))
#7 C:\xampp\htdocs\ADS_Page_Project\system\CodeIgniter.php(333): CodeIgniter\CodeIgniter->handleRequest(NULL, Object(Config\Cache), false)
#8 C:\xampp\htdocs\ADS_Page_Project\public\index.php(44): CodeIgniter\CodeIgniter->run()
#9 {main}
CRITICAL - 2021-03-31 20:57:37 --> count(): Parameter must be an array or an object that implements Countable
#0 C:\xampp\htdocs\ADS_Page_Project\app\Views\teste.php(132): CodeIgniter\Debug\Exceptions->errorHandler(2, 'count(): Parame...', 'C:\\xampp\\htdocs...', 132, Array)
#1 C:\xampp\htdocs\ADS_Page_Project\system\View\View.php(220): include('C:\\xampp\\htdocs...')
#2 C:\xampp\htdocs\ADS_Page_Project\system\View\View.php(222): CodeIgniter\View\View->CodeIgniter\View\{closure}()
#3 C:\xampp\htdocs\ADS_Page_Project\system\Common.php(1217): CodeIgniter\View\View->render('teste', Array, true)
#4 C:\xampp\htdocs\ADS_Page_Project\app\Controllers\Home.php(7): view('teste')
#5 C:\xampp\htdocs\ADS_Page_Project\system\CodeIgniter.php(936): App\Controllers\Home->index()
#6 C:\xampp\htdocs\ADS_Page_Project\system\CodeIgniter.php(432): CodeIgniter\CodeIgniter->runController(Object(App\Controllers\Home))
#7 C:\xampp\htdocs\ADS_Page_Project\system\CodeIgniter.php(333): CodeIgniter\CodeIgniter->handleRequest(NULL, Object(Config\Cache), false)
#8 C:\xampp\htdocs\ADS_Page_Project\public\index.php(44): CodeIgniter\CodeIgniter->run()
#9 {main}
CRITICAL - 2021-03-31 20:57:38 --> count(): Parameter must be an array or an object that implements Countable
#0 C:\xampp\htdocs\ADS_Page_Project\app\Views\teste.php(132): CodeIgniter\Debug\Exceptions->errorHandler(2, 'count(): Parame...', 'C:\\xampp\\htdocs...', 132, Array)
#1 C:\xampp\htdocs\ADS_Page_Project\system\View\View.php(220): include('C:\\xampp\\htdocs...')
#2 C:\xampp\htdocs\ADS_Page_Project\system\View\View.php(222): CodeIgniter\View\View->CodeIgniter\View\{closure}()
#3 C:\xampp\htdocs\ADS_Page_Project\system\Common.php(1217): CodeIgniter\View\View->render('teste', Array, true)
#4 C:\xampp\htdocs\ADS_Page_Project\app\Controllers\Home.php(7): view('teste')
#5 C:\xampp\htdocs\ADS_Page_Project\system\CodeIgniter.php(936): App\Controllers\Home->index()
#6 C:\xampp\htdocs\ADS_Page_Project\system\CodeIgniter.php(432): CodeIgniter\CodeIgniter->runController(Object(App\Controllers\Home))
#7 C:\xampp\htdocs\ADS_Page_Project\system\CodeIgniter.php(333): CodeIgniter\CodeIgniter->handleRequest(NULL, Object(Config\Cache), false)
#8 C:\xampp\htdocs\ADS_Page_Project\public\index.php(44): CodeIgniter\CodeIgniter->run()
#9 {main}
CRITICAL - 2021-03-31 20:57:38 --> count(): Parameter must be an array or an object that implements Countable
#0 C:\xampp\htdocs\ADS_Page_Project\app\Views\teste.php(132): CodeIgniter\Debug\Exceptions->errorHandler(2, 'count(): Parame...', 'C:\\xampp\\htdocs...', 132, Array)
#1 C:\xampp\htdocs\ADS_Page_Project\system\View\View.php(220): include('C:\\xampp\\htdocs...')
#2 C:\xampp\htdocs\ADS_Page_Project\system\View\View.php(222): CodeIgniter\View\View->CodeIgniter\View\{closure}()
#3 C:\xampp\htdocs\ADS_Page_Project\system\Common.php(1217): CodeIgniter\View\View->render('teste', Array, true)
#4 C:\xampp\htdocs\ADS_Page_Project\app\Controllers\Home.php(7): view('teste')
#5 C:\xampp\htdocs\ADS_Page_Project\system\CodeIgniter.php(936): App\Controllers\Home->index()
#6 C:\xampp\htdocs\ADS_Page_Project\system\CodeIgniter.php(432): CodeIgniter\CodeIgniter->runController(Object(App\Controllers\Home))
#7 C:\xampp\htdocs\ADS_Page_Project\system\CodeIgniter.php(333): CodeIgniter\CodeIgniter->handleRequest(NULL, Object(Config\Cache), false)
#8 C:\xampp\htdocs\ADS_Page_Project\public\index.php(44): CodeIgniter\CodeIgniter->run()
#9 {main}
CRITICAL - 2021-03-31 20:57:38 --> count(): Parameter must be an array or an object that implements Countable
#0 C:\xampp\htdocs\ADS_Page_Project\app\Views\teste.php(132): CodeIgniter\Debug\Exceptions->errorHandler(2, 'count(): Parame...', 'C:\\xampp\\htdocs...', 132, Array)
#1 C:\xampp\htdocs\ADS_Page_Project\system\View\View.php(220): include('C:\\xampp\\htdocs...')
#2 C:\xampp\htdocs\ADS_Page_Project\system\View\View.php(222): CodeIgniter\View\View->CodeIgniter\View\{closure}()
#3 C:\xampp\htdocs\ADS_Page_Project\system\Common.php(1217): CodeIgniter\View\View->render('teste', Array, true)
#4 C:\xampp\htdocs\ADS_Page_Project\app\Controllers\Home.php(7): view('teste')
#5 C:\xampp\htdocs\ADS_Page_Project\system\CodeIgniter.php(936): App\Controllers\Home->index()
#6 C:\xampp\htdocs\ADS_Page_Project\system\CodeIgniter.php(432): CodeIgniter\CodeIgniter->runController(Object(App\Controllers\Home))
#7 C:\xampp\htdocs\ADS_Page_Project\system\CodeIgniter.php(333): CodeIgniter\CodeIgniter->handleRequest(NULL, Object(Config\Cache), false)
#8 C:\xampp\htdocs\ADS_Page_Project\public\index.php(44): CodeIgniter\CodeIgniter->run()
#9 {main}
CRITICAL - 2021-03-31 20:57:52 --> count(): Parameter must be an array or an object that implements Countable
#0 C:\xampp\htdocs\ADS_Page_Project\app\Views\teste.php(132): CodeIgniter\Debug\Exceptions->errorHandler(2, 'count(): Parame...', 'C:\\xampp\\htdocs...', 132, Array)
#1 C:\xampp\htdocs\ADS_Page_Project\system\View\View.php(220): include('C:\\xampp\\htdocs...')
#2 C:\xampp\htdocs\ADS_Page_Project\system\View\View.php(222): CodeIgniter\View\View->CodeIgniter\View\{closure}()
#3 C:\xampp\htdocs\ADS_Page_Project\system\Common.php(1217): CodeIgniter\View\View->render('teste', Array, true)
#4 C:\xampp\htdocs\ADS_Page_Project\app\Controllers\Home.php(7): view('teste')
#5 C:\xampp\htdocs\ADS_Page_Project\system\CodeIgniter.php(936): App\Controllers\Home->index()
#6 C:\xampp\htdocs\ADS_Page_Project\system\CodeIgniter.php(432): CodeIgniter\CodeIgniter->runController(Object(App\Controllers\Home))
#7 C:\xampp\htdocs\ADS_Page_Project\system\CodeIgniter.php(333): CodeIgniter\CodeIgniter->handleRequest(NULL, Object(Config\Cache), false)
#8 C:\xampp\htdocs\ADS_Page_Project\public\index.php(44): CodeIgniter\CodeIgniter->run()
#9 {main}
CRITICAL - 2021-03-31 20:57:53 --> count(): Parameter must be an array or an object that implements Countable
#0 C:\xampp\htdocs\ADS_Page_Project\app\Views\teste.php(132): CodeIgniter\Debug\Exceptions->errorHandler(2, 'count(): Parame...', 'C:\\xampp\\htdocs...', 132, Array)
#1 C:\xampp\htdocs\ADS_Page_Project\system\View\View.php(220): include('C:\\xampp\\htdocs...')
#2 C:\xampp\htdocs\ADS_Page_Project\system\View\View.php(222): CodeIgniter\View\View->CodeIgniter\View\{closure}()
#3 C:\xampp\htdocs\ADS_Page_Project\system\Common.php(1217): CodeIgniter\View\View->render('teste', Array, true)
#4 C:\xampp\htdocs\ADS_Page_Project\app\Controllers\Home.php(7): view('teste')
#5 C:\xampp\htdocs\ADS_Page_Project\system\CodeIgniter.php(936): App\Controllers\Home->index()
#6 C:\xampp\htdocs\ADS_Page_Project\system\CodeIgniter.php(432): CodeIgniter\CodeIgniter->runController(Object(App\Controllers\Home))
#7 C:\xampp\htdocs\ADS_Page_Project\system\CodeIgniter.php(333): CodeIgniter\CodeIgniter->handleRequest(NULL, Object(Config\Cache), false)
#8 C:\xampp\htdocs\ADS_Page_Project\public\index.php(44): CodeIgniter\CodeIgniter->run()
#9 {main}
CRITICAL - 2021-03-31 20:57:53 --> count(): Parameter must be an array or an object that implements Countable
#0 C:\xampp\htdocs\ADS_Page_Project\app\Views\teste.php(132): CodeIgniter\Debug\Exceptions->errorHandler(2, 'count(): Parame...', 'C:\\xampp\\htdocs...', 132, Array)
#1 C:\xampp\htdocs\ADS_Page_Project\system\View\View.php(220): include('C:\\xampp\\htdocs...')
#2 C:\xampp\htdocs\ADS_Page_Project\system\View\View.php(222): CodeIgniter\View\View->CodeIgniter\View\{closure}()
#3 C:\xampp\htdocs\ADS_Page_Project\system\Common.php(1217): CodeIgniter\View\View->render('teste', Array, true)
#4 C:\xampp\htdocs\ADS_Page_Project\app\Controllers\Home.php(7): view('teste')
#5 C:\xampp\htdocs\ADS_Page_Project\system\CodeIgniter.php(936): App\Controllers\Home->index()
#6 C:\xampp\htdocs\ADS_Page_Project\system\CodeIgniter.php(432): CodeIgniter\CodeIgniter->runController(Object(App\Controllers\Home))
#7 C:\xampp\htdocs\ADS_Page_Project\system\CodeIgniter.php(333): CodeIgniter\CodeIgniter->handleRequest(NULL, Object(Config\Cache), false)
#8 C:\xampp\htdocs\ADS_Page_Project\public\index.php(44): CodeIgniter\CodeIgniter->run()
#9 {main}
CRITICAL - 2021-03-31 20:57:53 --> count(): Parameter must be an array or an object that implements Countable
#0 C:\xampp\htdocs\ADS_Page_Project\app\Views\teste.php(132): CodeIgniter\Debug\Exceptions->errorHandler(2, 'count(): Parame...', 'C:\\xampp\\htdocs...', 132, Array)
#1 C:\xampp\htdocs\ADS_Page_Project\system\View\View.php(220): include('C:\\xampp\\htdocs...')
#2 C:\xampp\htdocs\ADS_Page_Project\system\View\View.php(222): CodeIgniter\View\View->CodeIgniter\View\{closure}()
#3 C:\xampp\htdocs\ADS_Page_Project\system\Common.php(1217): CodeIgniter\View\View->render('teste', Array, true)
#4 C:\xampp\htdocs\ADS_Page_Project\app\Controllers\Home.php(7): view('teste')
#5 C:\xampp\htdocs\ADS_Page_Project\system\CodeIgniter.php(936): App\Controllers\Home->index()
#6 C:\xampp\htdocs\ADS_Page_Project\system\CodeIgniter.php(432): CodeIgniter\CodeIgniter->runController(Object(App\Controllers\Home))
#7 C:\xampp\htdocs\ADS_Page_Project\system\CodeIgniter.php(333): CodeIgniter\CodeIgniter->handleRequest(NULL, Object(Config\Cache), false)
#8 C:\xampp\htdocs\ADS_Page_Project\public\index.php(44): CodeIgniter\CodeIgniter->run()
#9 {main}
CRITICAL - 2021-03-31 20:57:56 --> count(): Parameter must be an array or an object that implements Countable
#0 C:\xampp\htdocs\ADS_Page_Project\app\Views\teste.php(132): CodeIgniter\Debug\Exceptions->errorHandler(2, 'count(): Parame...', 'C:\\xampp\\htdocs...', 132, Array)
#1 C:\xampp\htdocs\ADS_Page_Project\system\View\View.php(220): include('C:\\xampp\\htdocs...')
#2 C:\xampp\htdocs\ADS_Page_Project\system\View\View.php(222): CodeIgniter\View\View->CodeIgniter\View\{closure}()
#3 C:\xampp\htdocs\ADS_Page_Project\system\Common.php(1217): CodeIgniter\View\View->render('teste', Array, true)
#4 C:\xampp\htdocs\ADS_Page_Project\app\Controllers\Home.php(7): view('teste')
#5 C:\xampp\htdocs\ADS_Page_Project\system\CodeIgniter.php(936): App\Controllers\Home->index()
#6 C:\xampp\htdocs\ADS_Page_Project\system\CodeIgniter.php(432): CodeIgniter\CodeIgniter->runController(Object(App\Controllers\Home))
#7 C:\xampp\htdocs\ADS_Page_Project\system\CodeIgniter.php(333): CodeIgniter\CodeIgniter->handleRequest(NULL, Object(Config\Cache), false)
#8 C:\xampp\htdocs\ADS_Page_Project\public\index.php(44): CodeIgniter\CodeIgniter->run()
#9 {main}
CRITICAL - 2021-03-31 20:58:21 --> count(): Parameter must be an array or an object that implements Countable
#0 C:\xampp\htdocs\ADS_Page_Project\app\Views\teste.php(132): CodeIgniter\Debug\Exceptions->errorHandler(2, 'count(): Parame...', 'C:\\xampp\\htdocs...', 132, Array)
#1 C:\xampp\htdocs\ADS_Page_Project\system\View\View.php(220): include('C:\\xampp\\htdocs...')
#2 C:\xampp\htdocs\ADS_Page_Project\system\View\View.php(222): CodeIgniter\View\View->CodeIgniter\View\{closure}()
#3 C:\xampp\htdocs\ADS_Page_Project\system\Common.php(1217): CodeIgniter\View\View->render('teste', Array, true)
#4 C:\xampp\htdocs\ADS_Page_Project\app\Controllers\Home.php(7): view('teste')
#5 C:\xampp\htdocs\ADS_Page_Project\system\CodeIgniter.php(936): App\Controllers\Home->index()
#6 C:\xampp\htdocs\ADS_Page_Project\system\CodeIgniter.php(432): CodeIgniter\CodeIgniter->runController(Object(App\Controllers\Home))
#7 C:\xampp\htdocs\ADS_Page_Project\system\CodeIgniter.php(333): CodeIgniter\CodeIgniter->handleRequest(NULL, Object(Config\Cache), false)
#8 C:\xampp\htdocs\ADS_Page_Project\public\index.php(44): CodeIgniter\CodeIgniter->run()
#9 {main}
CRITICAL - 2021-03-31 20:58:21 --> count(): Parameter must be an array or an object that implements Countable
#0 C:\xampp\htdocs\ADS_Page_Project\app\Views\teste.php(132): CodeIgniter\Debug\Exceptions->errorHandler(2, 'count(): Parame...', 'C:\\xampp\\htdocs...', 132, Array)
#1 C:\xampp\htdocs\ADS_Page_Project\system\View\View.php(220): include('C:\\xampp\\htdocs...')
#2 C:\xampp\htdocs\ADS_Page_Project\system\View\View.php(222): CodeIgniter\View\View->CodeIgniter\View\{closure}()
#3 C:\xampp\htdocs\ADS_Page_Project\system\Common.php(1217): CodeIgniter\View\View->render('teste', Array, true)
#4 C:\xampp\htdocs\ADS_Page_Project\app\Controllers\Home.php(7): view('teste')
#5 C:\xampp\htdocs\ADS_Page_Project\system\CodeIgniter.php(936): App\Controllers\Home->index()
#6 C:\xampp\htdocs\ADS_Page_Project\system\CodeIgniter.php(432): CodeIgniter\CodeIgniter->runController(Object(App\Controllers\Home))
#7 C:\xampp\htdocs\ADS_Page_Project\system\CodeIgniter.php(333): CodeIgniter\CodeIgniter->handleRequest(NULL, Object(Config\Cache), false)
#8 C:\xampp\htdocs\ADS_Page_Project\public\index.php(44): CodeIgniter\CodeIgniter->run()
#9 {main}
CRITICAL - 2021-03-31 20:58:25 --> Call to a member function close() on null
#0 C:\xampp\htdocs\ADS_Page_Project\system\CodeIgniter.php(936): App\Controllers\News->index()
#1 C:\xampp\htdocs\ADS_Page_Project\system\CodeIgniter.php(432): CodeIgniter\CodeIgniter->runController(Object(App\Controllers\News))
#2 C:\xampp\htdocs\ADS_Page_Project\system\CodeIgniter.php(333): CodeIgniter\CodeIgniter->handleRequest(NULL, Object(Config\Cache), false)
#3 C:\xampp\htdocs\ADS_Page_Project\public\index.php(44): CodeIgniter\CodeIgniter->run()
#4 {main}
CRITICAL - 2021-03-31 20:58:34 --> Call to a member function close() on null
#0 C:\xampp\htdocs\ADS_Page_Project\system\CodeIgniter.php(936): App\Controllers\News->index()
#1 C:\xampp\htdocs\ADS_Page_Project\system\CodeIgniter.php(432): CodeIgniter\CodeIgniter->runController(Object(App\Controllers\News))
#2 C:\xampp\htdocs\ADS_Page_Project\system\CodeIgniter.php(333): CodeIgniter\CodeIgniter->handleRequest(NULL, Object(Config\Cache), false)
#3 C:\xampp\htdocs\ADS_Page_Project\public\index.php(44): CodeIgniter\CodeIgniter->run()
#4 {main}
CRITICAL - 2021-03-31 20:58:37 --> Call to a member function close() on null
#0 C:\xampp\htdocs\ADS_Page_Project\system\CodeIgniter.php(936): App\Controllers\News->index()
#1 C:\xampp\htdocs\ADS_Page_Project\system\CodeIgniter.php(432): CodeIgniter\CodeIgniter->runController(Object(App\Controllers\News))
#2 C:\xampp\htdocs\ADS_Page_Project\system\CodeIgniter.php(333): CodeIgniter\CodeIgniter->handleRequest(NULL, Object(Config\Cache), false)
#3 C:\xampp\htdocs\ADS_Page_Project\public\index.php(44): CodeIgniter\CodeIgniter->run()
#4 {main}
CRITICAL - 2021-03-31 20:58:42 --> Call to a member function close() on null
#0 C:\xampp\htdocs\ADS_Page_Project\system\CodeIgniter.php(936): App\Controllers\News->index()
#1 C:\xampp\htdocs\ADS_Page_Project\system\CodeIgniter.php(432): CodeIgniter\CodeIgniter->runController(Object(App\Controllers\News))
#2 C:\xampp\htdocs\ADS_Page_Project\system\CodeIgniter.php(333): CodeIgniter\CodeIgniter->handleRequest(NULL, Object(Config\Cache), false)
#3 C:\xampp\htdocs\ADS_Page_Project\public\index.php(44): CodeIgniter\CodeIgniter->run()
#4 {main}
CRITICAL - 2021-03-31 20:59:32 --> Call to a member function close() on null
#0 C:\xampp\htdocs\ADS_Page_Project\system\CodeIgniter.php(936): App\Controllers\News->index()
#1 C:\xampp\htdocs\ADS_Page_Project\system\CodeIgniter.php(432): CodeIgniter\CodeIgniter->runController(Object(App\Controllers\News))
#2 C:\xampp\htdocs\ADS_Page_Project\system\CodeIgniter.php(333): CodeIgniter\CodeIgniter->handleRequest(NULL, Object(Config\Cache), false)
#3 C:\xampp\htdocs\ADS_Page_Project\public\index.php(44): CodeIgniter\CodeIgniter->run()
#4 {main}
CRITICAL - 2021-03-31 20:59:33 --> Call to a member function close() on null
#0 C:\xampp\htdocs\ADS_Page_Project\system\CodeIgniter.php(936): App\Controllers\News->index()
#1 C:\xampp\htdocs\ADS_Page_Project\system\CodeIgniter.php(432): CodeIgniter\CodeIgniter->runController(Object(App\Controllers\News))
#2 C:\xampp\htdocs\ADS_Page_Project\system\CodeIgniter.php(333): CodeIgniter\CodeIgniter->handleRequest(NULL, Object(Config\Cache), false)
#3 C:\xampp\htdocs\ADS_Page_Project\public\index.php(44): CodeIgniter\CodeIgniter->run()
#4 {main}
CRITICAL - 2021-03-31 20:59:37 --> Function name must be a string
#0 C:\xampp\htdocs\ADS_Page_Project\system\CodeIgniter.php(936): App\Controllers\News->search()
#1 C:\xampp\htdocs\ADS_Page_Project\system\CodeIgniter.php(432): CodeIgniter\CodeIgniter->runController(Object(App\Controllers\News))
#2 C:\xampp\htdocs\ADS_Page_Project\system\CodeIgniter.php(333): CodeIgniter\CodeIgniter->handleRequest(NULL, Object(Config\Cache), false)
#3 C:\xampp\htdocs\ADS_Page_Project\public\index.php(44): CodeIgniter\CodeIgniter->run()
#4 {main}
CRITICAL - 2021-03-31 21:00:14 --> Call to a member function close() on null
#0 C:\xampp\htdocs\ADS_Page_Project\system\CodeIgniter.php(936): App\Controllers\News->index()
#1 C:\xampp\htdocs\ADS_Page_Project\system\CodeIgniter.php(432): CodeIgniter\CodeIgniter->runController(Object(App\Controllers\News))
#2 C:\xampp\htdocs\ADS_Page_Project\system\CodeIgniter.php(333): CodeIgniter\CodeIgniter->handleRequest(NULL, Object(Config\Cache), false)
#3 C:\xampp\htdocs\ADS_Page_Project\public\index.php(44): CodeIgniter\CodeIgniter->run()
#4 {main}
CRITICAL - 2021-03-31 21:00:16 --> Too few arguments to function App\Controllers\News::search(), 0 passed in C:\xampp\htdocs\ADS_Page_Project\system\CodeIgniter.php on line 936 and exactly 1 expected
#0 C:\xampp\htdocs\ADS_Page_Project\system\CodeIgniter.php(936): App\Controllers\News->search()
#1 C:\xampp\htdocs\ADS_Page_Project\system\CodeIgniter.php(432): CodeIgniter\CodeIgniter->runController(Object(App\Controllers\News))
#2 C:\xampp\htdocs\ADS_Page_Project\system\CodeIgniter.php(333): CodeIgniter\CodeIgniter->handleRequest(NULL, Object(Config\Cache), false)
#3 C:\xampp\htdocs\ADS_Page_Project\public\index.php(44): CodeIgniter\CodeIgniter->run()
#4 {main}
CRITICAL - 2021-03-31 21:01:05 --> Call to a member function close() on null
#0 C:\xampp\htdocs\ADS_Page_Project\system\CodeIgniter.php(936): App\Controllers\News->index()
#1 C:\xampp\htdocs\ADS_Page_Project\system\CodeIgniter.php(432): CodeIgniter\CodeIgniter->runController(Object(App\Controllers\News))
#2 C:\xampp\htdocs\ADS_Page_Project\system\CodeIgniter.php(333): CodeIgniter\CodeIgniter->handleRequest(NULL, Object(Config\Cache), false)
#3 C:\xampp\htdocs\ADS_Page_Project\public\index.php(44): CodeIgniter\CodeIgniter->run()
#4 {main}
CRITICAL - 2021-03-31 21:01:10 --> Too few arguments to function App\Controllers\News::search(), 0 passed in C:\xampp\htdocs\ADS_Page_Project\system\CodeIgniter.php on line 936 and exactly 1 expected
#0 C:\xampp\htdocs\ADS_Page_Project\system\CodeIgniter.php(936): App\Controllers\News->search()
#1 C:\xampp\htdocs\ADS_Page_Project\system\CodeIgniter.php(432): CodeIgniter\CodeIgniter->runController(Object(App\Controllers\News))
#2 C:\xampp\htdocs\ADS_Page_Project\system\CodeIgniter.php(333): CodeIgniter\CodeIgniter->handleRequest(NULL, Object(Config\Cache), false)
#3 C:\xampp\htdocs\ADS_Page_Project\public\index.php(44): CodeIgniter\CodeIgniter->run()
#4 {main}
CRITICAL - 2021-03-31 21:03:28 --> Argument 2 passed to view() must be of the type array, null given, called in C:\xampp\htdocs\ADS_Page_Project\app\Controllers\News.php on line 50
#0 C:\xampp\htdocs\ADS_Page_Project\app\Controllers\News.php(50): view('pesquisa', NULL)
#1 C:\xampp\htdocs\ADS_Page_Project\system\CodeIgniter.php(936): App\Controllers\News->search('os alunos')
#2 C:\xampp\htdocs\ADS_Page_Project\system\CodeIgniter.php(432): CodeIgniter\CodeIgniter->runController(Object(App\Controllers\News))
#3 C:\xampp\htdocs\ADS_Page_Project\system\CodeIgniter.php(333): CodeIgniter\CodeIgniter->handleRequest(NULL, Object(Config\Cache), false)
#4 C:\xampp\htdocs\ADS_Page_Project\public\index.php(44): CodeIgniter\CodeIgniter->run()
#5 {main}
CRITICAL - 2021-03-31 21:03:32 --> Argument 2 passed to view() must be of the type array, null given, called in C:\xampp\htdocs\ADS_Page_Project\app\Controllers\News.php on line 50
#0 C:\xampp\htdocs\ADS_Page_Project\app\Controllers\News.php(50): view('pesquisa', NULL)
#1 C:\xampp\htdocs\ADS_Page_Project\system\CodeIgniter.php(936): App\Controllers\News->search('os')
#2 C:\xampp\htdocs\ADS_Page_Project\system\CodeIgniter.php(432): CodeIgniter\CodeIgniter->runController(Object(App\Controllers\News))
#3 C:\xampp\htdocs\ADS_Page_Project\system\CodeIgniter.php(333): CodeIgniter\CodeIgniter->handleRequest(NULL, Object(Config\Cache), false)
#4 C:\xampp\htdocs\ADS_Page_Project\public\index.php(44): CodeIgniter\CodeIgniter->run()
#5 {main}
CRITICAL - 2021-03-31 21:03:43 --> Call to a member function close() on null
#0 C:\xampp\htdocs\ADS_Page_Project\system\CodeIgniter.php(936): App\Controllers\News->index()
#1 C:\xampp\htdocs\ADS_Page_Project\system\CodeIgniter.php(432): CodeIgniter\CodeIgniter->runController(Object(App\Controllers\News))
#2 C:\xampp\htdocs\ADS_Page_Project\system\CodeIgniter.php(333): CodeIgniter\CodeIgniter->handleRequest(NULL, Object(Config\Cache), false)
#3 C:\xampp\htdocs\ADS_Page_Project\public\index.php(44): CodeIgniter\CodeIgniter->run()
#4 {main}
CRITICAL - 2021-03-31 21:06:26 --> Call to a member function close() on null
#0 C:\xampp\htdocs\ADS_Page_Project\system\CodeIgniter.php(936): App\Controllers\News->index()
#1 C:\xampp\htdocs\ADS_Page_Project\system\CodeIgniter.php(432): CodeIgniter\CodeIgniter->runController(Object(App\Controllers\News))
#2 C:\xampp\htdocs\ADS_Page_Project\system\CodeIgniter.php(333): CodeIgniter\CodeIgniter->handleRequest(NULL, Object(Config\Cache), false)
#3 C:\xampp\htdocs\ADS_Page_Project\public\index.php(44): CodeIgniter\CodeIgniter->run()
#4 {main}
CRITICAL - 2021-03-31 21:08:42 --> Invalid file: pesquisa.php
#0 C:\xampp\htdocs\ADS_Page_Project\system\View\View.php(203): CodeIgniter\Exceptions\FrameworkException::forInvalidFile('pesquisa.php')
#1 C:\xampp\htdocs\ADS_Page_Project\system\Common.php(1217): CodeIgniter\View\View->render('pesquisa', Array, true)
#2 C:\xampp\htdocs\ADS_Page_Project\app\Controllers\News.php(27): view('pesquisa', Array)
#3 C:\xampp\htdocs\ADS_Page_Project\system\CodeIgniter.php(936): App\Controllers\News->index()
#4 C:\xampp\htdocs\ADS_Page_Project\system\CodeIgniter.php(432): CodeIgniter\CodeIgniter->runController(Object(App\Controllers\News))
#5 C:\xampp\htdocs\ADS_Page_Project\system\CodeIgniter.php(333): CodeIgniter\CodeIgniter->handleRequest(NULL, Object(Config\Cache), false)
#6 C:\xampp\htdocs\ADS_Page_Project\public\index.php(44): CodeIgniter\CodeIgniter->run()
#7 {main}
CRITICAL - 2021-03-31 21:09:03 --> Call to a member function close() on null
#0 C:\xampp\htdocs\ADS_Page_Project\system\CodeIgniter.php(936): App\Controllers\News->index()
#1 C:\xampp\htdocs\ADS_Page_Project\system\CodeIgniter.php(432): CodeIgniter\CodeIgniter->runController(Object(App\Controllers\News))
#2 C:\xampp\htdocs\ADS_Page_Project\system\CodeIgniter.php(333): CodeIgniter\CodeIgniter->handleRequest(NULL, Object(Config\Cache), false)
#3 C:\xampp\htdocs\ADS_Page_Project\public\index.php(44): CodeIgniter\CodeIgniter->run()
#4 {main}
CRITICAL - 2021-03-31 21:15:21 --> Call to a member function close() on null
#0 C:\xampp\htdocs\ADS_Page_Project\system\CodeIgniter.php(936): App\Controllers\News->index()
#1 C:\xampp\htdocs\ADS_Page_Project\system\CodeIgniter.php(432): CodeIgniter\CodeIgniter->runController(Object(App\Controllers\News))
#2 C:\xampp\htdocs\ADS_Page_Project\system\CodeIgniter.php(333): CodeIgniter\CodeIgniter->handleRequest(NULL, Object(Config\Cache), false)
#3 C:\xampp\htdocs\ADS_Page_Project\public\index.php(44): CodeIgniter\CodeIgniter->run()
#4 {main}
CRITICAL - 2021-03-31 21:15:24 --> Cannot use object of type stdClass as array
#0 C:\xampp\htdocs\ADS_Page_Project\system\View\View.php(220): include()
#1 C:\xampp\htdocs\ADS_Page_Project\system\View\View.php(222): CodeIgniter\View\View->CodeIgniter\View\{closure}()
#2 C:\xampp\htdocs\ADS_Page_Project\system\Common.php(1217): CodeIgniter\View\View->render('visualizar', Array, true)
#3 C:\xampp\htdocs\ADS_Page_Project\app\Controllers\News.php(132): view('visualizar', Array)
#4 C:\xampp\htdocs\ADS_Page_Project\system\CodeIgniter.php(936): App\Controllers\News->view_new('8')
#5 C:\xampp\htdocs\ADS_Page_Project\system\CodeIgniter.php(432): CodeIgniter\CodeIgniter->runController(Object(App\Controllers\News))
#6 C:\xampp\htdocs\ADS_Page_Project\system\CodeIgniter.php(333): CodeIgniter\CodeIgniter->handleRequest(NULL, Object(Config\Cache), false)
#7 C:\xampp\htdocs\ADS_Page_Project\public\index.php(44): CodeIgniter\CodeIgniter->run()
#8 {main}
CRITICAL - 2021-03-31 21:17:15 --> Cannot use object of type stdClass as array
#0 C:\xampp\htdocs\ADS_Page_Project\system\View\View.php(220): include()
#1 C:\xampp\htdocs\ADS_Page_Project\system\View\View.php(222): CodeIgniter\View\View->CodeIgniter\View\{closure}()
#2 C:\xampp\htdocs\ADS_Page_Project\system\Common.php(1217): CodeIgniter\View\View->render('visualizar', Array, true)
#3 C:\xampp\htdocs\ADS_Page_Project\app\Controllers\News.php(132): view('visualizar', Array)
#4 C:\xampp\htdocs\ADS_Page_Project\system\CodeIgniter.php(936): App\Controllers\News->view_new('8')
#5 C:\xampp\htdocs\ADS_Page_Project\system\CodeIgniter.php(432): CodeIgniter\CodeIgniter->runController(Object(App\Controllers\News))
#6 C:\xampp\htdocs\ADS_Page_Project\system\CodeIgniter.php(333): CodeIgniter\CodeIgniter->handleRequest(NULL, Object(Config\Cache), false)
#7 C:\xampp\htdocs\ADS_Page_Project\public\index.php(44): CodeIgniter\CodeIgniter->run()
#8 {main}
CRITICAL - 2021-03-31 21:17:18 --> Call to a member function close() on null
#0 C:\xampp\htdocs\ADS_Page_Project\system\CodeIgniter.php(936): App\Controllers\News->index()
#1 C:\xampp\htdocs\ADS_Page_Project\system\CodeIgniter.php(432): CodeIgniter\CodeIgniter->runController(Object(App\Controllers\News))
#2 C:\xampp\htdocs\ADS_Page_Project\system\CodeIgniter.php(333): CodeIgniter\CodeIgniter->handleRequest(NULL, Object(Config\Cache), false)
#3 C:\xampp\htdocs\ADS_Page_Project\public\index.php(44): CodeIgniter\CodeIgniter->run()
#4 {main}
CRITICAL - 2021-03-31 21:17:20 --> Cannot use object of type stdClass as array
#0 C:\xampp\htdocs\ADS_Page_Project\system\View\View.php(220): include()
#1 C:\xampp\htdocs\ADS_Page_Project\system\View\View.php(222): CodeIgniter\View\View->CodeIgniter\View\{closure}()
#2 C:\xampp\htdocs\ADS_Page_Project\system\Common.php(1217): CodeIgniter\View\View->render('visualizar', Array, true)
#3 C:\xampp\htdocs\ADS_Page_Project\app\Controllers\News.php(132): view('visualizar', Array)
#4 C:\xampp\htdocs\ADS_Page_Project\system\CodeIgniter.php(936): App\Controllers\News->view_new('8')
#5 C:\xampp\htdocs\ADS_Page_Project\system\CodeIgniter.php(432): CodeIgniter\CodeIgniter->runController(Object(App\Controllers\News))
#6 C:\xampp\htdocs\ADS_Page_Project\system\CodeIgniter.php(333): CodeIgniter\CodeIgniter->handleRequest(NULL, Object(Config\Cache), false)
#7 C:\xampp\htdocs\ADS_Page_Project\public\index.php(44): CodeIgniter\CodeIgniter->run()
#8 {main}
CRITICAL - 2021-03-31 21:18:12 --> Cannot use object of type stdClass as array
#0 C:\xampp\htdocs\ADS_Page_Project\system\View\View.php(220): include()
#1 C:\xampp\htdocs\ADS_Page_Project\system\View\View.php(222): CodeIgniter\View\View->CodeIgniter\View\{closure}()
#2 C:\xampp\htdocs\ADS_Page_Project\system\Common.php(1217): CodeIgniter\View\View->render('visualizar', Array, true)
#3 C:\xampp\htdocs\ADS_Page_Project\app\Controllers\News.php(132): view('visualizar', Array)
#4 C:\xampp\htdocs\ADS_Page_Project\system\CodeIgniter.php(936): App\Controllers\News->view_new('8')
#5 C:\xampp\htdocs\ADS_Page_Project\system\CodeIgniter.php(432): CodeIgniter\CodeIgniter->runController(Object(App\Controllers\News))
#6 C:\xampp\htdocs\ADS_Page_Project\system\CodeIgniter.php(333): CodeIgniter\CodeIgniter->handleRequest(NULL, Object(Config\Cache), false)
#7 C:\xampp\htdocs\ADS_Page_Project\public\index.php(44): CodeIgniter\CodeIgniter->run()
#8 {main}
CRITICAL - 2021-03-31 21:18:18 --> Call to a member function close() on null
#0 C:\xampp\htdocs\ADS_Page_Project\system\CodeIgniter.php(936): App\Controllers\News->index()
#1 C:\xampp\htdocs\ADS_Page_Project\system\CodeIgniter.php(432): CodeIgniter\CodeIgniter->runController(Object(App\Controllers\News))
#2 C:\xampp\htdocs\ADS_Page_Project\system\CodeIgniter.php(333): CodeIgniter\CodeIgniter->handleRequest(NULL, Object(Config\Cache), false)
#3 C:\xampp\htdocs\ADS_Page_Project\public\index.php(44): CodeIgniter\CodeIgniter->run()
#4 {main}
CRITICAL - 2021-03-31 21:18:20 --> Cannot use object of type stdClass as array
#0 C:\xampp\htdocs\ADS_Page_Project\system\View\View.php(220): include()
#1 C:\xampp\htdocs\ADS_Page_Project\system\View\View.php(222): CodeIgniter\View\View->CodeIgniter\View\{closure}()
#2 C:\xampp\htdocs\ADS_Page_Project\system\Common.php(1217): CodeIgniter\View\View->render('visualizar', Array, true)
#3 C:\xampp\htdocs\ADS_Page_Project\app\Controllers\News.php(132): view('visualizar', Array)
#4 C:\xampp\htdocs\ADS_Page_Project\system\CodeIgniter.php(936): App\Controllers\News->view_new('8')
#5 C:\xampp\htdocs\ADS_Page_Project\system\CodeIgniter.php(432): CodeIgniter\CodeIgniter->runController(Object(App\Controllers\News))
#6 C:\xampp\htdocs\ADS_Page_Project\system\CodeIgniter.php(333): CodeIgniter\CodeIgniter->handleRequest(NULL, Object(Config\Cache), false)
#7 C:\xampp\htdocs\ADS_Page_Project\public\index.php(44): CodeIgniter\CodeIgniter->run()
#8 {main}
CRITICAL - 2021-03-31 21:18:24 --> Call to a member function close() on null
#0 C:\xampp\htdocs\ADS_Page_Project\system\CodeIgniter.php(936): App\Controllers\News->index()
#1 C:\xampp\htdocs\ADS_Page_Project\system\CodeIgniter.php(432): CodeIgniter\CodeIgniter->runController(Object(App\Controllers\News))
#2 C:\xampp\htdocs\ADS_Page_Project\system\CodeIgniter.php(333): CodeIgniter\CodeIgniter->handleRequest(NULL, Object(Config\Cache), false)
#3 C:\xampp\htdocs\ADS_Page_Project\public\index.php(44): CodeIgniter\CodeIgniter->run()
#4 {main}
CRITICAL - 2021-03-31 21:18:35 --> Cannot use object of type stdClass as array
#0 C:\xampp\htdocs\ADS_Page_Project\system\View\View.php(220): include()
#1 C:\xampp\htdocs\ADS_Page_Project\system\View\View.php(222): CodeIgniter\View\View->CodeIgniter\View\{closure}()
#2 C:\xampp\htdocs\ADS_Page_Project\system\Common.php(1217): CodeIgniter\View\View->render('visualizar', Array, true)
#3 C:\xampp\htdocs\ADS_Page_Project\app\Controllers\News.php(132): view('visualizar', Array)
#4 C:\xampp\htdocs\ADS_Page_Project\system\CodeIgniter.php(936): App\Controllers\News->view_new('8')
#5 C:\xampp\htdocs\ADS_Page_Project\system\CodeIgniter.php(432): CodeIgniter\CodeIgniter->runController(Object(App\Controllers\News))
#6 C:\xampp\htdocs\ADS_Page_Project\system\CodeIgniter.php(333): CodeIgniter\CodeIgniter->handleRequest(NULL, Object(Config\Cache), false)
#7 C:\xampp\htdocs\ADS_Page_Project\public\index.php(44): CodeIgniter\CodeIgniter->run()
#8 {main}
CRITICAL - 2021-03-31 21:18:36 --> Call to a member function close() on null
#0 C:\xampp\htdocs\ADS_Page_Project\system\CodeIgniter.php(936): App\Controllers\News->index()
#1 C:\xampp\htdocs\ADS_Page_Project\system\CodeIgniter.php(432): CodeIgniter\CodeIgniter->runController(Object(App\Controllers\News))
#2 C:\xampp\htdocs\ADS_Page_Project\system\CodeIgniter.php(333): CodeIgniter\CodeIgniter->handleRequest(NULL, Object(Config\Cache), false)
#3 C:\xampp\htdocs\ADS_Page_Project\public\index.php(44): CodeIgniter\CodeIgniter->run()
#4 {main}
CRITICAL - 2021-03-31 21:20:08 --> Call to a member function close() on null
#0 C:\xampp\htdocs\ADS_Page_Project\system\CodeIgniter.php(936): App\Controllers\News->index()
#1 C:\xampp\htdocs\ADS_Page_Project\system\CodeIgniter.php(432): CodeIgniter\CodeIgniter->runController(Object(App\Controllers\News))
#2 C:\xampp\htdocs\ADS_Page_Project\system\CodeIgniter.php(333): CodeIgniter\CodeIgniter->handleRequest(NULL, Object(Config\Cache), false)
#3 C:\xampp\htdocs\ADS_Page_Project\public\index.php(44): CodeIgniter\CodeIgniter->run()
#4 {main}
CRITICAL - 2021-03-31 21:20:13 --> Cannot use object of type stdClass as array
#0 C:\xampp\htdocs\ADS_Page_Project\system\View\View.php(220): include()
#1 C:\xampp\htdocs\ADS_Page_Project\system\View\View.php(222): CodeIgniter\View\View->CodeIgniter\View\{closure}()
#2 C:\xampp\htdocs\ADS_Page_Project\system\Common.php(1217): CodeIgniter\View\View->render('visualizar', Array, true)
#3 C:\xampp\htdocs\ADS_Page_Project\app\Controllers\News.php(132): view('visualizar', Array)
#4 C:\xampp\htdocs\ADS_Page_Project\system\CodeIgniter.php(936): App\Controllers\News->view_new('8')
#5 C:\xampp\htdocs\ADS_Page_Project\system\CodeIgniter.php(432): CodeIgniter\CodeIgniter->runController(Object(App\Controllers\News))
#6 C:\xampp\htdocs\ADS_Page_Project\system\CodeIgniter.php(333): CodeIgniter\CodeIgniter->handleRequest(NULL, Object(Config\Cache), false)
#7 C:\xampp\htdocs\ADS_Page_Project\public\index.php(44): CodeIgniter\CodeIgniter->run()
#8 {main}
CRITICAL - 2021-03-31 21:21:00 --> Call to a member function close() on null
#0 C:\xampp\htdocs\ADS_Page_Project\system\CodeIgniter.php(936): App\Controllers\News->index()
#1 C:\xampp\htdocs\ADS_Page_Project\system\CodeIgniter.php(432): CodeIgniter\CodeIgniter->runController(Object(App\Controllers\News))
#2 C:\xampp\htdocs\ADS_Page_Project\system\CodeIgniter.php(333): CodeIgniter\CodeIgniter->handleRequest(NULL, Object(Config\Cache), false)
#3 C:\xampp\htdocs\ADS_Page_Project\public\index.php(44): CodeIgniter\CodeIgniter->run()
#4 {main}
CRITICAL - 2021-03-31 21:21:02 --> Cannot use object of type stdClass as array
#0 C:\xampp\htdocs\ADS_Page_Project\system\View\View.php(220): include()
#1 C:\xampp\htdocs\ADS_Page_Project\system\View\View.php(222): CodeIgniter\View\View->CodeIgniter\View\{closure}()
#2 C:\xampp\htdocs\ADS_Page_Project\system\Common.php(1217): CodeIgniter\View\View->render('visualizar', Array, true)
#3 C:\xampp\htdocs\ADS_Page_Project\app\Controllers\News.php(132): view('visualizar', Array)
#4 C:\xampp\htdocs\ADS_Page_Project\system\CodeIgniter.php(936): App\Controllers\News->view_new('8')
#5 C:\xampp\htdocs\ADS_Page_Project\system\CodeIgniter.php(432): CodeIgniter\CodeIgniter->runController(Object(App\Controllers\News))
#6 C:\xampp\htdocs\ADS_Page_Project\system\CodeIgniter.php(333): CodeIgniter\CodeIgniter->handleRequest(NULL, Object(Config\Cache), false)
#7 C:\xampp\htdocs\ADS_Page_Project\public\index.php(44): CodeIgniter\CodeIgniter->run()
#8 {main}
CRITICAL - 2021-03-31 21:21:04 --> Call to a member function close() on null
#0 C:\xampp\htdocs\ADS_Page_Project\system\CodeIgniter.php(936): App\Controllers\News->index()
#1 C:\xampp\htdocs\ADS_Page_Project\system\CodeIgniter.php(432): CodeIgniter\CodeIgniter->runController(Object(App\Controllers\News))
#2 C:\xampp\htdocs\ADS_Page_Project\system\CodeIgniter.php(333): CodeIgniter\CodeIgniter->handleRequest(NULL, Object(Config\Cache), false)
#3 C:\xampp\htdocs\ADS_Page_Project\public\index.php(44): CodeIgniter\CodeIgniter->run()
#4 {main}
CRITICAL - 2021-03-31 21:24:12 --> Call to a member function close() on null
#0 C:\xampp\htdocs\ADS_Page_Project\system\CodeIgniter.php(936): App\Controllers\News->index()
#1 C:\xampp\htdocs\ADS_Page_Project\system\CodeIgniter.php(432): CodeIgniter\CodeIgniter->runController(Object(App\Controllers\News))
#2 C:\xampp\htdocs\ADS_Page_Project\system\CodeIgniter.php(333): CodeIgniter\CodeIgniter->handleRequest(NULL, Object(Config\Cache), false)
#3 C:\xampp\htdocs\ADS_Page_Project\public\index.php(44): CodeIgniter\CodeIgniter->run()
#4 {main}
CRITICAL - 2021-03-31 21:24:15 --> Cannot use object of type stdClass as array
#0 C:\xampp\htdocs\ADS_Page_Project\system\View\View.php(220): include()
#1 C:\xampp\htdocs\ADS_Page_Project\system\View\View.php(222): CodeIgniter\View\View->CodeIgniter\View\{closure}()
#2 C:\xampp\htdocs\ADS_Page_Project\system\Common.php(1217): CodeIgniter\View\View->render('visualizar', Array, true)
#3 C:\xampp\htdocs\ADS_Page_Project\app\Controllers\News.php(132): view('visualizar', Array)
#4 C:\xampp\htdocs\ADS_Page_Project\system\CodeIgniter.php(936): App\Controllers\News->view_new('8')
#5 C:\xampp\htdocs\ADS_Page_Project\system\CodeIgniter.php(432): CodeIgniter\CodeIgniter->runController(Object(App\Controllers\News))
#6 C:\xampp\htdocs\ADS_Page_Project\system\CodeIgniter.php(333): CodeIgniter\CodeIgniter->handleRequest(NULL, Object(Config\Cache), false)
#7 C:\xampp\htdocs\ADS_Page_Project\public\index.php(44): CodeIgniter\CodeIgniter->run()
#8 {main}
CRITICAL - 2021-03-31 21:29:18 --> Call to a member function close() on null
#0 C:\xampp\htdocs\ADS_Page_Project\system\CodeIgniter.php(936): App\Controllers\News->index()
#1 C:\xampp\htdocs\ADS_Page_Project\system\CodeIgniter.php(432): CodeIgniter\CodeIgniter->runController(Object(App\Controllers\News))
#2 C:\xampp\htdocs\ADS_Page_Project\system\CodeIgniter.php(333): CodeIgniter\CodeIgniter->handleRequest(NULL, Object(Config\Cache), false)
#3 C:\xampp\htdocs\ADS_Page_Project\public\index.php(44): CodeIgniter\CodeIgniter->run()
#4 {main}
CRITICAL - 2021-03-31 21:29:20 --> Cannot use object of type stdClass as array
#0 C:\xampp\htdocs\ADS_Page_Project\system\View\View.php(220): include()
#1 C:\xampp\htdocs\ADS_Page_Project\system\View\View.php(222): CodeIgniter\View\View->CodeIgniter\View\{closure}()
#2 C:\xampp\htdocs\ADS_Page_Project\system\Common.php(1217): CodeIgniter\View\View->render('visualizar', Array, true)
#3 C:\xampp\htdocs\ADS_Page_Project\app\Controllers\News.php(148): view('visualizar', Array)
#4 C:\xampp\htdocs\ADS_Page_Project\system\CodeIgniter.php(936): App\Controllers\News->view_new('8')
#5 C:\xampp\htdocs\ADS_Page_Project\system\CodeIgniter.php(432): CodeIgniter\CodeIgniter->runController(Object(App\Controllers\News))
#6 C:\xampp\htdocs\ADS_Page_Project\system\CodeIgniter.php(333): CodeIgniter\CodeIgniter->handleRequest(NULL, Object(Config\Cache), false)
#7 C:\xampp\htdocs\ADS_Page_Project\public\index.php(44): CodeIgniter\CodeIgniter->run()
#8 {main}
CRITICAL - 2021-03-31 21:29:24 --> Cannot use object of type stdClass as array
#0 C:\xampp\htdocs\ADS_Page_Project\system\View\View.php(220): include()
#1 C:\xampp\htdocs\ADS_Page_Project\system\View\View.php(222): CodeIgniter\View\View->CodeIgniter\View\{closure}()
#2 C:\xampp\htdocs\ADS_Page_Project\system\Common.php(1217): CodeIgniter\View\View->render('visualizar', Array, true)
#3 C:\xampp\htdocs\ADS_Page_Project\app\Controllers\News.php(148): view('visualizar', Array)
#4 C:\xampp\htdocs\ADS_Page_Project\system\CodeIgniter.php(936): App\Controllers\News->view_new('8')
#5 C:\xampp\htdocs\ADS_Page_Project\system\CodeIgniter.php(432): CodeIgniter\CodeIgniter->runController(Object(App\Controllers\News))
#6 C:\xampp\htdocs\ADS_Page_Project\system\CodeIgniter.php(333): CodeIgniter\CodeIgniter->handleRequest(NULL, Object(Config\Cache), false)
#7 C:\xampp\htdocs\ADS_Page_Project\public\index.php(44): CodeIgniter\CodeIgniter->run()
#8 {main}
CRITICAL - 2021-03-31 21:30:06 --> Call to a member function close() on null
#0 C:\xampp\htdocs\ADS_Page_Project\system\CodeIgniter.php(936): App\Controllers\News->index()
#1 C:\xampp\htdocs\ADS_Page_Project\system\CodeIgniter.php(432): CodeIgniter\CodeIgniter->runController(Object(App\Controllers\News))
#2 C:\xampp\htdocs\ADS_Page_Project\system\CodeIgniter.php(333): CodeIgniter\CodeIgniter->handleRequest(NULL, Object(Config\Cache), false)
#3 C:\xampp\htdocs\ADS_Page_Project\public\index.php(44): CodeIgniter\CodeIgniter->run()
#4 {main}
CRITICAL - 2021-03-31 21:30:08 --> Cannot use object of type stdClass as array
#0 C:\xampp\htdocs\ADS_Page_Project\system\View\View.php(220): include()
#1 C:\xampp\htdocs\ADS_Page_Project\system\View\View.php(222): CodeIgniter\View\View->CodeIgniter\View\{closure}()
#2 C:\xampp\htdocs\ADS_Page_Project\system\Common.php(1217): CodeIgniter\View\View->render('visualizar', Array, true)
#3 C:\xampp\htdocs\ADS_Page_Project\app\Controllers\News.php(148): view('visualizar', Array)
#4 C:\xampp\htdocs\ADS_Page_Project\system\CodeIgniter.php(936): App\Controllers\News->view_new('8')
#5 C:\xampp\htdocs\ADS_Page_Project\system\CodeIgniter.php(432): CodeIgniter\CodeIgniter->runController(Object(App\Controllers\News))
#6 C:\xampp\htdocs\ADS_Page_Project\system\CodeIgniter.php(333): CodeIgniter\CodeIgniter->handleRequest(NULL, Object(Config\Cache), false)
#7 C:\xampp\htdocs\ADS_Page_Project\public\index.php(44): CodeIgniter\CodeIgniter->run()
#8 {main}
CRITICAL - 2021-03-31 21:31:22 --> Call to a member function close() on null
#0 C:\xampp\htdocs\ADS_Page_Project\system\CodeIgniter.php(936): App\Controllers\News->index()
#1 C:\xampp\htdocs\ADS_Page_Project\system\CodeIgniter.php(432): CodeIgniter\CodeIgniter->runController(Object(App\Controllers\News))
#2 C:\xampp\htdocs\ADS_Page_Project\system\CodeIgniter.php(333): CodeIgniter\CodeIgniter->handleRequest(NULL, Object(Config\Cache), false)
#3 C:\xampp\htdocs\ADS_Page_Project\public\index.php(44): CodeIgniter\CodeIgniter->run()
#4 {main}
CRITICAL - 2021-03-31 21:31:23 --> Cannot use object of type stdClass as array
#0 C:\xampp\htdocs\ADS_Page_Project\system\View\View.php(220): include()
#1 C:\xampp\htdocs\ADS_Page_Project\system\View\View.php(222): CodeIgniter\View\View->CodeIgniter\View\{closure}()
#2 C:\xampp\htdocs\ADS_Page_Project\system\Common.php(1217): CodeIgniter\View\View->render('visualizar', Array, true)
#3 C:\xampp\htdocs\ADS_Page_Project\app\Controllers\News.php(133): view('visualizar', Array)
#4 C:\xampp\htdocs\ADS_Page_Project\system\CodeIgniter.php(936): App\Controllers\News->view_new('8')
#5 C:\xampp\htdocs\ADS_Page_Project\system\CodeIgniter.php(432): CodeIgniter\CodeIgniter->runController(Object(App\Controllers\News))
#6 C:\xampp\htdocs\ADS_Page_Project\system\CodeIgniter.php(333): CodeIgniter\CodeIgniter->handleRequest(NULL, Object(Config\Cache), false)
#7 C:\xampp\htdocs\ADS_Page_Project\public\index.php(44): CodeIgniter\CodeIgniter->run()
#8 {main}
CRITICAL - 2021-03-31 21:31:45 --> Call to a member function close() on null
#0 C:\xampp\htdocs\ADS_Page_Project\system\CodeIgniter.php(936): App\Controllers\News->index()
#1 C:\xampp\htdocs\ADS_Page_Project\system\CodeIgniter.php(432): CodeIgniter\CodeIgniter->runController(Object(App\Controllers\News))
#2 C:\xampp\htdocs\ADS_Page_Project\system\CodeIgniter.php(333): CodeIgniter\CodeIgniter->handleRequest(NULL, Object(Config\Cache), false)
#3 C:\xampp\htdocs\ADS_Page_Project\public\index.php(44): CodeIgniter\CodeIgniter->run()
#4 {main}
